[2025-04-01 21:14:00,590] {taskinstance.py:877} INFO - Dependencies all met for <TaskInstance: brewery_data_pipeline.orchestrate_pipeline 2025-03-31T00:00:00+00:00 [queued]>
[2025-04-01 21:14:00,601] {taskinstance.py:877} INFO - Dependencies all met for <TaskInstance: brewery_data_pipeline.orchestrate_pipeline 2025-03-31T00:00:00+00:00 [queued]>
[2025-04-01 21:14:00,602] {taskinstance.py:1068} INFO - 
--------------------------------------------------------------------------------
[2025-04-01 21:14:00,602] {taskinstance.py:1069} INFO - Starting attempt 1 of 2
[2025-04-01 21:14:00,603] {taskinstance.py:1070} INFO - 
--------------------------------------------------------------------------------
[2025-04-01 21:14:00,615] {taskinstance.py:1089} INFO - Executing <Task(PythonOperator): orchestrate_pipeline> on 2025-03-31T00:00:00+00:00
[2025-04-01 21:14:00,619] {standard_task_runner.py:52} INFO - Started process 56 to run task
[2025-04-01 21:14:00,623] {standard_task_runner.py:76} INFO - Running: ['airflow', 'tasks', 'run', 'brewery_data_pipeline', 'orchestrate_pipeline', '2025-03-31T00:00:00+00:00', '--job-id', '6', '--pool', 'default_pool', '--raw', '--subdir', 'DAGS_FOLDER/DAG_brewery_data_pipeline.py', '--cfg-path', '/tmp/tmpm9q9f6q9', '--error-file', '/tmp/tmptqi2n98x']
[2025-04-01 21:14:00,624] {standard_task_runner.py:77} INFO - Job 6: Subtask orchestrate_pipeline
[2025-04-01 21:14:00,667] {logging_mixin.py:104} INFO - Running <TaskInstance: brewery_data_pipeline.orchestrate_pipeline 2025-03-31T00:00:00+00:00 [running]> on host af27add18135
[2025-04-01 21:14:00,705] {taskinstance.py:1283} INFO - Exporting the following env vars:
AIRFLOW_CTX_DAG_OWNER=airflow
AIRFLOW_CTX_DAG_ID=brewery_data_pipeline
AIRFLOW_CTX_TASK_ID=orchestrate_pipeline
AIRFLOW_CTX_EXECUTION_DATE=2025-03-31T00:00:00+00:00
AIRFLOW_CTX_DAG_RUN_ID=scheduled__2025-03-31T00:00:00+00:00
[2025-04-01 21:14:01,806] {logging_mixin.py:104} INFO - Página 1 carregada...
[2025-04-01 21:14:02,793] {logging_mixin.py:104} INFO - Página 2 carregada...
[2025-04-01 21:14:03,945] {logging_mixin.py:104} INFO - Página 3 carregada...
[2025-04-01 21:14:04,965] {logging_mixin.py:104} INFO - Página 4 carregada...
[2025-04-01 21:14:05,941] {logging_mixin.py:104} INFO - Página 5 carregada...
[2025-04-01 21:14:06,568] {logging_mixin.py:104} INFO - Página 6 carregada...
[2025-04-01 21:14:07,528] {logging_mixin.py:104} INFO - Página 7 carregada...
[2025-04-01 21:14:08,527] {logging_mixin.py:104} INFO - Página 8 carregada...
[2025-04-01 21:14:09,545] {logging_mixin.py:104} INFO - Página 9 carregada...
[2025-04-01 21:14:10,518] {logging_mixin.py:104} INFO - Página 10 carregada...
[2025-04-01 21:14:11,558] {logging_mixin.py:104} INFO - Página 11 carregada...
[2025-04-01 21:14:12,580] {logging_mixin.py:104} INFO - Página 12 carregada...
[2025-04-01 21:14:13,614] {logging_mixin.py:104} INFO - Página 13 carregada...
[2025-04-01 21:14:14,875] {logging_mixin.py:104} INFO - Página 14 carregada...
[2025-04-01 21:14:15,760] {logging_mixin.py:104} INFO - Página 15 carregada...
[2025-04-01 21:14:16,779] {logging_mixin.py:104} INFO - Página 16 carregada...
[2025-04-01 21:14:17,813] {logging_mixin.py:104} INFO - Página 17 carregada...
[2025-04-01 21:14:18,436] {logging_mixin.py:104} INFO - Página 18 carregada...
[2025-04-01 21:14:19,418] {logging_mixin.py:104} INFO - Página 19 carregada...
[2025-04-01 21:14:20,880] {logging_mixin.py:104} INFO - Página 20 carregada...
[2025-04-01 21:14:21,926] {logging_mixin.py:104} INFO - Página 21 carregada...
[2025-04-01 21:14:22,961] {logging_mixin.py:104} INFO - Página 22 carregada...
[2025-04-01 21:14:23,978] {logging_mixin.py:104} INFO - Página 23 carregada...
[2025-04-01 21:14:25,034] {logging_mixin.py:104} INFO - Página 24 carregada...
[2025-04-01 21:14:26,052] {logging_mixin.py:104} INFO - Página 25 carregada...
[2025-04-01 21:14:27,081] {logging_mixin.py:104} INFO - Página 26 carregada...
[2025-04-01 21:14:28,146] {logging_mixin.py:104} INFO - Página 27 carregada...
[2025-04-01 21:14:29,025] {logging_mixin.py:104} INFO - Página 28 carregada...
[2025-04-01 21:14:30,104] {logging_mixin.py:104} INFO - Página 29 carregada...
[2025-04-01 21:14:31,102] {logging_mixin.py:104} INFO - Página 30 carregada...
[2025-04-01 21:14:32,135] {logging_mixin.py:104} INFO - Página 31 carregada...
[2025-04-01 21:14:33,231] {logging_mixin.py:104} INFO - Página 32 carregada...
[2025-04-01 21:14:34,281] {logging_mixin.py:104} INFO - Página 33 carregada...
[2025-04-01 21:14:35,329] {logging_mixin.py:104} INFO - Página 34 carregada...
[2025-04-01 21:14:36,403] {logging_mixin.py:104} INFO - Página 35 carregada...
[2025-04-01 21:14:37,102] {logging_mixin.py:104} INFO - Página 36 carregada...
[2025-04-01 21:14:38,164] {logging_mixin.py:104} INFO - Página 37 carregada...
[2025-04-01 21:14:39,266] {logging_mixin.py:104} INFO - Página 38 carregada...
[2025-04-01 21:14:40,252] {logging_mixin.py:104} INFO - Página 39 carregada...
[2025-04-01 21:14:41,372] {logging_mixin.py:104} INFO - Página 40 carregada...
[2025-04-01 21:14:42,331] {logging_mixin.py:104} INFO - Página 41 carregada...
[2025-04-01 21:14:43,313] {logging_mixin.py:104} INFO - Página 42 carregada...
[2025-04-01 21:14:44,275] {logging_mixin.py:104} INFO - Dados salvos em /opt/airflow/data_lake/bronze_layer.json
[2025-04-01 21:14:44,845] {logging_mixin.py:104} INFO - Camada Silver salva em /opt/airflow/data_lake/silver_layer, particionada por estado_província
[2025-04-01 21:14:46,061] {logging_mixin.py:104} INFO - Camada Gold salva em /opt/airflow/data_lake/gold_layer.parquet
[2025-04-01 21:14:46,062] {python.py:118} INFO - Done. Returned value was: None
[2025-04-01 21:14:46,074] {taskinstance.py:1192} INFO - Marking task as SUCCESS. dag_id=brewery_data_pipeline, task_id=orchestrate_pipeline, execution_date=20250331T000000, start_date=20250401T211400, end_date=20250401T211446
[2025-04-01 21:14:46,112] {taskinstance.py:1246} INFO - 0 downstream tasks scheduled from follow-on schedule check
[2025-04-01 21:14:46,136] {local_task_job.py:146} INFO - Task exited with return code 0
[2025-04-01 21:31:40,275] {taskinstance.py:877} INFO - Dependencies all met for <TaskInstance: brewery_data_pipeline.orchestrate_pipeline 2025-03-31T00:00:00+00:00 [queued]>
[2025-04-01 21:31:40,292] {taskinstance.py:877} INFO - Dependencies all met for <TaskInstance: brewery_data_pipeline.orchestrate_pipeline 2025-03-31T00:00:00+00:00 [queued]>
[2025-04-01 21:31:40,293] {taskinstance.py:1068} INFO - 
--------------------------------------------------------------------------------
[2025-04-01 21:31:40,293] {taskinstance.py:1069} INFO - Starting attempt 1 of 2
[2025-04-01 21:31:40,294] {taskinstance.py:1070} INFO - 
--------------------------------------------------------------------------------
[2025-04-01 21:31:40,302] {taskinstance.py:1089} INFO - Executing <Task(PythonOperator): orchestrate_pipeline> on 2025-03-31T00:00:00+00:00
[2025-04-01 21:31:40,306] {standard_task_runner.py:52} INFO - Started process 58 to run task
[2025-04-01 21:31:40,309] {standard_task_runner.py:76} INFO - Running: ['airflow', 'tasks', 'run', 'brewery_data_pipeline', 'orchestrate_pipeline', '2025-03-31T00:00:00+00:00', '--job-id', '4', '--pool', 'default_pool', '--raw', '--subdir', 'DAGS_FOLDER/DAG_brewery_data_pipeline.py', '--cfg-path', '/tmp/tmpsmzvyxf5', '--error-file', '/tmp/tmp7ign0zvb']
[2025-04-01 21:31:40,309] {standard_task_runner.py:77} INFO - Job 4: Subtask orchestrate_pipeline
[2025-04-01 21:31:40,351] {logging_mixin.py:104} INFO - Running <TaskInstance: brewery_data_pipeline.orchestrate_pipeline 2025-03-31T00:00:00+00:00 [running]> on host 3921e1cf859c
[2025-04-01 21:31:40,384] {taskinstance.py:1283} INFO - Exporting the following env vars:
AIRFLOW_CTX_DAG_OWNER=airflow
AIRFLOW_CTX_DAG_ID=brewery_data_pipeline
AIRFLOW_CTX_TASK_ID=orchestrate_pipeline
AIRFLOW_CTX_EXECUTION_DATE=2025-03-31T00:00:00+00:00
AIRFLOW_CTX_DAG_RUN_ID=scheduled__2025-03-31T00:00:00+00:00
[2025-04-01 21:31:41,584] {logging_mixin.py:104} INFO - Página 1 carregada...
[2025-04-01 21:31:42,567] {logging_mixin.py:104} INFO - Página 2 carregada...
[2025-04-01 21:31:43,667] {logging_mixin.py:104} INFO - Página 3 carregada...
[2025-04-01 21:31:44,729] {logging_mixin.py:104} INFO - Página 4 carregada...
[2025-04-01 21:31:45,784] {logging_mixin.py:104} INFO - Página 5 carregada...
[2025-04-01 21:31:46,499] {logging_mixin.py:104} INFO - Página 6 carregada...
[2025-04-01 21:31:47,480] {logging_mixin.py:104} INFO - Página 7 carregada...
[2025-04-01 21:31:48,419] {logging_mixin.py:104} INFO - Página 8 carregada...
[2025-04-01 21:31:49,408] {logging_mixin.py:104} INFO - Página 9 carregada...
[2025-04-01 21:31:50,368] {logging_mixin.py:104} INFO - Página 10 carregada...
[2025-04-01 21:31:51,346] {logging_mixin.py:104} INFO - Página 11 carregada...
[2025-04-01 21:31:52,320] {logging_mixin.py:104} INFO - Página 12 carregada...
[2025-04-01 21:31:53,320] {logging_mixin.py:104} INFO - Página 13 carregada...
[2025-04-01 21:31:54,634] {logging_mixin.py:104} INFO - Página 14 carregada...
[2025-04-01 21:31:55,497] {logging_mixin.py:104} INFO - Página 15 carregada...
[2025-04-01 21:31:56,571] {logging_mixin.py:104} INFO - Página 16 carregada...
[2025-04-01 21:31:57,562] {logging_mixin.py:104} INFO - Página 17 carregada...
[2025-04-01 21:31:58,204] {logging_mixin.py:104} INFO - Página 18 carregada...
[2025-04-01 21:31:59,210] {logging_mixin.py:104} INFO - Página 19 carregada...
[2025-04-01 21:32:00,452] {logging_mixin.py:104} INFO - Página 20 carregada...
[2025-04-01 21:32:01,523] {logging_mixin.py:104} INFO - Página 21 carregada...
[2025-04-01 21:32:02,563] {logging_mixin.py:104} INFO - Página 22 carregada...
[2025-04-01 21:32:03,550] {logging_mixin.py:104} INFO - Página 23 carregada...
[2025-04-01 21:32:04,522] {logging_mixin.py:104} INFO - Página 24 carregada...
[2025-04-01 21:32:05,494] {logging_mixin.py:104} INFO - Página 25 carregada...
[2025-04-01 21:32:06,531] {logging_mixin.py:104} INFO - Página 26 carregada...
[2025-04-01 21:32:07,579] {logging_mixin.py:104} INFO - Página 27 carregada...
[2025-04-01 21:32:08,473] {logging_mixin.py:104} INFO - Página 28 carregada...
[2025-04-01 21:32:09,507] {logging_mixin.py:104} INFO - Página 29 carregada...
[2025-04-01 21:32:10,509] {logging_mixin.py:104} INFO - Página 30 carregada...
[2025-04-01 21:32:11,520] {logging_mixin.py:104} INFO - Página 31 carregada...
[2025-04-01 21:32:12,556] {logging_mixin.py:104} INFO - Página 32 carregada...
[2025-04-01 21:32:13,658] {logging_mixin.py:104} INFO - Página 33 carregada...
[2025-04-01 21:32:14,737] {logging_mixin.py:104} INFO - Página 34 carregada...
[2025-04-01 21:32:15,762] {logging_mixin.py:104} INFO - Página 35 carregada...
[2025-04-01 21:32:16,381] {logging_mixin.py:104} INFO - Página 36 carregada...
[2025-04-01 21:32:17,386] {logging_mixin.py:104} INFO - Página 37 carregada...
[2025-04-01 21:32:18,442] {logging_mixin.py:104} INFO - Página 38 carregada...
[2025-04-01 21:32:19,416] {logging_mixin.py:104} INFO - Página 39 carregada...
[2025-04-01 21:32:20,419] {logging_mixin.py:104} INFO - Página 40 carregada...
[2025-04-01 21:32:21,618] {logging_mixin.py:104} INFO - Página 41 carregada...
[2025-04-01 21:32:22,623] {logging_mixin.py:104} INFO - Página 42 carregada...
[2025-04-01 21:32:23,662] {logging_mixin.py:104} INFO - Dados salvos em /opt/airflow/data_lake/bronze_layer.json
[2025-04-01 21:32:24,137] {logging_mixin.py:104} INFO - Camada Silver salva em /opt/airflow/data_lake/silver_layer, particionada por estado_província
[2025-04-01 21:32:25,068] {logging_mixin.py:104} INFO - Camada Gold salva em /opt/airflow/data_lake/gold_layer.parquet
[2025-04-01 21:32:25,069] {python.py:118} INFO - Done. Returned value was: None
[2025-04-01 21:32:25,079] {taskinstance.py:1192} INFO - Marking task as SUCCESS. dag_id=brewery_data_pipeline, task_id=orchestrate_pipeline, execution_date=20250331T000000, start_date=20250401T213140, end_date=20250401T213225
[2025-04-01 21:32:25,100] {taskinstance.py:1246} INFO - 0 downstream tasks scheduled from follow-on schedule check
[2025-04-01 21:32:25,143] {local_task_job.py:146} INFO - Task exited with return code 0
[2025-04-01 21:44:11,875] {taskinstance.py:877} INFO - Dependencies all met for <TaskInstance: brewery_data_pipeline.orchestrate_pipeline 2025-03-31T00:00:00+00:00 [queued]>
[2025-04-01 21:44:11,893] {taskinstance.py:877} INFO - Dependencies all met for <TaskInstance: brewery_data_pipeline.orchestrate_pipeline 2025-03-31T00:00:00+00:00 [queued]>
[2025-04-01 21:44:11,894] {taskinstance.py:1068} INFO - 
--------------------------------------------------------------------------------
[2025-04-01 21:44:11,894] {taskinstance.py:1069} INFO - Starting attempt 1 of 2
[2025-04-01 21:44:11,895] {taskinstance.py:1070} INFO - 
--------------------------------------------------------------------------------
[2025-04-01 21:44:11,904] {taskinstance.py:1089} INFO - Executing <Task(PythonOperator): orchestrate_pipeline> on 2025-03-31T00:00:00+00:00
[2025-04-01 21:44:11,909] {standard_task_runner.py:52} INFO - Started process 54 to run task
[2025-04-01 21:44:11,912] {standard_task_runner.py:76} INFO - Running: ['airflow', 'tasks', 'run', 'brewery_data_pipeline', 'orchestrate_pipeline', '2025-03-31T00:00:00+00:00', '--job-id', '3', '--pool', 'default_pool', '--raw', '--subdir', 'DAGS_FOLDER/DAG_brewery_data_pipeline.py', '--cfg-path', '/tmp/tmpijkp2dqk', '--error-file', '/tmp/tmp252e10a2']
[2025-04-01 21:44:11,913] {standard_task_runner.py:77} INFO - Job 3: Subtask orchestrate_pipeline
[2025-04-01 21:44:11,958] {logging_mixin.py:104} INFO - Running <TaskInstance: brewery_data_pipeline.orchestrate_pipeline 2025-03-31T00:00:00+00:00 [running]> on host 5ca3682eda55
[2025-04-01 21:44:11,996] {taskinstance.py:1283} INFO - Exporting the following env vars:
AIRFLOW_CTX_DAG_OWNER=airflow
AIRFLOW_CTX_DAG_ID=brewery_data_pipeline
AIRFLOW_CTX_TASK_ID=orchestrate_pipeline
AIRFLOW_CTX_EXECUTION_DATE=2025-03-31T00:00:00+00:00
AIRFLOW_CTX_DAG_RUN_ID=scheduled__2025-03-31T00:00:00+00:00
[2025-04-01 21:44:12,711] {logging_mixin.py:104} INFO - Página 1 carregada...
[2025-04-01 21:44:13,360] {logging_mixin.py:104} INFO - Página 2 carregada...
[2025-04-01 21:44:14,036] {logging_mixin.py:104} INFO - Página 3 carregada...
[2025-04-01 21:44:14,680] {logging_mixin.py:104} INFO - Página 4 carregada...
[2025-04-01 21:44:15,317] {logging_mixin.py:104} INFO - Página 5 carregada...
[2025-04-01 21:44:15,947] {logging_mixin.py:104} INFO - Página 6 carregada...
[2025-04-01 21:44:16,625] {logging_mixin.py:104} INFO - Página 7 carregada...
[2025-04-01 21:44:17,265] {logging_mixin.py:104} INFO - Página 8 carregada...
[2025-04-01 21:44:17,911] {logging_mixin.py:104} INFO - Página 9 carregada...
[2025-04-01 21:44:18,509] {logging_mixin.py:104} INFO - Página 10 carregada...
[2025-04-01 21:44:19,112] {logging_mixin.py:104} INFO - Página 11 carregada...
[2025-04-01 21:44:19,712] {logging_mixin.py:104} INFO - Página 12 carregada...
[2025-04-01 21:44:20,348] {logging_mixin.py:104} INFO - Página 13 carregada...
[2025-04-01 21:44:21,120] {logging_mixin.py:104} INFO - Página 14 carregada...
[2025-04-01 21:44:21,770] {logging_mixin.py:104} INFO - Página 15 carregada...
[2025-04-01 21:44:22,414] {logging_mixin.py:104} INFO - Página 16 carregada...
[2025-04-01 21:44:23,047] {logging_mixin.py:104} INFO - Página 17 carregada...
[2025-04-01 21:44:23,667] {logging_mixin.py:104} INFO - Página 18 carregada...
[2025-04-01 21:44:24,305] {logging_mixin.py:104} INFO - Página 19 carregada...
[2025-04-01 21:44:25,054] {logging_mixin.py:104} INFO - Página 20 carregada...
[2025-04-01 21:44:25,684] {logging_mixin.py:104} INFO - Página 21 carregada...
[2025-04-01 21:44:26,344] {logging_mixin.py:104} INFO - Página 22 carregada...
[2025-04-01 21:44:26,961] {logging_mixin.py:104} INFO - Página 23 carregada...
[2025-04-01 21:44:27,751] {logging_mixin.py:104} INFO - Página 24 carregada...
[2025-04-01 21:44:28,336] {logging_mixin.py:104} INFO - Página 25 carregada...
[2025-04-01 21:44:28,945] {logging_mixin.py:104} INFO - Página 26 carregada...
[2025-04-01 21:44:29,515] {logging_mixin.py:104} INFO - Página 27 carregada...
[2025-04-01 21:44:30,051] {logging_mixin.py:104} INFO - Página 28 carregada...
[2025-04-01 21:44:30,651] {logging_mixin.py:104} INFO - Página 29 carregada...
[2025-04-01 21:44:31,264] {logging_mixin.py:104} INFO - Página 30 carregada...
[2025-04-01 21:44:31,877] {logging_mixin.py:104} INFO - Página 31 carregada...
[2025-04-01 21:44:32,502] {logging_mixin.py:104} INFO - Página 32 carregada...
[2025-04-01 21:44:33,187] {logging_mixin.py:104} INFO - Página 33 carregada...
[2025-04-01 21:44:33,927] {logging_mixin.py:104} INFO - Página 34 carregada...
[2025-04-01 21:44:34,566] {logging_mixin.py:104} INFO - Página 35 carregada...
[2025-04-01 21:44:35,176] {logging_mixin.py:104} INFO - Página 36 carregada...
[2025-04-01 21:44:35,780] {logging_mixin.py:104} INFO - Página 37 carregada...
[2025-04-01 21:44:36,438] {logging_mixin.py:104} INFO - Página 38 carregada...
[2025-04-01 21:44:37,043] {logging_mixin.py:104} INFO - Página 39 carregada...
[2025-04-01 21:44:37,673] {logging_mixin.py:104} INFO - Página 40 carregada...
[2025-04-01 21:44:38,280] {logging_mixin.py:104} INFO - Página 41 carregada...
[2025-04-01 21:44:38,868] {logging_mixin.py:104} INFO - Página 42 carregada...
[2025-04-01 21:44:39,735] {logging_mixin.py:104} INFO - Dados salvos em /opt/airflow/data_lake/bronze_layer.json
[2025-04-01 21:44:41,585] {logging_mixin.py:104} INFO - Camada Silver salva em /opt/airflow/data_lake/silver_layer, particionada por estado_província
[2025-04-01 21:44:44,100] {logging_mixin.py:104} INFO - Camada Gold salva em /opt/airflow/data_lake/gold_layer.parquet
[2025-04-01 21:44:44,101] {python.py:118} INFO - Done. Returned value was: None
[2025-04-01 21:44:44,110] {taskinstance.py:1192} INFO - Marking task as SUCCESS. dag_id=brewery_data_pipeline, task_id=orchestrate_pipeline, execution_date=20250331T000000, start_date=20250401T214411, end_date=20250401T214444
[2025-04-01 21:44:44,131] {taskinstance.py:1246} INFO - 0 downstream tasks scheduled from follow-on schedule check
[2025-04-01 21:44:44,146] {local_task_job.py:146} INFO - Task exited with return code 0
[2025-04-01 21:58:27,059] {taskinstance.py:877} INFO - Dependencies all met for <TaskInstance: brewery_data_pipeline.orchestrate_pipeline 2025-03-31T00:00:00+00:00 [queued]>
[2025-04-01 21:58:27,084] {taskinstance.py:877} INFO - Dependencies all met for <TaskInstance: brewery_data_pipeline.orchestrate_pipeline 2025-03-31T00:00:00+00:00 [queued]>
[2025-04-01 21:58:27,085] {taskinstance.py:1068} INFO - 
--------------------------------------------------------------------------------
[2025-04-01 21:58:27,086] {taskinstance.py:1069} INFO - Starting attempt 1 of 2
[2025-04-01 21:58:27,087] {taskinstance.py:1070} INFO - 
--------------------------------------------------------------------------------
[2025-04-01 21:58:27,101] {taskinstance.py:1089} INFO - Executing <Task(PythonOperator): orchestrate_pipeline> on 2025-03-31T00:00:00+00:00
[2025-04-01 21:58:27,106] {standard_task_runner.py:52} INFO - Started process 180 to run task
[2025-04-01 21:58:27,110] {standard_task_runner.py:76} INFO - Running: ['airflow', 'tasks', 'run', 'brewery_data_pipeline', 'orchestrate_pipeline', '2025-03-31T00:00:00+00:00', '--job-id', '4', '--pool', 'default_pool', '--raw', '--subdir', 'DAGS_FOLDER/DAG_brewery_data_pipeline.py', '--cfg-path', '/tmp/tmpztyn_w4n', '--error-file', '/tmp/tmph_aaf5z_']
[2025-04-01 21:58:27,114] {standard_task_runner.py:77} INFO - Job 4: Subtask orchestrate_pipeline
[2025-04-01 21:58:27,161] {logging_mixin.py:104} INFO - Running <TaskInstance: brewery_data_pipeline.orchestrate_pipeline 2025-03-31T00:00:00+00:00 [running]> on host c7648b2a3fb8
[2025-04-01 21:58:27,208] {taskinstance.py:1283} INFO - Exporting the following env vars:
AIRFLOW_CTX_DAG_OWNER=airflow
AIRFLOW_CTX_DAG_ID=brewery_data_pipeline
AIRFLOW_CTX_TASK_ID=orchestrate_pipeline
AIRFLOW_CTX_EXECUTION_DATE=2025-03-31T00:00:00+00:00
AIRFLOW_CTX_DAG_RUN_ID=scheduled__2025-03-31T00:00:00+00:00
[2025-04-01 21:58:28,363] {logging_mixin.py:104} INFO - Página 1 carregada...
[2025-04-01 21:58:29,068] {logging_mixin.py:104} INFO - Página 2 carregada...
[2025-04-01 21:58:30,112] {logging_mixin.py:104} INFO - Página 3 carregada...
[2025-04-01 21:58:31,266] {logging_mixin.py:104} INFO - Página 4 carregada...
[2025-04-01 21:58:47,028] {logging_mixin.py:104} INFO - Página 5 carregada...
[2025-04-01 21:58:48,689] {logging_mixin.py:104} INFO - Página 6 carregada...
[2025-04-01 21:58:49,742] {logging_mixin.py:104} INFO - Página 7 carregada...
[2025-04-01 21:58:51,404] {logging_mixin.py:104} INFO - Página 8 carregada...
[2025-04-01 21:58:52,376] {logging_mixin.py:104} INFO - Página 9 carregada...
[2025-04-01 21:58:52,954] {logging_mixin.py:104} INFO - Página 10 carregada...
[2025-04-01 21:58:53,928] {logging_mixin.py:104} INFO - Página 11 carregada...
[2025-04-01 21:58:55,254] {logging_mixin.py:104} INFO - Página 12 carregada...
[2025-04-01 21:58:56,304] {logging_mixin.py:104} INFO - Página 13 carregada...
[2025-04-01 21:58:57,069] {logging_mixin.py:104} INFO - Página 14 carregada...
[2025-04-01 21:58:57,966] {logging_mixin.py:104} INFO - Página 15 carregada...
[2025-04-01 21:58:58,558] {logging_mixin.py:104} INFO - Página 16 carregada...
[2025-04-01 21:58:59,183] {logging_mixin.py:104} INFO - Página 17 carregada...
[2025-04-01 21:58:59,846] {logging_mixin.py:104} INFO - Página 18 carregada...
[2025-04-01 21:59:00,500] {logging_mixin.py:104} INFO - Página 19 carregada...
[2025-04-01 21:59:01,635] {logging_mixin.py:104} INFO - Página 20 carregada...
[2025-04-01 21:59:02,370] {logging_mixin.py:104} INFO - Página 21 carregada...
[2025-04-01 21:59:03,757] {logging_mixin.py:104} INFO - Página 22 carregada...
[2025-04-01 21:59:04,406] {logging_mixin.py:104} INFO - Página 23 carregada...
[2025-04-01 21:59:05,037] {logging_mixin.py:104} INFO - Página 24 carregada...
[2025-04-01 21:59:05,720] {logging_mixin.py:104} INFO - Página 25 carregada...
[2025-04-01 21:59:06,461] {logging_mixin.py:104} INFO - Página 26 carregada...
[2025-04-01 21:59:07,170] {logging_mixin.py:104} INFO - Página 27 carregada...
[2025-04-01 21:59:07,767] {logging_mixin.py:104} INFO - Página 28 carregada...
[2025-04-01 21:59:10,256] {logging_mixin.py:104} INFO - Página 29 carregada...
[2025-04-01 21:59:10,925] {logging_mixin.py:104} INFO - Página 30 carregada...
[2025-04-01 21:59:11,866] {logging_mixin.py:104} INFO - Página 31 carregada...
[2025-04-01 21:59:12,609] {logging_mixin.py:104} INFO - Página 32 carregada...
[2025-04-01 21:59:14,011] {logging_mixin.py:104} INFO - Página 33 carregada...
[2025-04-01 21:59:14,834] {logging_mixin.py:104} INFO - Página 34 carregada...
[2025-04-01 21:59:22,653] {logging_mixin.py:104} INFO - Página 35 carregada...
[2025-04-01 21:59:23,430] {logging_mixin.py:104} INFO - Página 36 carregada...
[2025-04-01 21:59:25,386] {logging_mixin.py:104} INFO - Página 37 carregada...
[2025-04-01 21:59:26,051] {logging_mixin.py:104} INFO - Página 38 carregada...
[2025-04-01 21:59:26,680] {logging_mixin.py:104} INFO - Página 39 carregada...
[2025-04-01 21:59:27,352] {logging_mixin.py:104} INFO - Página 40 carregada...
[2025-04-01 21:59:27,951] {logging_mixin.py:104} INFO - Página 41 carregada...
[2025-04-01 21:59:28,575] {logging_mixin.py:104} INFO - Página 42 carregada...
[2025-04-01 21:59:29,431] {logging_mixin.py:104} INFO - Dados salvos em /opt/airflow/data_lake/bronze_layer.json
[2025-04-01 21:59:31,399] {logging_mixin.py:104} INFO - Camada Silver salva em /opt/airflow/data_lake/silver_layer, particionada por estado_província
[2025-04-01 21:59:33,662] {logging_mixin.py:104} INFO - Camada Gold salva em /opt/airflow/data_lake/gold_layer.parquet
[2025-04-01 21:59:33,663] {python.py:118} INFO - Done. Returned value was: None
[2025-04-01 21:59:33,673] {taskinstance.py:1192} INFO - Marking task as SUCCESS. dag_id=brewery_data_pipeline, task_id=orchestrate_pipeline, execution_date=20250331T000000, start_date=20250401T215827, end_date=20250401T215933
[2025-04-01 21:59:33,696] {taskinstance.py:1246} INFO - 0 downstream tasks scheduled from follow-on schedule check
[2025-04-01 21:59:33,726] {local_task_job.py:146} INFO - Task exited with return code 0
[2025-04-01 22:01:32,552] {taskinstance.py:877} INFO - Dependencies all met for <TaskInstance: brewery_data_pipeline.orchestrate_pipeline 2025-03-31T00:00:00+00:00 [queued]>
[2025-04-01 22:01:32,564] {taskinstance.py:877} INFO - Dependencies all met for <TaskInstance: brewery_data_pipeline.orchestrate_pipeline 2025-03-31T00:00:00+00:00 [queued]>
[2025-04-01 22:01:32,565] {taskinstance.py:1068} INFO - 
--------------------------------------------------------------------------------
[2025-04-01 22:01:32,566] {taskinstance.py:1069} INFO - Starting attempt 1 of 2
[2025-04-01 22:01:32,566] {taskinstance.py:1070} INFO - 
--------------------------------------------------------------------------------
[2025-04-01 22:01:32,589] {taskinstance.py:1089} INFO - Executing <Task(PythonOperator): orchestrate_pipeline> on 2025-03-31T00:00:00+00:00
[2025-04-01 22:01:32,592] {standard_task_runner.py:52} INFO - Started process 180 to run task
[2025-04-01 22:01:32,596] {standard_task_runner.py:76} INFO - Running: ['airflow', 'tasks', 'run', 'brewery_data_pipeline', 'orchestrate_pipeline', '2025-03-31T00:00:00+00:00', '--job-id', '4', '--pool', 'default_pool', '--raw', '--subdir', 'DAGS_FOLDER/DAG_brewery_data_pipeline.py', '--cfg-path', '/tmp/tmpf9he09uq', '--error-file', '/tmp/tmp5sa3elkk']
[2025-04-01 22:01:32,600] {standard_task_runner.py:77} INFO - Job 4: Subtask orchestrate_pipeline
[2025-04-01 22:01:32,651] {logging_mixin.py:104} INFO - Running <TaskInstance: brewery_data_pipeline.orchestrate_pipeline 2025-03-31T00:00:00+00:00 [running]> on host 89dc4aacb692
[2025-04-01 22:01:32,702] {taskinstance.py:1283} INFO - Exporting the following env vars:
AIRFLOW_CTX_DAG_OWNER=airflow
AIRFLOW_CTX_DAG_ID=brewery_data_pipeline
AIRFLOW_CTX_TASK_ID=orchestrate_pipeline
AIRFLOW_CTX_EXECUTION_DATE=2025-03-31T00:00:00+00:00
AIRFLOW_CTX_DAG_RUN_ID=scheduled__2025-03-31T00:00:00+00:00
[2025-04-01 22:01:33,497] {logging_mixin.py:104} INFO - Página 1 carregada...
[2025-04-01 22:01:34,443] {logging_mixin.py:104} INFO - Página 2 carregada...
[2025-04-01 22:01:35,478] {logging_mixin.py:104} INFO - Página 3 carregada...
[2025-04-01 22:01:36,192] {logging_mixin.py:104} INFO - Página 4 carregada...
[2025-04-01 22:01:36,992] {logging_mixin.py:104} INFO - Página 5 carregada...
[2025-04-01 22:01:38,258] {logging_mixin.py:104} INFO - Página 6 carregada...
[2025-04-01 22:01:39,232] {logging_mixin.py:104} INFO - Página 7 carregada...
[2025-04-01 22:01:40,101] {logging_mixin.py:104} INFO - Página 8 carregada...
[2025-04-01 22:01:44,794] {logging_mixin.py:104} INFO - Página 9 carregada...
[2025-04-01 22:01:45,427] {logging_mixin.py:104} INFO - Página 10 carregada...
[2025-04-01 22:01:46,068] {logging_mixin.py:104} INFO - Página 11 carregada...
[2025-04-01 22:01:46,671] {logging_mixin.py:104} INFO - Página 12 carregada...
[2025-04-01 22:01:47,381] {logging_mixin.py:104} INFO - Página 13 carregada...
[2025-04-01 22:01:49,122] {logging_mixin.py:104} INFO - Página 14 carregada...
[2025-04-01 22:01:49,937] {logging_mixin.py:104} INFO - Página 15 carregada...
[2025-04-01 22:01:50,534] {logging_mixin.py:104} INFO - Página 16 carregada...
[2025-04-01 22:01:51,137] {logging_mixin.py:104} INFO - Página 17 carregada...
[2025-04-01 22:01:52,147] {logging_mixin.py:104} INFO - Página 18 carregada...
[2025-04-01 22:01:52,778] {logging_mixin.py:104} INFO - Página 19 carregada...
[2025-04-01 22:01:53,485] {logging_mixin.py:104} INFO - Página 20 carregada...
[2025-04-01 22:01:54,211] {logging_mixin.py:104} INFO - Página 21 carregada...
[2025-04-01 22:01:54,845] {logging_mixin.py:104} INFO - Página 22 carregada...
[2025-04-01 22:01:55,599] {logging_mixin.py:104} INFO - Página 23 carregada...
[2025-04-01 22:01:56,275] {logging_mixin.py:104} INFO - Página 24 carregada...
[2025-04-01 22:01:57,297] {logging_mixin.py:104} INFO - Página 25 carregada...
[2025-04-01 22:01:57,935] {logging_mixin.py:104} INFO - Página 26 carregada...
[2025-04-01 22:01:58,639] {logging_mixin.py:104} INFO - Página 27 carregada...
[2025-04-01 22:02:00,412] {logging_mixin.py:104} INFO - Página 28 carregada...
[2025-04-01 22:02:01,106] {logging_mixin.py:104} INFO - Página 29 carregada...
[2025-04-01 22:02:01,849] {logging_mixin.py:104} INFO - Página 30 carregada...
[2025-04-01 22:02:02,617] {logging_mixin.py:104} INFO - Página 31 carregada...
[2025-04-01 22:02:03,719] {logging_mixin.py:104} INFO - Página 32 carregada...
[2025-04-01 22:02:04,616] {logging_mixin.py:104} INFO - Página 33 carregada...
[2025-04-01 22:02:05,405] {logging_mixin.py:104} INFO - Página 34 carregada...
[2025-04-01 22:02:06,017] {logging_mixin.py:104} INFO - Página 35 carregada...
[2025-04-01 22:02:07,041] {logging_mixin.py:104} INFO - Página 36 carregada...
[2025-04-01 22:02:07,938] {logging_mixin.py:104} INFO - Página 37 carregada...
[2025-04-01 22:02:09,071] {logging_mixin.py:104} INFO - Página 38 carregada...
[2025-04-01 22:02:10,397] {logging_mixin.py:104} INFO - Página 39 carregada...
[2025-04-01 22:02:11,667] {logging_mixin.py:104} INFO - Página 40 carregada...
[2025-04-01 22:02:12,522] {logging_mixin.py:104} INFO - Página 41 carregada...
[2025-04-01 22:02:13,441] {logging_mixin.py:104} INFO - Página 42 carregada...
[2025-04-01 22:02:14,407] {logging_mixin.py:104} INFO - Dados salvos em /opt/airflow/data_lake/bronze_layer.json
[2025-04-01 22:02:16,617] {logging_mixin.py:104} INFO - Camada Silver salva em /opt/airflow/data_lake/silver_layer, particionada por estado_província
[2025-04-01 22:02:19,533] {logging_mixin.py:104} INFO - Camada Gold salva em /opt/airflow/data_lake/gold_layer.parquet
[2025-04-01 22:02:19,534] {python.py:118} INFO - Done. Returned value was: None
[2025-04-01 22:02:19,553] {taskinstance.py:1192} INFO - Marking task as SUCCESS. dag_id=brewery_data_pipeline, task_id=orchestrate_pipeline, execution_date=20250331T000000, start_date=20250401T220132, end_date=20250401T220219
[2025-04-01 22:02:19,582] {taskinstance.py:1246} INFO - 0 downstream tasks scheduled from follow-on schedule check
[2025-04-01 22:02:19,631] {local_task_job.py:146} INFO - Task exited with return code 0
