[2025-04-01 19:07:04,217] {scheduler_job.py:182} INFO - Started process (PID=52) to work on /home/airflow/.local/lib/python3.6/site-packages/airflow/example_dags/example_xcom.py
[2025-04-01 19:07:04,220] {scheduler_job.py:629} INFO - Processing file /home/airflow/.local/lib/python3.6/site-packages/airflow/example_dags/example_xcom.py for tasks to queue
[2025-04-01 19:07:04,226] {logging_mixin.py:104} INFO - [2025-04-01 19:07:04,225] {dagbag.py:451} INFO - Filling up the DagBag from /home/airflow/.local/lib/python3.6/site-packages/airflow/example_dags/example_xcom.py
[2025-04-01 19:07:04,245] {scheduler_job.py:639} INFO - DAG(s) dict_keys(['example_xcom']) retrieved from /home/airflow/.local/lib/python3.6/site-packages/airflow/example_dags/example_xcom.py
[2025-04-01 19:07:04,289] {logging_mixin.py:104} INFO - [2025-04-01 19:07:04,288] {dag.py:1824} INFO - Sync 1 DAGs
[2025-04-01 19:07:04,323] {logging_mixin.py:104} INFO - [2025-04-01 19:07:04,323] {dag.py:1843} INFO - Creating ORM DAG for example_xcom
[2025-04-01 19:07:04,334] {logging_mixin.py:104} INFO - [2025-04-01 19:07:04,334] {dag.py:2280} INFO - Setting next_dagrun for example_xcom to 2025-03-30 00:00:00+00:00
[2025-04-01 19:07:04,362] {scheduler_job.py:190} INFO - Processing /home/airflow/.local/lib/python3.6/site-packages/airflow/example_dags/example_xcom.py took 0.153 seconds
[2025-04-01 19:07:35,086] {scheduler_job.py:182} INFO - Started process (PID=76) to work on /home/airflow/.local/lib/python3.6/site-packages/airflow/example_dags/example_xcom.py
[2025-04-01 19:07:35,088] {scheduler_job.py:629} INFO - Processing file /home/airflow/.local/lib/python3.6/site-packages/airflow/example_dags/example_xcom.py for tasks to queue
[2025-04-01 19:07:35,090] {logging_mixin.py:104} INFO - [2025-04-01 19:07:35,090] {dagbag.py:451} INFO - Filling up the DagBag from /home/airflow/.local/lib/python3.6/site-packages/airflow/example_dags/example_xcom.py
[2025-04-01 19:07:35,103] {scheduler_job.py:639} INFO - DAG(s) dict_keys(['example_xcom']) retrieved from /home/airflow/.local/lib/python3.6/site-packages/airflow/example_dags/example_xcom.py
[2025-04-01 19:07:35,139] {logging_mixin.py:104} INFO - [2025-04-01 19:07:35,139] {dag.py:1824} INFO - Sync 1 DAGs
[2025-04-01 19:07:35,160] {logging_mixin.py:104} INFO - [2025-04-01 19:07:35,160] {dag.py:2280} INFO - Setting next_dagrun for example_xcom to 2025-03-30 00:00:00+00:00
[2025-04-01 19:07:35,175] {scheduler_job.py:190} INFO - Processing /home/airflow/.local/lib/python3.6/site-packages/airflow/example_dags/example_xcom.py took 0.092 seconds
[2025-04-01 19:08:05,784] {scheduler_job.py:182} INFO - Started process (PID=102) to work on /home/airflow/.local/lib/python3.6/site-packages/airflow/example_dags/example_xcom.py
[2025-04-01 19:08:05,786] {scheduler_job.py:629} INFO - Processing file /home/airflow/.local/lib/python3.6/site-packages/airflow/example_dags/example_xcom.py for tasks to queue
[2025-04-01 19:08:05,787] {logging_mixin.py:104} INFO - [2025-04-01 19:08:05,787] {dagbag.py:451} INFO - Filling up the DagBag from /home/airflow/.local/lib/python3.6/site-packages/airflow/example_dags/example_xcom.py
[2025-04-01 19:08:05,799] {scheduler_job.py:639} INFO - DAG(s) dict_keys(['example_xcom']) retrieved from /home/airflow/.local/lib/python3.6/site-packages/airflow/example_dags/example_xcom.py
[2025-04-01 19:08:05,829] {logging_mixin.py:104} INFO - [2025-04-01 19:08:05,829] {dag.py:1824} INFO - Sync 1 DAGs
[2025-04-01 19:08:05,848] {logging_mixin.py:104} INFO - [2025-04-01 19:08:05,847] {dag.py:2280} INFO - Setting next_dagrun for example_xcom to 2025-03-30 00:00:00+00:00
[2025-04-01 19:08:05,861] {scheduler_job.py:190} INFO - Processing /home/airflow/.local/lib/python3.6/site-packages/airflow/example_dags/example_xcom.py took 0.080 seconds
[2025-04-01 19:08:36,399] {scheduler_job.py:182} INFO - Started process (PID=128) to work on /home/airflow/.local/lib/python3.6/site-packages/airflow/example_dags/example_xcom.py
[2025-04-01 19:08:36,401] {scheduler_job.py:629} INFO - Processing file /home/airflow/.local/lib/python3.6/site-packages/airflow/example_dags/example_xcom.py for tasks to queue
[2025-04-01 19:08:36,404] {logging_mixin.py:104} INFO - [2025-04-01 19:08:36,403] {dagbag.py:451} INFO - Filling up the DagBag from /home/airflow/.local/lib/python3.6/site-packages/airflow/example_dags/example_xcom.py
[2025-04-01 19:08:36,415] {scheduler_job.py:639} INFO - DAG(s) dict_keys(['example_xcom']) retrieved from /home/airflow/.local/lib/python3.6/site-packages/airflow/example_dags/example_xcom.py
[2025-04-01 19:08:36,437] {logging_mixin.py:104} INFO - [2025-04-01 19:08:36,437] {dag.py:1824} INFO - Sync 1 DAGs
[2025-04-01 19:08:36,453] {logging_mixin.py:104} INFO - [2025-04-01 19:08:36,453] {dag.py:2280} INFO - Setting next_dagrun for example_xcom to 2025-03-30 00:00:00+00:00
[2025-04-01 19:08:36,469] {scheduler_job.py:190} INFO - Processing /home/airflow/.local/lib/python3.6/site-packages/airflow/example_dags/example_xcom.py took 0.075 seconds
[2025-04-01 19:09:06,982] {scheduler_job.py:182} INFO - Started process (PID=154) to work on /home/airflow/.local/lib/python3.6/site-packages/airflow/example_dags/example_xcom.py
[2025-04-01 19:09:06,983] {scheduler_job.py:629} INFO - Processing file /home/airflow/.local/lib/python3.6/site-packages/airflow/example_dags/example_xcom.py for tasks to queue
[2025-04-01 19:09:06,985] {logging_mixin.py:104} INFO - [2025-04-01 19:09:06,985] {dagbag.py:451} INFO - Filling up the DagBag from /home/airflow/.local/lib/python3.6/site-packages/airflow/example_dags/example_xcom.py
[2025-04-01 19:09:06,995] {scheduler_job.py:639} INFO - DAG(s) dict_keys(['example_xcom']) retrieved from /home/airflow/.local/lib/python3.6/site-packages/airflow/example_dags/example_xcom.py
[2025-04-01 19:09:07,026] {logging_mixin.py:104} INFO - [2025-04-01 19:09:07,026] {dag.py:1824} INFO - Sync 1 DAGs
[2025-04-01 19:09:07,045] {logging_mixin.py:104} INFO - [2025-04-01 19:09:07,044] {dag.py:2280} INFO - Setting next_dagrun for example_xcom to 2025-03-30 00:00:00+00:00
[2025-04-01 19:09:07,058] {scheduler_job.py:190} INFO - Processing /home/airflow/.local/lib/python3.6/site-packages/airflow/example_dags/example_xcom.py took 0.079 seconds
