[2025-04-01 19:07:03,698] {scheduler_job.py:182} INFO - Started process (PID=47) to work on /home/airflow/.local/lib/python3.6/site-packages/airflow/example_dags/example_task_group.py
[2025-04-01 19:07:03,700] {scheduler_job.py:629} INFO - Processing file /home/airflow/.local/lib/python3.6/site-packages/airflow/example_dags/example_task_group.py for tasks to queue
[2025-04-01 19:07:03,701] {logging_mixin.py:104} INFO - [2025-04-01 19:07:03,701] {dagbag.py:451} INFO - Filling up the DagBag from /home/airflow/.local/lib/python3.6/site-packages/airflow/example_dags/example_task_group.py
[2025-04-01 19:07:03,727] {scheduler_job.py:639} INFO - DAG(s) dict_keys(['example_task_group']) retrieved from /home/airflow/.local/lib/python3.6/site-packages/airflow/example_dags/example_task_group.py
[2025-04-01 19:07:03,770] {logging_mixin.py:104} INFO - [2025-04-01 19:07:03,770] {dag.py:1824} INFO - Sync 1 DAGs
[2025-04-01 19:07:03,786] {logging_mixin.py:104} INFO - [2025-04-01 19:07:03,786] {dag.py:1843} INFO - Creating ORM DAG for example_task_group
[2025-04-01 19:07:03,798] {logging_mixin.py:104} INFO - [2025-04-01 19:07:03,798] {dag.py:2280} INFO - Setting next_dagrun for example_task_group to 2025-03-30 00:00:00+00:00
[2025-04-01 19:07:03,827] {scheduler_job.py:190} INFO - Processing /home/airflow/.local/lib/python3.6/site-packages/airflow/example_dags/example_task_group.py took 0.138 seconds
[2025-04-01 19:07:33,898] {scheduler_job.py:182} INFO - Started process (PID=72) to work on /home/airflow/.local/lib/python3.6/site-packages/airflow/example_dags/example_task_group.py
[2025-04-01 19:07:33,901] {scheduler_job.py:629} INFO - Processing file /home/airflow/.local/lib/python3.6/site-packages/airflow/example_dags/example_task_group.py for tasks to queue
[2025-04-01 19:07:33,902] {logging_mixin.py:104} INFO - [2025-04-01 19:07:33,902] {dagbag.py:451} INFO - Filling up the DagBag from /home/airflow/.local/lib/python3.6/site-packages/airflow/example_dags/example_task_group.py
[2025-04-01 19:07:33,913] {scheduler_job.py:639} INFO - DAG(s) dict_keys(['example_task_group']) retrieved from /home/airflow/.local/lib/python3.6/site-packages/airflow/example_dags/example_task_group.py
[2025-04-01 19:07:33,935] {logging_mixin.py:104} INFO - [2025-04-01 19:07:33,935] {dag.py:1824} INFO - Sync 1 DAGs
[2025-04-01 19:07:33,949] {logging_mixin.py:104} INFO - [2025-04-01 19:07:33,949] {dag.py:2280} INFO - Setting next_dagrun for example_task_group to 2025-03-30 00:00:00+00:00
[2025-04-01 19:07:33,961] {scheduler_job.py:190} INFO - Processing /home/airflow/.local/lib/python3.6/site-packages/airflow/example_dags/example_task_group.py took 0.065 seconds
[2025-04-01 19:08:04,630] {scheduler_job.py:182} INFO - Started process (PID=99) to work on /home/airflow/.local/lib/python3.6/site-packages/airflow/example_dags/example_task_group.py
[2025-04-01 19:08:04,632] {scheduler_job.py:629} INFO - Processing file /home/airflow/.local/lib/python3.6/site-packages/airflow/example_dags/example_task_group.py for tasks to queue
[2025-04-01 19:08:04,633] {logging_mixin.py:104} INFO - [2025-04-01 19:08:04,633] {dagbag.py:451} INFO - Filling up the DagBag from /home/airflow/.local/lib/python3.6/site-packages/airflow/example_dags/example_task_group.py
[2025-04-01 19:08:04,644] {scheduler_job.py:639} INFO - DAG(s) dict_keys(['example_task_group']) retrieved from /home/airflow/.local/lib/python3.6/site-packages/airflow/example_dags/example_task_group.py
[2025-04-01 19:08:04,676] {logging_mixin.py:104} INFO - [2025-04-01 19:08:04,675] {dag.py:1824} INFO - Sync 1 DAGs
[2025-04-01 19:08:04,704] {logging_mixin.py:104} INFO - [2025-04-01 19:08:04,703] {dag.py:2280} INFO - Setting next_dagrun for example_task_group to 2025-03-30 00:00:00+00:00
[2025-04-01 19:08:04,716] {scheduler_job.py:190} INFO - Processing /home/airflow/.local/lib/python3.6/site-packages/airflow/example_dags/example_task_group.py took 0.090 seconds
[2025-04-01 19:08:35,214] {scheduler_job.py:182} INFO - Started process (PID=124) to work on /home/airflow/.local/lib/python3.6/site-packages/airflow/example_dags/example_task_group.py
[2025-04-01 19:08:35,216] {scheduler_job.py:629} INFO - Processing file /home/airflow/.local/lib/python3.6/site-packages/airflow/example_dags/example_task_group.py for tasks to queue
[2025-04-01 19:08:35,217] {logging_mixin.py:104} INFO - [2025-04-01 19:08:35,217] {dagbag.py:451} INFO - Filling up the DagBag from /home/airflow/.local/lib/python3.6/site-packages/airflow/example_dags/example_task_group.py
[2025-04-01 19:08:35,227] {scheduler_job.py:639} INFO - DAG(s) dict_keys(['example_task_group']) retrieved from /home/airflow/.local/lib/python3.6/site-packages/airflow/example_dags/example_task_group.py
[2025-04-01 19:08:35,250] {logging_mixin.py:104} INFO - [2025-04-01 19:08:35,249] {dag.py:1824} INFO - Sync 1 DAGs
[2025-04-01 19:08:35,262] {logging_mixin.py:104} INFO - [2025-04-01 19:08:35,262] {dag.py:2280} INFO - Setting next_dagrun for example_task_group to 2025-03-30 00:00:00+00:00
[2025-04-01 19:08:35,272] {scheduler_job.py:190} INFO - Processing /home/airflow/.local/lib/python3.6/site-packages/airflow/example_dags/example_task_group.py took 0.062 seconds
[2025-04-01 19:09:05,774] {scheduler_job.py:182} INFO - Started process (PID=151) to work on /home/airflow/.local/lib/python3.6/site-packages/airflow/example_dags/example_task_group.py
[2025-04-01 19:09:05,775] {scheduler_job.py:629} INFO - Processing file /home/airflow/.local/lib/python3.6/site-packages/airflow/example_dags/example_task_group.py for tasks to queue
[2025-04-01 19:09:05,776] {logging_mixin.py:104} INFO - [2025-04-01 19:09:05,776] {dagbag.py:451} INFO - Filling up the DagBag from /home/airflow/.local/lib/python3.6/site-packages/airflow/example_dags/example_task_group.py
[2025-04-01 19:09:05,789] {scheduler_job.py:639} INFO - DAG(s) dict_keys(['example_task_group']) retrieved from /home/airflow/.local/lib/python3.6/site-packages/airflow/example_dags/example_task_group.py
[2025-04-01 19:09:05,817] {logging_mixin.py:104} INFO - [2025-04-01 19:09:05,817] {dag.py:1824} INFO - Sync 1 DAGs
[2025-04-01 19:09:05,835] {logging_mixin.py:104} INFO - [2025-04-01 19:09:05,835] {dag.py:2280} INFO - Setting next_dagrun for example_task_group to 2025-03-30 00:00:00+00:00
[2025-04-01 19:09:05,849] {scheduler_job.py:190} INFO - Processing /home/airflow/.local/lib/python3.6/site-packages/airflow/example_dags/example_task_group.py took 0.080 seconds
