[2025-04-01 19:07:04,777] {scheduler_job.py:182} INFO - Started process (PID=57) to work on /home/airflow/.local/lib/python3.6/site-packages/airflow/example_dags/example_kubernetes_executor_config.py
[2025-04-01 19:07:04,780] {scheduler_job.py:629} INFO - Processing file /home/airflow/.local/lib/python3.6/site-packages/airflow/example_dags/example_kubernetes_executor_config.py for tasks to queue
[2025-04-01 19:07:04,782] {logging_mixin.py:104} INFO - [2025-04-01 19:07:04,782] {dagbag.py:451} INFO - Filling up the DagBag from /home/airflow/.local/lib/python3.6/site-packages/airflow/example_dags/example_kubernetes_executor_config.py
[2025-04-01 19:07:04,804] {scheduler_job.py:639} INFO - DAG(s) dict_keys(['example_kubernetes_executor_config']) retrieved from /home/airflow/.local/lib/python3.6/site-packages/airflow/example_dags/example_kubernetes_executor_config.py
[2025-04-01 19:07:04,841] {logging_mixin.py:104} INFO - [2025-04-01 19:07:04,841] {dag.py:1824} INFO - Sync 1 DAGs
[2025-04-01 19:07:04,855] {logging_mixin.py:104} INFO - [2025-04-01 19:07:04,855] {dag.py:1843} INFO - Creating ORM DAG for example_kubernetes_executor_config
[2025-04-01 19:07:04,862] {logging_mixin.py:104} INFO - [2025-04-01 19:07:04,862] {dag.py:2280} INFO - Setting next_dagrun for example_kubernetes_executor_config to None
[2025-04-01 19:07:04,883] {scheduler_job.py:190} INFO - Processing /home/airflow/.local/lib/python3.6/site-packages/airflow/example_dags/example_kubernetes_executor_config.py took 0.111 seconds
[2025-04-01 19:07:35,434] {scheduler_job.py:182} INFO - Started process (PID=81) to work on /home/airflow/.local/lib/python3.6/site-packages/airflow/example_dags/example_kubernetes_executor_config.py
[2025-04-01 19:07:35,436] {scheduler_job.py:629} INFO - Processing file /home/airflow/.local/lib/python3.6/site-packages/airflow/example_dags/example_kubernetes_executor_config.py for tasks to queue
[2025-04-01 19:07:35,438] {logging_mixin.py:104} INFO - [2025-04-01 19:07:35,438] {dagbag.py:451} INFO - Filling up the DagBag from /home/airflow/.local/lib/python3.6/site-packages/airflow/example_dags/example_kubernetes_executor_config.py
[2025-04-01 19:07:35,450] {scheduler_job.py:639} INFO - DAG(s) dict_keys(['example_kubernetes_executor_config']) retrieved from /home/airflow/.local/lib/python3.6/site-packages/airflow/example_dags/example_kubernetes_executor_config.py
[2025-04-01 19:07:35,476] {logging_mixin.py:104} INFO - [2025-04-01 19:07:35,475] {dag.py:1824} INFO - Sync 1 DAGs
[2025-04-01 19:07:35,494] {logging_mixin.py:104} INFO - [2025-04-01 19:07:35,494] {dag.py:2280} INFO - Setting next_dagrun for example_kubernetes_executor_config to None
[2025-04-01 19:07:35,508] {scheduler_job.py:190} INFO - Processing /home/airflow/.local/lib/python3.6/site-packages/airflow/example_dags/example_kubernetes_executor_config.py took 0.077 seconds
[2025-04-01 19:08:06,030] {scheduler_job.py:182} INFO - Started process (PID=107) to work on /home/airflow/.local/lib/python3.6/site-packages/airflow/example_dags/example_kubernetes_executor_config.py
[2025-04-01 19:08:06,033] {scheduler_job.py:629} INFO - Processing file /home/airflow/.local/lib/python3.6/site-packages/airflow/example_dags/example_kubernetes_executor_config.py for tasks to queue
[2025-04-01 19:08:06,034] {logging_mixin.py:104} INFO - [2025-04-01 19:08:06,034] {dagbag.py:451} INFO - Filling up the DagBag from /home/airflow/.local/lib/python3.6/site-packages/airflow/example_dags/example_kubernetes_executor_config.py
[2025-04-01 19:08:06,049] {scheduler_job.py:639} INFO - DAG(s) dict_keys(['example_kubernetes_executor_config']) retrieved from /home/airflow/.local/lib/python3.6/site-packages/airflow/example_dags/example_kubernetes_executor_config.py
[2025-04-01 19:08:06,084] {logging_mixin.py:104} INFO - [2025-04-01 19:08:06,084] {dag.py:1824} INFO - Sync 1 DAGs
[2025-04-01 19:08:06,105] {logging_mixin.py:104} INFO - [2025-04-01 19:08:06,105] {dag.py:2280} INFO - Setting next_dagrun for example_kubernetes_executor_config to None
[2025-04-01 19:08:06,125] {scheduler_job.py:190} INFO - Processing /home/airflow/.local/lib/python3.6/site-packages/airflow/example_dags/example_kubernetes_executor_config.py took 0.100 seconds
[2025-04-01 19:08:36,675] {scheduler_job.py:182} INFO - Started process (PID=133) to work on /home/airflow/.local/lib/python3.6/site-packages/airflow/example_dags/example_kubernetes_executor_config.py
[2025-04-01 19:08:36,677] {scheduler_job.py:629} INFO - Processing file /home/airflow/.local/lib/python3.6/site-packages/airflow/example_dags/example_kubernetes_executor_config.py for tasks to queue
[2025-04-01 19:08:36,678] {logging_mixin.py:104} INFO - [2025-04-01 19:08:36,677] {dagbag.py:451} INFO - Filling up the DagBag from /home/airflow/.local/lib/python3.6/site-packages/airflow/example_dags/example_kubernetes_executor_config.py
[2025-04-01 19:08:36,688] {scheduler_job.py:639} INFO - DAG(s) dict_keys(['example_kubernetes_executor_config']) retrieved from /home/airflow/.local/lib/python3.6/site-packages/airflow/example_dags/example_kubernetes_executor_config.py
[2025-04-01 19:08:36,708] {logging_mixin.py:104} INFO - [2025-04-01 19:08:36,708] {dag.py:1824} INFO - Sync 1 DAGs
[2025-04-01 19:08:36,724] {logging_mixin.py:104} INFO - [2025-04-01 19:08:36,724] {dag.py:2280} INFO - Setting next_dagrun for example_kubernetes_executor_config to None
[2025-04-01 19:08:36,734] {scheduler_job.py:190} INFO - Processing /home/airflow/.local/lib/python3.6/site-packages/airflow/example_dags/example_kubernetes_executor_config.py took 0.062 seconds
[2025-04-01 19:09:07,233] {scheduler_job.py:182} INFO - Started process (PID=159) to work on /home/airflow/.local/lib/python3.6/site-packages/airflow/example_dags/example_kubernetes_executor_config.py
[2025-04-01 19:09:07,234] {scheduler_job.py:629} INFO - Processing file /home/airflow/.local/lib/python3.6/site-packages/airflow/example_dags/example_kubernetes_executor_config.py for tasks to queue
[2025-04-01 19:09:07,236] {logging_mixin.py:104} INFO - [2025-04-01 19:09:07,235] {dagbag.py:451} INFO - Filling up the DagBag from /home/airflow/.local/lib/python3.6/site-packages/airflow/example_dags/example_kubernetes_executor_config.py
[2025-04-01 19:09:07,256] {scheduler_job.py:639} INFO - DAG(s) dict_keys(['example_kubernetes_executor_config']) retrieved from /home/airflow/.local/lib/python3.6/site-packages/airflow/example_dags/example_kubernetes_executor_config.py
[2025-04-01 19:09:07,288] {logging_mixin.py:104} INFO - [2025-04-01 19:09:07,288] {dag.py:1824} INFO - Sync 1 DAGs
[2025-04-01 19:09:07,306] {logging_mixin.py:104} INFO - [2025-04-01 19:09:07,305] {dag.py:2280} INFO - Setting next_dagrun for example_kubernetes_executor_config to None
[2025-04-01 19:09:07,320] {scheduler_job.py:190} INFO - Processing /home/airflow/.local/lib/python3.6/site-packages/airflow/example_dags/example_kubernetes_executor_config.py took 0.092 seconds
