[2025-04-01 19:07:04,918] {scheduler_job.py:182} INFO - Started process (PID=59) to work on /home/airflow/.local/lib/python3.6/site-packages/airflow/example_dags/example_latest_only_with_trigger.py
[2025-04-01 19:07:04,920] {scheduler_job.py:629} INFO - Processing file /home/airflow/.local/lib/python3.6/site-packages/airflow/example_dags/example_latest_only_with_trigger.py for tasks to queue
[2025-04-01 19:07:04,922] {logging_mixin.py:104} INFO - [2025-04-01 19:07:04,921] {dagbag.py:451} INFO - Filling up the DagBag from /home/airflow/.local/lib/python3.6/site-packages/airflow/example_dags/example_latest_only_with_trigger.py
[2025-04-01 19:07:04,936] {scheduler_job.py:639} INFO - DAG(s) dict_keys(['latest_only_with_trigger']) retrieved from /home/airflow/.local/lib/python3.6/site-packages/airflow/example_dags/example_latest_only_with_trigger.py
[2025-04-01 19:07:04,966] {logging_mixin.py:104} INFO - [2025-04-01 19:07:04,966] {dag.py:1824} INFO - Sync 1 DAGs
[2025-04-01 19:07:04,976] {logging_mixin.py:104} INFO - [2025-04-01 19:07:04,976] {dag.py:1843} INFO - Creating ORM DAG for latest_only_with_trigger
[2025-04-01 19:07:04,985] {logging_mixin.py:104} INFO - [2025-04-01 19:07:04,985] {dag.py:2280} INFO - Setting next_dagrun for latest_only_with_trigger to 2025-03-30 00:00:00+00:00
[2025-04-01 19:07:05,009] {scheduler_job.py:190} INFO - Processing /home/airflow/.local/lib/python3.6/site-packages/airflow/example_dags/example_latest_only_with_trigger.py took 0.094 seconds
[2025-04-01 19:07:35,539] {scheduler_job.py:182} INFO - Started process (PID=83) to work on /home/airflow/.local/lib/python3.6/site-packages/airflow/example_dags/example_latest_only_with_trigger.py
[2025-04-01 19:07:35,541] {scheduler_job.py:629} INFO - Processing file /home/airflow/.local/lib/python3.6/site-packages/airflow/example_dags/example_latest_only_with_trigger.py for tasks to queue
[2025-04-01 19:07:35,542] {logging_mixin.py:104} INFO - [2025-04-01 19:07:35,542] {dagbag.py:451} INFO - Filling up the DagBag from /home/airflow/.local/lib/python3.6/site-packages/airflow/example_dags/example_latest_only_with_trigger.py
[2025-04-01 19:07:35,554] {scheduler_job.py:639} INFO - DAG(s) dict_keys(['latest_only_with_trigger']) retrieved from /home/airflow/.local/lib/python3.6/site-packages/airflow/example_dags/example_latest_only_with_trigger.py
[2025-04-01 19:07:35,576] {logging_mixin.py:104} INFO - [2025-04-01 19:07:35,576] {dag.py:1824} INFO - Sync 1 DAGs
[2025-04-01 19:07:35,590] {logging_mixin.py:104} INFO - [2025-04-01 19:07:35,590] {dag.py:2280} INFO - Setting next_dagrun for latest_only_with_trigger to 2025-03-30 00:00:00+00:00
[2025-04-01 19:07:35,603] {scheduler_job.py:190} INFO - Processing /home/airflow/.local/lib/python3.6/site-packages/airflow/example_dags/example_latest_only_with_trigger.py took 0.068 seconds
[2025-04-01 19:08:06,158] {scheduler_job.py:182} INFO - Started process (PID=109) to work on /home/airflow/.local/lib/python3.6/site-packages/airflow/example_dags/example_latest_only_with_trigger.py
[2025-04-01 19:08:06,161] {scheduler_job.py:629} INFO - Processing file /home/airflow/.local/lib/python3.6/site-packages/airflow/example_dags/example_latest_only_with_trigger.py for tasks to queue
[2025-04-01 19:08:06,163] {logging_mixin.py:104} INFO - [2025-04-01 19:08:06,163] {dagbag.py:451} INFO - Filling up the DagBag from /home/airflow/.local/lib/python3.6/site-packages/airflow/example_dags/example_latest_only_with_trigger.py
[2025-04-01 19:08:06,175] {scheduler_job.py:639} INFO - DAG(s) dict_keys(['latest_only_with_trigger']) retrieved from /home/airflow/.local/lib/python3.6/site-packages/airflow/example_dags/example_latest_only_with_trigger.py
[2025-04-01 19:08:06,207] {logging_mixin.py:104} INFO - [2025-04-01 19:08:06,206] {dag.py:1824} INFO - Sync 1 DAGs
[2025-04-01 19:08:06,230] {logging_mixin.py:104} INFO - [2025-04-01 19:08:06,229] {dag.py:2280} INFO - Setting next_dagrun for latest_only_with_trigger to 2025-03-30 00:00:00+00:00
[2025-04-01 19:08:06,247] {scheduler_job.py:190} INFO - Processing /home/airflow/.local/lib/python3.6/site-packages/airflow/example_dags/example_latest_only_with_trigger.py took 0.093 seconds
[2025-04-01 19:08:36,765] {scheduler_job.py:182} INFO - Started process (PID=135) to work on /home/airflow/.local/lib/python3.6/site-packages/airflow/example_dags/example_latest_only_with_trigger.py
[2025-04-01 19:08:36,767] {scheduler_job.py:629} INFO - Processing file /home/airflow/.local/lib/python3.6/site-packages/airflow/example_dags/example_latest_only_with_trigger.py for tasks to queue
[2025-04-01 19:08:36,768] {logging_mixin.py:104} INFO - [2025-04-01 19:08:36,767] {dagbag.py:451} INFO - Filling up the DagBag from /home/airflow/.local/lib/python3.6/site-packages/airflow/example_dags/example_latest_only_with_trigger.py
[2025-04-01 19:08:36,778] {scheduler_job.py:639} INFO - DAG(s) dict_keys(['latest_only_with_trigger']) retrieved from /home/airflow/.local/lib/python3.6/site-packages/airflow/example_dags/example_latest_only_with_trigger.py
[2025-04-01 19:08:36,798] {logging_mixin.py:104} INFO - [2025-04-01 19:08:36,798] {dag.py:1824} INFO - Sync 1 DAGs
[2025-04-01 19:08:36,812] {logging_mixin.py:104} INFO - [2025-04-01 19:08:36,812] {dag.py:2280} INFO - Setting next_dagrun for latest_only_with_trigger to 2025-03-30 00:00:00+00:00
[2025-04-01 19:08:36,825] {scheduler_job.py:190} INFO - Processing /home/airflow/.local/lib/python3.6/site-packages/airflow/example_dags/example_latest_only_with_trigger.py took 0.062 seconds
[2025-04-01 19:09:07,348] {scheduler_job.py:182} INFO - Started process (PID=161) to work on /home/airflow/.local/lib/python3.6/site-packages/airflow/example_dags/example_latest_only_with_trigger.py
[2025-04-01 19:09:07,350] {scheduler_job.py:629} INFO - Processing file /home/airflow/.local/lib/python3.6/site-packages/airflow/example_dags/example_latest_only_with_trigger.py for tasks to queue
[2025-04-01 19:09:07,352] {logging_mixin.py:104} INFO - [2025-04-01 19:09:07,352] {dagbag.py:451} INFO - Filling up the DagBag from /home/airflow/.local/lib/python3.6/site-packages/airflow/example_dags/example_latest_only_with_trigger.py
[2025-04-01 19:09:07,367] {scheduler_job.py:639} INFO - DAG(s) dict_keys(['latest_only_with_trigger']) retrieved from /home/airflow/.local/lib/python3.6/site-packages/airflow/example_dags/example_latest_only_with_trigger.py
[2025-04-01 19:09:07,394] {logging_mixin.py:104} INFO - [2025-04-01 19:09:07,394] {dag.py:1824} INFO - Sync 1 DAGs
[2025-04-01 19:09:07,416] {logging_mixin.py:104} INFO - [2025-04-01 19:09:07,416] {dag.py:2280} INFO - Setting next_dagrun for latest_only_with_trigger to 2025-03-30 00:00:00+00:00
[2025-04-01 19:09:07,432] {scheduler_job.py:190} INFO - Processing /home/airflow/.local/lib/python3.6/site-packages/airflow/example_dags/example_latest_only_with_trigger.py took 0.089 seconds
