[2025-04-01 19:07:03,445] {scheduler_job.py:182} INFO - Started process (PID=44) to work on /home/airflow/.local/lib/python3.6/site-packages/airflow/example_dags/example_nested_branch_dag.py
[2025-04-01 19:07:03,448] {scheduler_job.py:629} INFO - Processing file /home/airflow/.local/lib/python3.6/site-packages/airflow/example_dags/example_nested_branch_dag.py for tasks to queue
[2025-04-01 19:07:03,450] {logging_mixin.py:104} INFO - [2025-04-01 19:07:03,450] {dagbag.py:451} INFO - Filling up the DagBag from /home/airflow/.local/lib/python3.6/site-packages/airflow/example_dags/example_nested_branch_dag.py
[2025-04-01 19:07:03,474] {scheduler_job.py:639} INFO - DAG(s) dict_keys(['example_nested_branch_dag']) retrieved from /home/airflow/.local/lib/python3.6/site-packages/airflow/example_dags/example_nested_branch_dag.py
[2025-04-01 19:07:03,525] {logging_mixin.py:104} INFO - [2025-04-01 19:07:03,525] {dag.py:1824} INFO - Sync 1 DAGs
[2025-04-01 19:07:03,547] {logging_mixin.py:104} INFO - [2025-04-01 19:07:03,547] {dag.py:1843} INFO - Creating ORM DAG for example_nested_branch_dag
[2025-04-01 19:07:03,566] {logging_mixin.py:104} INFO - [2025-04-01 19:07:03,565] {dag.py:2280} INFO - Setting next_dagrun for example_nested_branch_dag to 2025-03-30 00:00:00+00:00
[2025-04-01 19:07:03,591] {scheduler_job.py:190} INFO - Processing /home/airflow/.local/lib/python3.6/site-packages/airflow/example_dags/example_nested_branch_dag.py took 0.152 seconds
[2025-04-01 19:07:33,675] {scheduler_job.py:182} INFO - Started process (PID=68) to work on /home/airflow/.local/lib/python3.6/site-packages/airflow/example_dags/example_nested_branch_dag.py
[2025-04-01 19:07:33,678] {scheduler_job.py:629} INFO - Processing file /home/airflow/.local/lib/python3.6/site-packages/airflow/example_dags/example_nested_branch_dag.py for tasks to queue
[2025-04-01 19:07:33,679] {logging_mixin.py:104} INFO - [2025-04-01 19:07:33,679] {dagbag.py:451} INFO - Filling up the DagBag from /home/airflow/.local/lib/python3.6/site-packages/airflow/example_dags/example_nested_branch_dag.py
[2025-04-01 19:07:33,696] {scheduler_job.py:639} INFO - DAG(s) dict_keys(['example_nested_branch_dag']) retrieved from /home/airflow/.local/lib/python3.6/site-packages/airflow/example_dags/example_nested_branch_dag.py
[2025-04-01 19:07:33,726] {logging_mixin.py:104} INFO - [2025-04-01 19:07:33,725] {dag.py:1824} INFO - Sync 1 DAGs
[2025-04-01 19:07:33,756] {logging_mixin.py:104} INFO - [2025-04-01 19:07:33,755] {dag.py:2280} INFO - Setting next_dagrun for example_nested_branch_dag to 2025-03-30 00:00:00+00:00
[2025-04-01 19:07:33,777] {scheduler_job.py:190} INFO - Processing /home/airflow/.local/lib/python3.6/site-packages/airflow/example_dags/example_nested_branch_dag.py took 0.105 seconds
[2025-04-01 19:08:04,306] {scheduler_job.py:182} INFO - Started process (PID=95) to work on /home/airflow/.local/lib/python3.6/site-packages/airflow/example_dags/example_nested_branch_dag.py
[2025-04-01 19:08:04,309] {scheduler_job.py:629} INFO - Processing file /home/airflow/.local/lib/python3.6/site-packages/airflow/example_dags/example_nested_branch_dag.py for tasks to queue
[2025-04-01 19:08:04,312] {logging_mixin.py:104} INFO - [2025-04-01 19:08:04,312] {dagbag.py:451} INFO - Filling up the DagBag from /home/airflow/.local/lib/python3.6/site-packages/airflow/example_dags/example_nested_branch_dag.py
[2025-04-01 19:08:04,344] {scheduler_job.py:639} INFO - DAG(s) dict_keys(['example_nested_branch_dag']) retrieved from /home/airflow/.local/lib/python3.6/site-packages/airflow/example_dags/example_nested_branch_dag.py
[2025-04-01 19:08:04,396] {logging_mixin.py:104} INFO - [2025-04-01 19:08:04,396] {dag.py:1824} INFO - Sync 1 DAGs
[2025-04-01 19:08:04,433] {logging_mixin.py:104} INFO - [2025-04-01 19:08:04,433] {dag.py:2280} INFO - Setting next_dagrun for example_nested_branch_dag to 2025-03-30 00:00:00+00:00
[2025-04-01 19:08:04,450] {scheduler_job.py:190} INFO - Processing /home/airflow/.local/lib/python3.6/site-packages/airflow/example_dags/example_nested_branch_dag.py took 0.150 seconds
[2025-04-01 19:08:35,115] {scheduler_job.py:182} INFO - Started process (PID=121) to work on /home/airflow/.local/lib/python3.6/site-packages/airflow/example_dags/example_nested_branch_dag.py
[2025-04-01 19:08:35,117] {scheduler_job.py:629} INFO - Processing file /home/airflow/.local/lib/python3.6/site-packages/airflow/example_dags/example_nested_branch_dag.py for tasks to queue
[2025-04-01 19:08:35,118] {logging_mixin.py:104} INFO - [2025-04-01 19:08:35,118] {dagbag.py:451} INFO - Filling up the DagBag from /home/airflow/.local/lib/python3.6/site-packages/airflow/example_dags/example_nested_branch_dag.py
[2025-04-01 19:08:35,129] {scheduler_job.py:639} INFO - DAG(s) dict_keys(['example_nested_branch_dag']) retrieved from /home/airflow/.local/lib/python3.6/site-packages/airflow/example_dags/example_nested_branch_dag.py
[2025-04-01 19:08:35,151] {logging_mixin.py:104} INFO - [2025-04-01 19:08:35,151] {dag.py:1824} INFO - Sync 1 DAGs
[2025-04-01 19:08:35,170] {logging_mixin.py:104} INFO - [2025-04-01 19:08:35,170] {dag.py:2280} INFO - Setting next_dagrun for example_nested_branch_dag to 2025-03-30 00:00:00+00:00
[2025-04-01 19:08:35,181] {scheduler_job.py:190} INFO - Processing /home/airflow/.local/lib/python3.6/site-packages/airflow/example_dags/example_nested_branch_dag.py took 0.068 seconds
[2025-04-01 19:09:05,518] {scheduler_job.py:182} INFO - Started process (PID=147) to work on /home/airflow/.local/lib/python3.6/site-packages/airflow/example_dags/example_nested_branch_dag.py
[2025-04-01 19:09:05,519] {scheduler_job.py:629} INFO - Processing file /home/airflow/.local/lib/python3.6/site-packages/airflow/example_dags/example_nested_branch_dag.py for tasks to queue
[2025-04-01 19:09:05,521] {logging_mixin.py:104} INFO - [2025-04-01 19:09:05,521] {dagbag.py:451} INFO - Filling up the DagBag from /home/airflow/.local/lib/python3.6/site-packages/airflow/example_dags/example_nested_branch_dag.py
[2025-04-01 19:09:05,536] {scheduler_job.py:639} INFO - DAG(s) dict_keys(['example_nested_branch_dag']) retrieved from /home/airflow/.local/lib/python3.6/site-packages/airflow/example_dags/example_nested_branch_dag.py
[2025-04-01 19:09:05,563] {logging_mixin.py:104} INFO - [2025-04-01 19:09:05,563] {dag.py:1824} INFO - Sync 1 DAGs
[2025-04-01 19:09:05,591] {logging_mixin.py:104} INFO - [2025-04-01 19:09:05,590] {dag.py:2280} INFO - Setting next_dagrun for example_nested_branch_dag to 2025-03-30 00:00:00+00:00
[2025-04-01 19:09:05,607] {scheduler_job.py:190} INFO - Processing /home/airflow/.local/lib/python3.6/site-packages/airflow/example_dags/example_nested_branch_dag.py took 0.093 seconds
