[2025-04-01 19:07:04,049] {scheduler_job.py:182} INFO - Started process (PID=51) to work on /home/airflow/.local/lib/python3.6/site-packages/airflow/example_dags/example_skip_dag.py
[2025-04-01 19:07:04,051] {scheduler_job.py:629} INFO - Processing file /home/airflow/.local/lib/python3.6/site-packages/airflow/example_dags/example_skip_dag.py for tasks to queue
[2025-04-01 19:07:04,053] {logging_mixin.py:104} INFO - [2025-04-01 19:07:04,053] {dagbag.py:451} INFO - Filling up the DagBag from /home/airflow/.local/lib/python3.6/site-packages/airflow/example_dags/example_skip_dag.py
[2025-04-01 19:07:04,070] {scheduler_job.py:639} INFO - DAG(s) dict_keys(['example_skip_dag']) retrieved from /home/airflow/.local/lib/python3.6/site-packages/airflow/example_dags/example_skip_dag.py
[2025-04-01 19:07:04,113] {logging_mixin.py:104} INFO - [2025-04-01 19:07:04,113] {dag.py:1824} INFO - Sync 1 DAGs
[2025-04-01 19:07:04,132] {logging_mixin.py:104} INFO - [2025-04-01 19:07:04,131] {dag.py:1843} INFO - Creating ORM DAG for example_skip_dag
[2025-04-01 19:07:04,145] {logging_mixin.py:104} INFO - [2025-04-01 19:07:04,145] {dag.py:2280} INFO - Setting next_dagrun for example_skip_dag to 2025-03-30 00:00:00+00:00
[2025-04-01 19:07:04,171] {scheduler_job.py:190} INFO - Processing /home/airflow/.local/lib/python3.6/site-packages/airflow/example_dags/example_skip_dag.py took 0.129 seconds
[2025-04-01 19:07:35,625] {scheduler_job.py:182} INFO - Started process (PID=85) to work on /home/airflow/.local/lib/python3.6/site-packages/airflow/example_dags/example_skip_dag.py
[2025-04-01 19:07:35,627] {scheduler_job.py:629} INFO - Processing file /home/airflow/.local/lib/python3.6/site-packages/airflow/example_dags/example_skip_dag.py for tasks to queue
[2025-04-01 19:07:35,628] {logging_mixin.py:104} INFO - [2025-04-01 19:07:35,628] {dagbag.py:451} INFO - Filling up the DagBag from /home/airflow/.local/lib/python3.6/site-packages/airflow/example_dags/example_skip_dag.py
[2025-04-01 19:07:35,638] {scheduler_job.py:639} INFO - DAG(s) dict_keys(['example_skip_dag']) retrieved from /home/airflow/.local/lib/python3.6/site-packages/airflow/example_dags/example_skip_dag.py
[2025-04-01 19:07:35,660] {logging_mixin.py:104} INFO - [2025-04-01 19:07:35,660] {dag.py:1824} INFO - Sync 1 DAGs
[2025-04-01 19:07:35,675] {logging_mixin.py:104} INFO - [2025-04-01 19:07:35,675] {dag.py:2280} INFO - Setting next_dagrun for example_skip_dag to 2025-03-30 00:00:00+00:00
[2025-04-01 19:07:35,688] {scheduler_job.py:190} INFO - Processing /home/airflow/.local/lib/python3.6/site-packages/airflow/example_dags/example_skip_dag.py took 0.066 seconds
[2025-04-01 19:08:06,431] {scheduler_job.py:182} INFO - Started process (PID=112) to work on /home/airflow/.local/lib/python3.6/site-packages/airflow/example_dags/example_skip_dag.py
[2025-04-01 19:08:06,435] {scheduler_job.py:629} INFO - Processing file /home/airflow/.local/lib/python3.6/site-packages/airflow/example_dags/example_skip_dag.py for tasks to queue
[2025-04-01 19:08:06,437] {logging_mixin.py:104} INFO - [2025-04-01 19:08:06,437] {dagbag.py:451} INFO - Filling up the DagBag from /home/airflow/.local/lib/python3.6/site-packages/airflow/example_dags/example_skip_dag.py
[2025-04-01 19:08:06,451] {scheduler_job.py:639} INFO - DAG(s) dict_keys(['example_skip_dag']) retrieved from /home/airflow/.local/lib/python3.6/site-packages/airflow/example_dags/example_skip_dag.py
[2025-04-01 19:08:06,487] {logging_mixin.py:104} INFO - [2025-04-01 19:08:06,487] {dag.py:1824} INFO - Sync 1 DAGs
[2025-04-01 19:08:06,510] {logging_mixin.py:104} INFO - [2025-04-01 19:08:06,509] {dag.py:2280} INFO - Setting next_dagrun for example_skip_dag to 2025-03-30 00:00:00+00:00
[2025-04-01 19:08:06,530] {scheduler_job.py:190} INFO - Processing /home/airflow/.local/lib/python3.6/site-packages/airflow/example_dags/example_skip_dag.py took 0.106 seconds
[2025-04-01 19:08:37,021] {scheduler_job.py:182} INFO - Started process (PID=140) to work on /home/airflow/.local/lib/python3.6/site-packages/airflow/example_dags/example_skip_dag.py
[2025-04-01 19:08:37,022] {scheduler_job.py:629} INFO - Processing file /home/airflow/.local/lib/python3.6/site-packages/airflow/example_dags/example_skip_dag.py for tasks to queue
[2025-04-01 19:08:37,024] {logging_mixin.py:104} INFO - [2025-04-01 19:08:37,023] {dagbag.py:451} INFO - Filling up the DagBag from /home/airflow/.local/lib/python3.6/site-packages/airflow/example_dags/example_skip_dag.py
[2025-04-01 19:08:37,032] {scheduler_job.py:639} INFO - DAG(s) dict_keys(['example_skip_dag']) retrieved from /home/airflow/.local/lib/python3.6/site-packages/airflow/example_dags/example_skip_dag.py
[2025-04-01 19:08:37,052] {logging_mixin.py:104} INFO - [2025-04-01 19:08:37,052] {dag.py:1824} INFO - Sync 1 DAGs
[2025-04-01 19:08:37,065] {logging_mixin.py:104} INFO - [2025-04-01 19:08:37,065] {dag.py:2280} INFO - Setting next_dagrun for example_skip_dag to 2025-03-30 00:00:00+00:00
[2025-04-01 19:08:37,077] {scheduler_job.py:190} INFO - Processing /home/airflow/.local/lib/python3.6/site-packages/airflow/example_dags/example_skip_dag.py took 0.059 seconds
[2025-04-01 19:09:07,684] {scheduler_job.py:182} INFO - Started process (PID=167) to work on /home/airflow/.local/lib/python3.6/site-packages/airflow/example_dags/example_skip_dag.py
[2025-04-01 19:09:07,686] {scheduler_job.py:629} INFO - Processing file /home/airflow/.local/lib/python3.6/site-packages/airflow/example_dags/example_skip_dag.py for tasks to queue
[2025-04-01 19:09:07,687] {logging_mixin.py:104} INFO - [2025-04-01 19:09:07,687] {dagbag.py:451} INFO - Filling up the DagBag from /home/airflow/.local/lib/python3.6/site-packages/airflow/example_dags/example_skip_dag.py
[2025-04-01 19:09:07,696] {scheduler_job.py:639} INFO - DAG(s) dict_keys(['example_skip_dag']) retrieved from /home/airflow/.local/lib/python3.6/site-packages/airflow/example_dags/example_skip_dag.py
[2025-04-01 19:09:07,720] {logging_mixin.py:104} INFO - [2025-04-01 19:09:07,720] {dag.py:1824} INFO - Sync 1 DAGs
[2025-04-01 19:09:07,740] {logging_mixin.py:104} INFO - [2025-04-01 19:09:07,739] {dag.py:2280} INFO - Setting next_dagrun for example_skip_dag to 2025-03-30 00:00:00+00:00
[2025-04-01 19:09:07,755] {scheduler_job.py:190} INFO - Processing /home/airflow/.local/lib/python3.6/site-packages/airflow/example_dags/example_skip_dag.py took 0.074 seconds
