[2025-04-01 19:07:05,099] {scheduler_job.py:182} INFO - Started process (PID=62) to work on /home/airflow/.local/lib/python3.6/site-packages/airflow/example_dags/example_trigger_controller_dag.py
[2025-04-01 19:07:05,101] {scheduler_job.py:629} INFO - Processing file /home/airflow/.local/lib/python3.6/site-packages/airflow/example_dags/example_trigger_controller_dag.py for tasks to queue
[2025-04-01 19:07:05,102] {logging_mixin.py:104} INFO - [2025-04-01 19:07:05,102] {dagbag.py:451} INFO - Filling up the DagBag from /home/airflow/.local/lib/python3.6/site-packages/airflow/example_dags/example_trigger_controller_dag.py
[2025-04-01 19:07:05,120] {scheduler_job.py:639} INFO - DAG(s) dict_keys(['example_trigger_controller_dag']) retrieved from /home/airflow/.local/lib/python3.6/site-packages/airflow/example_dags/example_trigger_controller_dag.py
[2025-04-01 19:07:05,160] {logging_mixin.py:104} INFO - [2025-04-01 19:07:05,160] {dag.py:1824} INFO - Sync 1 DAGs
[2025-04-01 19:07:05,173] {logging_mixin.py:104} INFO - [2025-04-01 19:07:05,173] {dag.py:1843} INFO - Creating ORM DAG for example_trigger_controller_dag
[2025-04-01 19:07:05,183] {logging_mixin.py:104} INFO - [2025-04-01 19:07:05,183] {dag.py:2280} INFO - Setting next_dagrun for example_trigger_controller_dag to 2025-03-30 00:00:00+00:00
[2025-04-01 19:07:05,207] {scheduler_job.py:190} INFO - Processing /home/airflow/.local/lib/python3.6/site-packages/airflow/example_dags/example_trigger_controller_dag.py took 0.112 seconds
[2025-04-01 19:07:35,709] {scheduler_job.py:182} INFO - Started process (PID=87) to work on /home/airflow/.local/lib/python3.6/site-packages/airflow/example_dags/example_trigger_controller_dag.py
[2025-04-01 19:07:35,711] {scheduler_job.py:629} INFO - Processing file /home/airflow/.local/lib/python3.6/site-packages/airflow/example_dags/example_trigger_controller_dag.py for tasks to queue
[2025-04-01 19:07:35,713] {logging_mixin.py:104} INFO - [2025-04-01 19:07:35,713] {dagbag.py:451} INFO - Filling up the DagBag from /home/airflow/.local/lib/python3.6/site-packages/airflow/example_dags/example_trigger_controller_dag.py
[2025-04-01 19:07:35,722] {scheduler_job.py:639} INFO - DAG(s) dict_keys(['example_trigger_controller_dag']) retrieved from /home/airflow/.local/lib/python3.6/site-packages/airflow/example_dags/example_trigger_controller_dag.py
[2025-04-01 19:07:35,746] {logging_mixin.py:104} INFO - [2025-04-01 19:07:35,746] {dag.py:1824} INFO - Sync 1 DAGs
[2025-04-01 19:07:35,759] {logging_mixin.py:104} INFO - [2025-04-01 19:07:35,759] {dag.py:2280} INFO - Setting next_dagrun for example_trigger_controller_dag to 2025-03-30 00:00:00+00:00
[2025-04-01 19:07:35,771] {scheduler_job.py:190} INFO - Processing /home/airflow/.local/lib/python3.6/site-packages/airflow/example_dags/example_trigger_controller_dag.py took 0.065 seconds
[2025-04-01 19:08:06,566] {scheduler_job.py:182} INFO - Started process (PID=113) to work on /home/airflow/.local/lib/python3.6/site-packages/airflow/example_dags/example_trigger_controller_dag.py
[2025-04-01 19:08:06,570] {scheduler_job.py:629} INFO - Processing file /home/airflow/.local/lib/python3.6/site-packages/airflow/example_dags/example_trigger_controller_dag.py for tasks to queue
[2025-04-01 19:08:06,572] {logging_mixin.py:104} INFO - [2025-04-01 19:08:06,572] {dagbag.py:451} INFO - Filling up the DagBag from /home/airflow/.local/lib/python3.6/site-packages/airflow/example_dags/example_trigger_controller_dag.py
[2025-04-01 19:08:06,606] {scheduler_job.py:639} INFO - DAG(s) dict_keys(['example_trigger_controller_dag']) retrieved from /home/airflow/.local/lib/python3.6/site-packages/airflow/example_dags/example_trigger_controller_dag.py
[2025-04-01 19:08:06,656] {logging_mixin.py:104} INFO - [2025-04-01 19:08:06,656] {dag.py:1824} INFO - Sync 1 DAGs
[2025-04-01 19:08:06,678] {logging_mixin.py:104} INFO - [2025-04-01 19:08:06,678] {dag.py:2280} INFO - Setting next_dagrun for example_trigger_controller_dag to 2025-03-30 00:00:00+00:00
[2025-04-01 19:08:06,697] {scheduler_job.py:190} INFO - Processing /home/airflow/.local/lib/python3.6/site-packages/airflow/example_dags/example_trigger_controller_dag.py took 0.140 seconds
[2025-04-01 19:08:36,853] {scheduler_job.py:182} INFO - Started process (PID=137) to work on /home/airflow/.local/lib/python3.6/site-packages/airflow/example_dags/example_trigger_controller_dag.py
[2025-04-01 19:08:36,854] {scheduler_job.py:629} INFO - Processing file /home/airflow/.local/lib/python3.6/site-packages/airflow/example_dags/example_trigger_controller_dag.py for tasks to queue
[2025-04-01 19:08:36,855] {logging_mixin.py:104} INFO - [2025-04-01 19:08:36,855] {dagbag.py:451} INFO - Filling up the DagBag from /home/airflow/.local/lib/python3.6/site-packages/airflow/example_dags/example_trigger_controller_dag.py
[2025-04-01 19:08:36,863] {scheduler_job.py:639} INFO - DAG(s) dict_keys(['example_trigger_controller_dag']) retrieved from /home/airflow/.local/lib/python3.6/site-packages/airflow/example_dags/example_trigger_controller_dag.py
[2025-04-01 19:08:36,882] {logging_mixin.py:104} INFO - [2025-04-01 19:08:36,882] {dag.py:1824} INFO - Sync 1 DAGs
[2025-04-01 19:08:36,894] {logging_mixin.py:104} INFO - [2025-04-01 19:08:36,894] {dag.py:2280} INFO - Setting next_dagrun for example_trigger_controller_dag to 2025-03-30 00:00:00+00:00
[2025-04-01 19:08:36,904] {scheduler_job.py:190} INFO - Processing /home/airflow/.local/lib/python3.6/site-packages/airflow/example_dags/example_trigger_controller_dag.py took 0.054 seconds
[2025-04-01 19:09:07,457] {scheduler_job.py:182} INFO - Started process (PID=163) to work on /home/airflow/.local/lib/python3.6/site-packages/airflow/example_dags/example_trigger_controller_dag.py
[2025-04-01 19:09:07,459] {scheduler_job.py:629} INFO - Processing file /home/airflow/.local/lib/python3.6/site-packages/airflow/example_dags/example_trigger_controller_dag.py for tasks to queue
[2025-04-01 19:09:07,460] {logging_mixin.py:104} INFO - [2025-04-01 19:09:07,460] {dagbag.py:451} INFO - Filling up the DagBag from /home/airflow/.local/lib/python3.6/site-packages/airflow/example_dags/example_trigger_controller_dag.py
[2025-04-01 19:09:07,477] {scheduler_job.py:639} INFO - DAG(s) dict_keys(['example_trigger_controller_dag']) retrieved from /home/airflow/.local/lib/python3.6/site-packages/airflow/example_dags/example_trigger_controller_dag.py
[2025-04-01 19:09:07,513] {logging_mixin.py:104} INFO - [2025-04-01 19:09:07,513] {dag.py:1824} INFO - Sync 1 DAGs
[2025-04-01 19:09:07,534] {logging_mixin.py:104} INFO - [2025-04-01 19:09:07,534] {dag.py:2280} INFO - Setting next_dagrun for example_trigger_controller_dag to 2025-03-30 00:00:00+00:00
[2025-04-01 19:09:07,549] {scheduler_job.py:190} INFO - Processing /home/airflow/.local/lib/python3.6/site-packages/airflow/example_dags/example_trigger_controller_dag.py took 0.095 seconds
