[2025-04-01 19:07:04,225] {scheduler_job.py:182} INFO - Started process (PID=53) to work on /home/airflow/.local/lib/python3.6/site-packages/airflow/example_dags/example_trigger_target_dag.py
[2025-04-01 19:07:04,226] {scheduler_job.py:629} INFO - Processing file /home/airflow/.local/lib/python3.6/site-packages/airflow/example_dags/example_trigger_target_dag.py for tasks to queue
[2025-04-01 19:07:04,229] {logging_mixin.py:104} INFO - [2025-04-01 19:07:04,228] {dagbag.py:451} INFO - Filling up the DagBag from /home/airflow/.local/lib/python3.6/site-packages/airflow/example_dags/example_trigger_target_dag.py
[2025-04-01 19:07:04,256] {scheduler_job.py:639} INFO - DAG(s) dict_keys(['example_trigger_target_dag']) retrieved from /home/airflow/.local/lib/python3.6/site-packages/airflow/example_dags/example_trigger_target_dag.py
[2025-04-01 19:07:04,309] {logging_mixin.py:104} INFO - [2025-04-01 19:07:04,308] {dag.py:1824} INFO - Sync 1 DAGs
[2025-04-01 19:07:04,330] {logging_mixin.py:104} INFO - [2025-04-01 19:07:04,329] {dag.py:1843} INFO - Creating ORM DAG for example_trigger_target_dag
[2025-04-01 19:07:04,340] {logging_mixin.py:104} INFO - [2025-04-01 19:07:04,340] {dag.py:2280} INFO - Setting next_dagrun for example_trigger_target_dag to None
[2025-04-01 19:07:04,367] {scheduler_job.py:190} INFO - Processing /home/airflow/.local/lib/python3.6/site-packages/airflow/example_dags/example_trigger_target_dag.py took 0.149 seconds
[2025-04-01 19:07:35,085] {scheduler_job.py:182} INFO - Started process (PID=77) to work on /home/airflow/.local/lib/python3.6/site-packages/airflow/example_dags/example_trigger_target_dag.py
[2025-04-01 19:07:35,087] {scheduler_job.py:629} INFO - Processing file /home/airflow/.local/lib/python3.6/site-packages/airflow/example_dags/example_trigger_target_dag.py for tasks to queue
[2025-04-01 19:07:35,088] {logging_mixin.py:104} INFO - [2025-04-01 19:07:35,088] {dagbag.py:451} INFO - Filling up the DagBag from /home/airflow/.local/lib/python3.6/site-packages/airflow/example_dags/example_trigger_target_dag.py
[2025-04-01 19:07:35,104] {scheduler_job.py:639} INFO - DAG(s) dict_keys(['example_trigger_target_dag']) retrieved from /home/airflow/.local/lib/python3.6/site-packages/airflow/example_dags/example_trigger_target_dag.py
[2025-04-01 19:07:35,136] {logging_mixin.py:104} INFO - [2025-04-01 19:07:35,136] {dag.py:1824} INFO - Sync 1 DAGs
[2025-04-01 19:07:35,156] {logging_mixin.py:104} INFO - [2025-04-01 19:07:35,156] {dag.py:2280} INFO - Setting next_dagrun for example_trigger_target_dag to None
[2025-04-01 19:07:35,171] {scheduler_job.py:190} INFO - Processing /home/airflow/.local/lib/python3.6/site-packages/airflow/example_dags/example_trigger_target_dag.py took 0.089 seconds
[2025-04-01 19:08:05,787] {scheduler_job.py:182} INFO - Started process (PID=103) to work on /home/airflow/.local/lib/python3.6/site-packages/airflow/example_dags/example_trigger_target_dag.py
[2025-04-01 19:08:05,790] {scheduler_job.py:629} INFO - Processing file /home/airflow/.local/lib/python3.6/site-packages/airflow/example_dags/example_trigger_target_dag.py for tasks to queue
[2025-04-01 19:08:05,791] {logging_mixin.py:104} INFO - [2025-04-01 19:08:05,791] {dagbag.py:451} INFO - Filling up the DagBag from /home/airflow/.local/lib/python3.6/site-packages/airflow/example_dags/example_trigger_target_dag.py
[2025-04-01 19:08:05,809] {scheduler_job.py:639} INFO - DAG(s) dict_keys(['example_trigger_target_dag']) retrieved from /home/airflow/.local/lib/python3.6/site-packages/airflow/example_dags/example_trigger_target_dag.py
[2025-04-01 19:08:05,836] {logging_mixin.py:104} INFO - [2025-04-01 19:08:05,835] {dag.py:1824} INFO - Sync 1 DAGs
[2025-04-01 19:08:05,854] {logging_mixin.py:104} INFO - [2025-04-01 19:08:05,854] {dag.py:2280} INFO - Setting next_dagrun for example_trigger_target_dag to None
[2025-04-01 19:08:05,871] {scheduler_job.py:190} INFO - Processing /home/airflow/.local/lib/python3.6/site-packages/airflow/example_dags/example_trigger_target_dag.py took 0.089 seconds
[2025-04-01 19:08:36,400] {scheduler_job.py:182} INFO - Started process (PID=129) to work on /home/airflow/.local/lib/python3.6/site-packages/airflow/example_dags/example_trigger_target_dag.py
[2025-04-01 19:08:36,403] {scheduler_job.py:629} INFO - Processing file /home/airflow/.local/lib/python3.6/site-packages/airflow/example_dags/example_trigger_target_dag.py for tasks to queue
[2025-04-01 19:08:36,404] {logging_mixin.py:104} INFO - [2025-04-01 19:08:36,404] {dagbag.py:451} INFO - Filling up the DagBag from /home/airflow/.local/lib/python3.6/site-packages/airflow/example_dags/example_trigger_target_dag.py
[2025-04-01 19:08:36,416] {scheduler_job.py:639} INFO - DAG(s) dict_keys(['example_trigger_target_dag']) retrieved from /home/airflow/.local/lib/python3.6/site-packages/airflow/example_dags/example_trigger_target_dag.py
[2025-04-01 19:08:36,437] {logging_mixin.py:104} INFO - [2025-04-01 19:08:36,437] {dag.py:1824} INFO - Sync 1 DAGs
[2025-04-01 19:08:36,451] {logging_mixin.py:104} INFO - [2025-04-01 19:08:36,451] {dag.py:2280} INFO - Setting next_dagrun for example_trigger_target_dag to None
[2025-04-01 19:08:36,468] {scheduler_job.py:190} INFO - Processing /home/airflow/.local/lib/python3.6/site-packages/airflow/example_dags/example_trigger_target_dag.py took 0.074 seconds
[2025-04-01 19:09:06,983] {scheduler_job.py:182} INFO - Started process (PID=155) to work on /home/airflow/.local/lib/python3.6/site-packages/airflow/example_dags/example_trigger_target_dag.py
[2025-04-01 19:09:06,986] {scheduler_job.py:629} INFO - Processing file /home/airflow/.local/lib/python3.6/site-packages/airflow/example_dags/example_trigger_target_dag.py for tasks to queue
[2025-04-01 19:09:06,987] {logging_mixin.py:104} INFO - [2025-04-01 19:09:06,987] {dagbag.py:451} INFO - Filling up the DagBag from /home/airflow/.local/lib/python3.6/site-packages/airflow/example_dags/example_trigger_target_dag.py
[2025-04-01 19:09:07,003] {scheduler_job.py:639} INFO - DAG(s) dict_keys(['example_trigger_target_dag']) retrieved from /home/airflow/.local/lib/python3.6/site-packages/airflow/example_dags/example_trigger_target_dag.py
[2025-04-01 19:09:07,035] {logging_mixin.py:104} INFO - [2025-04-01 19:09:07,035] {dag.py:1824} INFO - Sync 1 DAGs
[2025-04-01 19:09:07,052] {logging_mixin.py:104} INFO - [2025-04-01 19:09:07,052] {dag.py:2280} INFO - Setting next_dagrun for example_trigger_target_dag to None
[2025-04-01 19:09:07,066] {scheduler_job.py:190} INFO - Processing /home/airflow/.local/lib/python3.6/site-packages/airflow/example_dags/example_trigger_target_dag.py took 0.087 seconds
