[2025-04-01 19:07:04,415] {scheduler_job.py:182} INFO - Started process (PID=54) to work on /home/airflow/.local/lib/python3.6/site-packages/airflow/example_dags/example_branch_operator.py
[2025-04-01 19:07:04,417] {scheduler_job.py:629} INFO - Processing file /home/airflow/.local/lib/python3.6/site-packages/airflow/example_dags/example_branch_operator.py for tasks to queue
[2025-04-01 19:07:04,419] {logging_mixin.py:104} INFO - [2025-04-01 19:07:04,419] {dagbag.py:451} INFO - Filling up the DagBag from /home/airflow/.local/lib/python3.6/site-packages/airflow/example_dags/example_branch_operator.py
[2025-04-01 19:07:04,442] {scheduler_job.py:639} INFO - DAG(s) dict_keys(['example_branch_operator']) retrieved from /home/airflow/.local/lib/python3.6/site-packages/airflow/example_dags/example_branch_operator.py
[2025-04-01 19:07:04,482] {logging_mixin.py:104} INFO - [2025-04-01 19:07:04,482] {dag.py:1824} INFO - Sync 1 DAGs
[2025-04-01 19:07:04,495] {logging_mixin.py:104} INFO - [2025-04-01 19:07:04,495] {dag.py:1843} INFO - Creating ORM DAG for example_branch_operator
[2025-04-01 19:07:04,510] {logging_mixin.py:104} INFO - [2025-04-01 19:07:04,510] {dag.py:2280} INFO - Setting next_dagrun for example_branch_operator to 2025-03-30 00:00:00+00:00
[2025-04-01 19:07:04,534] {scheduler_job.py:190} INFO - Processing /home/airflow/.local/lib/python3.6/site-packages/airflow/example_dags/example_branch_operator.py took 0.125 seconds
[2025-04-01 19:07:35,206] {scheduler_job.py:182} INFO - Started process (PID=78) to work on /home/airflow/.local/lib/python3.6/site-packages/airflow/example_dags/example_branch_operator.py
[2025-04-01 19:07:35,208] {scheduler_job.py:629} INFO - Processing file /home/airflow/.local/lib/python3.6/site-packages/airflow/example_dags/example_branch_operator.py for tasks to queue
[2025-04-01 19:07:35,210] {logging_mixin.py:104} INFO - [2025-04-01 19:07:35,210] {dagbag.py:451} INFO - Filling up the DagBag from /home/airflow/.local/lib/python3.6/site-packages/airflow/example_dags/example_branch_operator.py
[2025-04-01 19:07:35,227] {scheduler_job.py:639} INFO - DAG(s) dict_keys(['example_branch_operator']) retrieved from /home/airflow/.local/lib/python3.6/site-packages/airflow/example_dags/example_branch_operator.py
[2025-04-01 19:07:35,252] {logging_mixin.py:104} INFO - [2025-04-01 19:07:35,252] {dag.py:1824} INFO - Sync 1 DAGs
[2025-04-01 19:07:35,274] {logging_mixin.py:104} INFO - [2025-04-01 19:07:35,274] {dag.py:2280} INFO - Setting next_dagrun for example_branch_operator to 2025-03-30 00:00:00+00:00
[2025-04-01 19:07:35,289] {scheduler_job.py:190} INFO - Processing /home/airflow/.local/lib/python3.6/site-packages/airflow/example_dags/example_branch_operator.py took 0.089 seconds
[2025-04-01 19:08:05,888] {scheduler_job.py:182} INFO - Started process (PID=104) to work on /home/airflow/.local/lib/python3.6/site-packages/airflow/example_dags/example_branch_operator.py
[2025-04-01 19:08:05,890] {scheduler_job.py:629} INFO - Processing file /home/airflow/.local/lib/python3.6/site-packages/airflow/example_dags/example_branch_operator.py for tasks to queue
[2025-04-01 19:08:05,891] {logging_mixin.py:104} INFO - [2025-04-01 19:08:05,891] {dagbag.py:451} INFO - Filling up the DagBag from /home/airflow/.local/lib/python3.6/site-packages/airflow/example_dags/example_branch_operator.py
[2025-04-01 19:08:05,905] {scheduler_job.py:639} INFO - DAG(s) dict_keys(['example_branch_operator']) retrieved from /home/airflow/.local/lib/python3.6/site-packages/airflow/example_dags/example_branch_operator.py
[2025-04-01 19:08:05,933] {logging_mixin.py:104} INFO - [2025-04-01 19:08:05,933] {dag.py:1824} INFO - Sync 1 DAGs
[2025-04-01 19:08:05,958] {logging_mixin.py:104} INFO - [2025-04-01 19:08:05,958] {dag.py:2280} INFO - Setting next_dagrun for example_branch_operator to 2025-03-30 00:00:00+00:00
[2025-04-01 19:08:05,976] {scheduler_job.py:190} INFO - Processing /home/airflow/.local/lib/python3.6/site-packages/airflow/example_dags/example_branch_operator.py took 0.092 seconds
[2025-04-01 19:08:36,584] {scheduler_job.py:182} INFO - Started process (PID=131) to work on /home/airflow/.local/lib/python3.6/site-packages/airflow/example_dags/example_branch_operator.py
[2025-04-01 19:08:36,586] {scheduler_job.py:629} INFO - Processing file /home/airflow/.local/lib/python3.6/site-packages/airflow/example_dags/example_branch_operator.py for tasks to queue
[2025-04-01 19:08:36,587] {logging_mixin.py:104} INFO - [2025-04-01 19:08:36,587] {dagbag.py:451} INFO - Filling up the DagBag from /home/airflow/.local/lib/python3.6/site-packages/airflow/example_dags/example_branch_operator.py
[2025-04-01 19:08:36,597] {scheduler_job.py:639} INFO - DAG(s) dict_keys(['example_branch_operator']) retrieved from /home/airflow/.local/lib/python3.6/site-packages/airflow/example_dags/example_branch_operator.py
[2025-04-01 19:08:36,616] {logging_mixin.py:104} INFO - [2025-04-01 19:08:36,616] {dag.py:1824} INFO - Sync 1 DAGs
[2025-04-01 19:08:36,632] {logging_mixin.py:104} INFO - [2025-04-01 19:08:36,632] {dag.py:2280} INFO - Setting next_dagrun for example_branch_operator to 2025-03-30 00:00:00+00:00
[2025-04-01 19:08:36,643] {scheduler_job.py:190} INFO - Processing /home/airflow/.local/lib/python3.6/site-packages/airflow/example_dags/example_branch_operator.py took 0.061 seconds
[2025-04-01 19:09:07,095] {scheduler_job.py:182} INFO - Started process (PID=157) to work on /home/airflow/.local/lib/python3.6/site-packages/airflow/example_dags/example_branch_operator.py
[2025-04-01 19:09:07,097] {scheduler_job.py:629} INFO - Processing file /home/airflow/.local/lib/python3.6/site-packages/airflow/example_dags/example_branch_operator.py for tasks to queue
[2025-04-01 19:09:07,098] {logging_mixin.py:104} INFO - [2025-04-01 19:09:07,098] {dagbag.py:451} INFO - Filling up the DagBag from /home/airflow/.local/lib/python3.6/site-packages/airflow/example_dags/example_branch_operator.py
[2025-04-01 19:09:07,114] {scheduler_job.py:639} INFO - DAG(s) dict_keys(['example_branch_operator']) retrieved from /home/airflow/.local/lib/python3.6/site-packages/airflow/example_dags/example_branch_operator.py
[2025-04-01 19:09:07,145] {logging_mixin.py:104} INFO - [2025-04-01 19:09:07,145] {dag.py:1824} INFO - Sync 1 DAGs
[2025-04-01 19:09:07,182] {logging_mixin.py:104} INFO - [2025-04-01 19:09:07,181] {dag.py:2280} INFO - Setting next_dagrun for example_branch_operator to 2025-03-30 00:00:00+00:00
[2025-04-01 19:09:07,195] {scheduler_job.py:190} INFO - Processing /home/airflow/.local/lib/python3.6/site-packages/airflow/example_dags/example_branch_operator.py took 0.105 seconds
