[2025-04-01 19:07:03,110] {scheduler_job.py:182} INFO - Started process (PID=41) to work on /home/airflow/.local/lib/python3.6/site-packages/airflow/example_dags/example_branch_python_dop_operator_3.py
[2025-04-01 19:07:03,113] {scheduler_job.py:629} INFO - Processing file /home/airflow/.local/lib/python3.6/site-packages/airflow/example_dags/example_branch_python_dop_operator_3.py for tasks to queue
[2025-04-01 19:07:03,115] {logging_mixin.py:104} INFO - [2025-04-01 19:07:03,115] {dagbag.py:451} INFO - Filling up the DagBag from /home/airflow/.local/lib/python3.6/site-packages/airflow/example_dags/example_branch_python_dop_operator_3.py
[2025-04-01 19:07:03,138] {scheduler_job.py:639} INFO - DAG(s) dict_keys(['example_branch_dop_operator_v3']) retrieved from /home/airflow/.local/lib/python3.6/site-packages/airflow/example_dags/example_branch_python_dop_operator_3.py
[2025-04-01 19:07:03,180] {logging_mixin.py:104} INFO - [2025-04-01 19:07:03,180] {dag.py:1824} INFO - Sync 1 DAGs
[2025-04-01 19:07:03,202] {logging_mixin.py:104} INFO - [2025-04-01 19:07:03,202] {dag.py:1843} INFO - Creating ORM DAG for example_branch_dop_operator_v3
[2025-04-01 19:07:03,223] {logging_mixin.py:104} INFO - [2025-04-01 19:07:03,223] {dag.py:2280} INFO - Setting next_dagrun for example_branch_dop_operator_v3 to 2025-03-30 00:00:00+00:00
[2025-04-01 19:07:03,256] {scheduler_job.py:190} INFO - Processing /home/airflow/.local/lib/python3.6/site-packages/airflow/example_dags/example_branch_python_dop_operator_3.py took 0.150 seconds
[2025-04-01 19:07:33,541] {scheduler_job.py:182} INFO - Started process (PID=67) to work on /home/airflow/.local/lib/python3.6/site-packages/airflow/example_dags/example_branch_python_dop_operator_3.py
[2025-04-01 19:07:33,543] {scheduler_job.py:629} INFO - Processing file /home/airflow/.local/lib/python3.6/site-packages/airflow/example_dags/example_branch_python_dop_operator_3.py for tasks to queue
[2025-04-01 19:07:33,545] {logging_mixin.py:104} INFO - [2025-04-01 19:07:33,545] {dagbag.py:451} INFO - Filling up the DagBag from /home/airflow/.local/lib/python3.6/site-packages/airflow/example_dags/example_branch_python_dop_operator_3.py
[2025-04-01 19:07:33,557] {scheduler_job.py:639} INFO - DAG(s) dict_keys(['example_branch_dop_operator_v3']) retrieved from /home/airflow/.local/lib/python3.6/site-packages/airflow/example_dags/example_branch_python_dop_operator_3.py
[2025-04-01 19:07:33,584] {logging_mixin.py:104} INFO - [2025-04-01 19:07:33,583] {dag.py:1824} INFO - Sync 1 DAGs
[2025-04-01 19:07:33,622] {logging_mixin.py:104} INFO - [2025-04-01 19:07:33,622] {dag.py:2280} INFO - Setting next_dagrun for example_branch_dop_operator_v3 to 2025-03-30 00:00:00+00:00
[2025-04-01 19:07:33,638] {scheduler_job.py:190} INFO - Processing /home/airflow/.local/lib/python3.6/site-packages/airflow/example_dags/example_branch_python_dop_operator_3.py took 0.100 seconds
[2025-04-01 19:08:04,097] {scheduler_job.py:182} INFO - Started process (PID=93) to work on /home/airflow/.local/lib/python3.6/site-packages/airflow/example_dags/example_branch_python_dop_operator_3.py
[2025-04-01 19:08:04,101] {scheduler_job.py:629} INFO - Processing file /home/airflow/.local/lib/python3.6/site-packages/airflow/example_dags/example_branch_python_dop_operator_3.py for tasks to queue
[2025-04-01 19:08:04,110] {logging_mixin.py:104} INFO - [2025-04-01 19:08:04,110] {dagbag.py:451} INFO - Filling up the DagBag from /home/airflow/.local/lib/python3.6/site-packages/airflow/example_dags/example_branch_python_dop_operator_3.py
[2025-04-01 19:08:04,137] {scheduler_job.py:639} INFO - DAG(s) dict_keys(['example_branch_dop_operator_v3']) retrieved from /home/airflow/.local/lib/python3.6/site-packages/airflow/example_dags/example_branch_python_dop_operator_3.py
[2025-04-01 19:08:04,185] {logging_mixin.py:104} INFO - [2025-04-01 19:08:04,185] {dag.py:1824} INFO - Sync 1 DAGs
[2025-04-01 19:08:04,220] {logging_mixin.py:104} INFO - [2025-04-01 19:08:04,220] {dag.py:2280} INFO - Setting next_dagrun for example_branch_dop_operator_v3 to 2025-03-30 00:00:00+00:00
[2025-04-01 19:08:04,235] {scheduler_job.py:190} INFO - Processing /home/airflow/.local/lib/python3.6/site-packages/airflow/example_dags/example_branch_python_dop_operator_3.py took 0.143 seconds
[2025-04-01 19:08:35,020] {scheduler_job.py:182} INFO - Started process (PID=119) to work on /home/airflow/.local/lib/python3.6/site-packages/airflow/example_dags/example_branch_python_dop_operator_3.py
[2025-04-01 19:08:35,022] {scheduler_job.py:629} INFO - Processing file /home/airflow/.local/lib/python3.6/site-packages/airflow/example_dags/example_branch_python_dop_operator_3.py for tasks to queue
[2025-04-01 19:08:35,024] {logging_mixin.py:104} INFO - [2025-04-01 19:08:35,023] {dagbag.py:451} INFO - Filling up the DagBag from /home/airflow/.local/lib/python3.6/site-packages/airflow/example_dags/example_branch_python_dop_operator_3.py
[2025-04-01 19:08:35,035] {scheduler_job.py:639} INFO - DAG(s) dict_keys(['example_branch_dop_operator_v3']) retrieved from /home/airflow/.local/lib/python3.6/site-packages/airflow/example_dags/example_branch_python_dop_operator_3.py
[2025-04-01 19:08:35,060] {logging_mixin.py:104} INFO - [2025-04-01 19:08:35,060] {dag.py:1824} INFO - Sync 1 DAGs
[2025-04-01 19:08:35,085] {logging_mixin.py:104} INFO - [2025-04-01 19:08:35,085] {dag.py:2280} INFO - Setting next_dagrun for example_branch_dop_operator_v3 to 2025-03-30 00:00:00+00:00
[2025-04-01 19:08:35,097] {scheduler_job.py:190} INFO - Processing /home/airflow/.local/lib/python3.6/site-packages/airflow/example_dags/example_branch_python_dop_operator_3.py took 0.080 seconds
[2025-04-01 19:09:05,397] {scheduler_job.py:182} INFO - Started process (PID=145) to work on /home/airflow/.local/lib/python3.6/site-packages/airflow/example_dags/example_branch_python_dop_operator_3.py
[2025-04-01 19:09:05,399] {scheduler_job.py:629} INFO - Processing file /home/airflow/.local/lib/python3.6/site-packages/airflow/example_dags/example_branch_python_dop_operator_3.py for tasks to queue
[2025-04-01 19:09:05,400] {logging_mixin.py:104} INFO - [2025-04-01 19:09:05,400] {dagbag.py:451} INFO - Filling up the DagBag from /home/airflow/.local/lib/python3.6/site-packages/airflow/example_dags/example_branch_python_dop_operator_3.py
[2025-04-01 19:09:05,419] {scheduler_job.py:639} INFO - DAG(s) dict_keys(['example_branch_dop_operator_v3']) retrieved from /home/airflow/.local/lib/python3.6/site-packages/airflow/example_dags/example_branch_python_dop_operator_3.py
[2025-04-01 19:09:05,450] {logging_mixin.py:104} INFO - [2025-04-01 19:09:05,450] {dag.py:1824} INFO - Sync 1 DAGs
[2025-04-01 19:09:05,484] {logging_mixin.py:104} INFO - [2025-04-01 19:09:05,484] {dag.py:2280} INFO - Setting next_dagrun for example_branch_dop_operator_v3 to 2025-03-30 00:00:00+00:00
[2025-04-01 19:09:05,498] {scheduler_job.py:190} INFO - Processing /home/airflow/.local/lib/python3.6/site-packages/airflow/example_dags/example_branch_python_dop_operator_3.py took 0.104 seconds
