[2025-04-01 19:07:02,905] {scheduler_job.py:182} INFO - Started process (PID=38) to work on /home/airflow/.local/lib/python3.6/site-packages/airflow/example_dags/example_bash_operator.py
[2025-04-01 19:07:02,907] {scheduler_job.py:629} INFO - Processing file /home/airflow/.local/lib/python3.6/site-packages/airflow/example_dags/example_bash_operator.py for tasks to queue
[2025-04-01 19:07:02,909] {logging_mixin.py:104} INFO - [2025-04-01 19:07:02,909] {dagbag.py:451} INFO - Filling up the DagBag from /home/airflow/.local/lib/python3.6/site-packages/airflow/example_dags/example_bash_operator.py
[2025-04-01 19:07:02,951] {scheduler_job.py:639} INFO - DAG(s) dict_keys(['example_bash_operator']) retrieved from /home/airflow/.local/lib/python3.6/site-packages/airflow/example_dags/example_bash_operator.py
[2025-04-01 19:07:03,002] {logging_mixin.py:104} INFO - [2025-04-01 19:07:03,001] {dag.py:1824} INFO - Sync 1 DAGs
[2025-04-01 19:07:03,018] {logging_mixin.py:104} INFO - [2025-04-01 19:07:03,018] {dag.py:1843} INFO - Creating ORM DAG for example_bash_operator
[2025-04-01 19:07:03,036] {logging_mixin.py:104} INFO - [2025-04-01 19:07:03,036] {dag.py:2280} INFO - Setting next_dagrun for example_bash_operator to 2025-03-30 00:00:00+00:00
[2025-04-01 19:07:03,067] {scheduler_job.py:190} INFO - Processing /home/airflow/.local/lib/python3.6/site-packages/airflow/example_dags/example_bash_operator.py took 0.171 seconds
[2025-04-01 19:07:33,331] {scheduler_job.py:182} INFO - Started process (PID=64) to work on /home/airflow/.local/lib/python3.6/site-packages/airflow/example_dags/example_bash_operator.py
[2025-04-01 19:07:33,333] {scheduler_job.py:629} INFO - Processing file /home/airflow/.local/lib/python3.6/site-packages/airflow/example_dags/example_bash_operator.py for tasks to queue
[2025-04-01 19:07:33,334] {logging_mixin.py:104} INFO - [2025-04-01 19:07:33,334] {dagbag.py:451} INFO - Filling up the DagBag from /home/airflow/.local/lib/python3.6/site-packages/airflow/example_dags/example_bash_operator.py
[2025-04-01 19:07:33,346] {scheduler_job.py:639} INFO - DAG(s) dict_keys(['example_bash_operator']) retrieved from /home/airflow/.local/lib/python3.6/site-packages/airflow/example_dags/example_bash_operator.py
[2025-04-01 19:07:33,369] {logging_mixin.py:104} INFO - [2025-04-01 19:07:33,369] {dag.py:1824} INFO - Sync 1 DAGs
[2025-04-01 19:07:33,388] {logging_mixin.py:104} INFO - [2025-04-01 19:07:33,388] {dag.py:2280} INFO - Setting next_dagrun for example_bash_operator to 2025-03-30 00:00:00+00:00
[2025-04-01 19:07:33,401] {scheduler_job.py:190} INFO - Processing /home/airflow/.local/lib/python3.6/site-packages/airflow/example_dags/example_bash_operator.py took 0.076 seconds
[2025-04-01 19:08:03,894] {scheduler_job.py:182} INFO - Started process (PID=90) to work on /home/airflow/.local/lib/python3.6/site-packages/airflow/example_dags/example_bash_operator.py
[2025-04-01 19:08:03,896] {scheduler_job.py:629} INFO - Processing file /home/airflow/.local/lib/python3.6/site-packages/airflow/example_dags/example_bash_operator.py for tasks to queue
[2025-04-01 19:08:03,898] {logging_mixin.py:104} INFO - [2025-04-01 19:08:03,898] {dagbag.py:451} INFO - Filling up the DagBag from /home/airflow/.local/lib/python3.6/site-packages/airflow/example_dags/example_bash_operator.py
[2025-04-01 19:08:03,911] {scheduler_job.py:639} INFO - DAG(s) dict_keys(['example_bash_operator']) retrieved from /home/airflow/.local/lib/python3.6/site-packages/airflow/example_dags/example_bash_operator.py
[2025-04-01 19:08:03,937] {logging_mixin.py:104} INFO - [2025-04-01 19:08:03,936] {dag.py:1824} INFO - Sync 1 DAGs
[2025-04-01 19:08:03,956] {logging_mixin.py:104} INFO - [2025-04-01 19:08:03,956] {dag.py:2280} INFO - Setting next_dagrun for example_bash_operator to 2025-03-30 00:00:00+00:00
[2025-04-01 19:08:03,970] {scheduler_job.py:190} INFO - Processing /home/airflow/.local/lib/python3.6/site-packages/airflow/example_dags/example_bash_operator.py took 0.079 seconds
[2025-04-01 19:08:34,828] {scheduler_job.py:182} INFO - Started process (PID=116) to work on /home/airflow/.local/lib/python3.6/site-packages/airflow/example_dags/example_bash_operator.py
[2025-04-01 19:08:34,830] {scheduler_job.py:629} INFO - Processing file /home/airflow/.local/lib/python3.6/site-packages/airflow/example_dags/example_bash_operator.py for tasks to queue
[2025-04-01 19:08:34,831] {logging_mixin.py:104} INFO - [2025-04-01 19:08:34,831] {dagbag.py:451} INFO - Filling up the DagBag from /home/airflow/.local/lib/python3.6/site-packages/airflow/example_dags/example_bash_operator.py
[2025-04-01 19:08:34,845] {scheduler_job.py:639} INFO - DAG(s) dict_keys(['example_bash_operator']) retrieved from /home/airflow/.local/lib/python3.6/site-packages/airflow/example_dags/example_bash_operator.py
[2025-04-01 19:08:34,869] {logging_mixin.py:104} INFO - [2025-04-01 19:08:34,868] {dag.py:1824} INFO - Sync 1 DAGs
[2025-04-01 19:08:34,886] {logging_mixin.py:104} INFO - [2025-04-01 19:08:34,886] {dag.py:2280} INFO - Setting next_dagrun for example_bash_operator to 2025-03-30 00:00:00+00:00
[2025-04-01 19:08:34,899] {scheduler_job.py:190} INFO - Processing /home/airflow/.local/lib/python3.6/site-packages/airflow/example_dags/example_bash_operator.py took 0.074 seconds
[2025-04-01 19:09:05,216] {scheduler_job.py:182} INFO - Started process (PID=142) to work on /home/airflow/.local/lib/python3.6/site-packages/airflow/example_dags/example_bash_operator.py
[2025-04-01 19:09:05,218] {scheduler_job.py:629} INFO - Processing file /home/airflow/.local/lib/python3.6/site-packages/airflow/example_dags/example_bash_operator.py for tasks to queue
[2025-04-01 19:09:05,219] {logging_mixin.py:104} INFO - [2025-04-01 19:09:05,219] {dagbag.py:451} INFO - Filling up the DagBag from /home/airflow/.local/lib/python3.6/site-packages/airflow/example_dags/example_bash_operator.py
[2025-04-01 19:09:05,230] {scheduler_job.py:639} INFO - DAG(s) dict_keys(['example_bash_operator']) retrieved from /home/airflow/.local/lib/python3.6/site-packages/airflow/example_dags/example_bash_operator.py
[2025-04-01 19:09:05,254] {logging_mixin.py:104} INFO - [2025-04-01 19:09:05,254] {dag.py:1824} INFO - Sync 1 DAGs
[2025-04-01 19:09:05,273] {logging_mixin.py:104} INFO - [2025-04-01 19:09:05,273] {dag.py:2280} INFO - Setting next_dagrun for example_bash_operator to 2025-03-30 00:00:00+00:00
[2025-04-01 19:09:05,284] {scheduler_job.py:190} INFO - Processing /home/airflow/.local/lib/python3.6/site-packages/airflow/example_dags/example_bash_operator.py took 0.072 seconds
