[2025-04-01 19:07:03,634] {scheduler_job.py:182} INFO - Started process (PID=46) to work on /home/airflow/.local/lib/python3.6/site-packages/airflow/example_dags/example_kubernetes_executor.py
[2025-04-01 19:07:03,635] {scheduler_job.py:629} INFO - Processing file /home/airflow/.local/lib/python3.6/site-packages/airflow/example_dags/example_kubernetes_executor.py for tasks to queue
[2025-04-01 19:07:03,637] {logging_mixin.py:104} INFO - [2025-04-01 19:07:03,636] {dagbag.py:451} INFO - Filling up the DagBag from /home/airflow/.local/lib/python3.6/site-packages/airflow/example_dags/example_kubernetes_executor.py
[2025-04-01 19:07:03,662] {scheduler_job.py:639} INFO - DAG(s) dict_keys(['example_kubernetes_executor']) retrieved from /home/airflow/.local/lib/python3.6/site-packages/airflow/example_dags/example_kubernetes_executor.py
[2025-04-01 19:07:03,712] {logging_mixin.py:104} INFO - [2025-04-01 19:07:03,712] {dag.py:1824} INFO - Sync 1 DAGs
[2025-04-01 19:07:03,725] {logging_mixin.py:104} INFO - [2025-04-01 19:07:03,724] {dag.py:1843} INFO - Creating ORM DAG for example_kubernetes_executor
[2025-04-01 19:07:03,735] {logging_mixin.py:104} INFO - [2025-04-01 19:07:03,735] {dag.py:2280} INFO - Setting next_dagrun for example_kubernetes_executor to None
[2025-04-01 19:07:03,766] {scheduler_job.py:190} INFO - Processing /home/airflow/.local/lib/python3.6/site-packages/airflow/example_dags/example_kubernetes_executor.py took 0.140 seconds
[2025-04-01 19:07:33,919] {scheduler_job.py:182} INFO - Started process (PID=73) to work on /home/airflow/.local/lib/python3.6/site-packages/airflow/example_dags/example_kubernetes_executor.py
[2025-04-01 19:07:33,921] {scheduler_job.py:629} INFO - Processing file /home/airflow/.local/lib/python3.6/site-packages/airflow/example_dags/example_kubernetes_executor.py for tasks to queue
[2025-04-01 19:07:33,922] {logging_mixin.py:104} INFO - [2025-04-01 19:07:33,922] {dagbag.py:451} INFO - Filling up the DagBag from /home/airflow/.local/lib/python3.6/site-packages/airflow/example_dags/example_kubernetes_executor.py
[2025-04-01 19:07:33,932] {scheduler_job.py:639} INFO - DAG(s) dict_keys(['example_kubernetes_executor']) retrieved from /home/airflow/.local/lib/python3.6/site-packages/airflow/example_dags/example_kubernetes_executor.py
[2025-04-01 19:07:33,955] {logging_mixin.py:104} INFO - [2025-04-01 19:07:33,955] {dag.py:1824} INFO - Sync 1 DAGs
[2025-04-01 19:07:33,971] {logging_mixin.py:104} INFO - [2025-04-01 19:07:33,971] {dag.py:2280} INFO - Setting next_dagrun for example_kubernetes_executor to None
[2025-04-01 19:07:33,983] {scheduler_job.py:190} INFO - Processing /home/airflow/.local/lib/python3.6/site-packages/airflow/example_dags/example_kubernetes_executor.py took 0.068 seconds
[2025-04-01 19:08:04,529] {scheduler_job.py:182} INFO - Started process (PID=98) to work on /home/airflow/.local/lib/python3.6/site-packages/airflow/example_dags/example_kubernetes_executor.py
[2025-04-01 19:08:04,532] {scheduler_job.py:629} INFO - Processing file /home/airflow/.local/lib/python3.6/site-packages/airflow/example_dags/example_kubernetes_executor.py for tasks to queue
[2025-04-01 19:08:04,533] {logging_mixin.py:104} INFO - [2025-04-01 19:08:04,533] {dagbag.py:451} INFO - Filling up the DagBag from /home/airflow/.local/lib/python3.6/site-packages/airflow/example_dags/example_kubernetes_executor.py
[2025-04-01 19:08:04,548] {scheduler_job.py:639} INFO - DAG(s) dict_keys(['example_kubernetes_executor']) retrieved from /home/airflow/.local/lib/python3.6/site-packages/airflow/example_dags/example_kubernetes_executor.py
[2025-04-01 19:08:04,577] {logging_mixin.py:104} INFO - [2025-04-01 19:08:04,577] {dag.py:1824} INFO - Sync 1 DAGs
[2025-04-01 19:08:04,600] {logging_mixin.py:104} INFO - [2025-04-01 19:08:04,600] {dag.py:2280} INFO - Setting next_dagrun for example_kubernetes_executor to None
[2025-04-01 19:08:04,619] {scheduler_job.py:190} INFO - Processing /home/airflow/.local/lib/python3.6/site-packages/airflow/example_dags/example_kubernetes_executor.py took 0.094 seconds
[2025-04-01 19:08:35,204] {scheduler_job.py:182} INFO - Started process (PID=123) to work on /home/airflow/.local/lib/python3.6/site-packages/airflow/example_dags/example_kubernetes_executor.py
[2025-04-01 19:08:35,205] {scheduler_job.py:629} INFO - Processing file /home/airflow/.local/lib/python3.6/site-packages/airflow/example_dags/example_kubernetes_executor.py for tasks to queue
[2025-04-01 19:08:35,206] {logging_mixin.py:104} INFO - [2025-04-01 19:08:35,206] {dagbag.py:451} INFO - Filling up the DagBag from /home/airflow/.local/lib/python3.6/site-packages/airflow/example_dags/example_kubernetes_executor.py
[2025-04-01 19:08:35,216] {scheduler_job.py:639} INFO - DAG(s) dict_keys(['example_kubernetes_executor']) retrieved from /home/airflow/.local/lib/python3.6/site-packages/airflow/example_dags/example_kubernetes_executor.py
[2025-04-01 19:08:35,241] {logging_mixin.py:104} INFO - [2025-04-01 19:08:35,241] {dag.py:1824} INFO - Sync 1 DAGs
[2025-04-01 19:08:35,256] {logging_mixin.py:104} INFO - [2025-04-01 19:08:35,256] {dag.py:2280} INFO - Setting next_dagrun for example_kubernetes_executor to None
[2025-04-01 19:08:35,267] {scheduler_job.py:190} INFO - Processing /home/airflow/.local/lib/python3.6/site-packages/airflow/example_dags/example_kubernetes_executor.py took 0.067 seconds
[2025-04-01 19:09:05,771] {scheduler_job.py:182} INFO - Started process (PID=150) to work on /home/airflow/.local/lib/python3.6/site-packages/airflow/example_dags/example_kubernetes_executor.py
[2025-04-01 19:09:05,773] {scheduler_job.py:629} INFO - Processing file /home/airflow/.local/lib/python3.6/site-packages/airflow/example_dags/example_kubernetes_executor.py for tasks to queue
[2025-04-01 19:09:05,774] {logging_mixin.py:104} INFO - [2025-04-01 19:09:05,774] {dagbag.py:451} INFO - Filling up the DagBag from /home/airflow/.local/lib/python3.6/site-packages/airflow/example_dags/example_kubernetes_executor.py
[2025-04-01 19:09:05,787] {scheduler_job.py:639} INFO - DAG(s) dict_keys(['example_kubernetes_executor']) retrieved from /home/airflow/.local/lib/python3.6/site-packages/airflow/example_dags/example_kubernetes_executor.py
[2025-04-01 19:09:05,818] {logging_mixin.py:104} INFO - [2025-04-01 19:09:05,818] {dag.py:1824} INFO - Sync 1 DAGs
[2025-04-01 19:09:05,836] {logging_mixin.py:104} INFO - [2025-04-01 19:09:05,836] {dag.py:2280} INFO - Setting next_dagrun for example_kubernetes_executor to None
[2025-04-01 19:09:05,851] {scheduler_job.py:190} INFO - Processing /home/airflow/.local/lib/python3.6/site-packages/airflow/example_dags/example_kubernetes_executor.py took 0.083 seconds
