[2025-04-01 19:07:03,479] {scheduler_job.py:182} INFO - Started process (PID=45) to work on /home/airflow/.local/lib/python3.6/site-packages/airflow/example_dags/example_complex.py
[2025-04-01 19:07:03,482] {scheduler_job.py:629} INFO - Processing file /home/airflow/.local/lib/python3.6/site-packages/airflow/example_dags/example_complex.py for tasks to queue
[2025-04-01 19:07:03,484] {logging_mixin.py:104} INFO - [2025-04-01 19:07:03,484] {dagbag.py:451} INFO - Filling up the DagBag from /home/airflow/.local/lib/python3.6/site-packages/airflow/example_dags/example_complex.py
[2025-04-01 19:07:03,520] {scheduler_job.py:639} INFO - DAG(s) dict_keys(['example_complex']) retrieved from /home/airflow/.local/lib/python3.6/site-packages/airflow/example_dags/example_complex.py
[2025-04-01 19:07:03,571] {logging_mixin.py:104} INFO - [2025-04-01 19:07:03,570] {dag.py:1824} INFO - Sync 1 DAGs
[2025-04-01 19:07:03,587] {logging_mixin.py:104} INFO - [2025-04-01 19:07:03,587] {dag.py:1843} INFO - Creating ORM DAG for example_complex
[2025-04-01 19:07:03,598] {logging_mixin.py:104} INFO - [2025-04-01 19:07:03,598] {dag.py:2280} INFO - Setting next_dagrun for example_complex to None
[2025-04-01 19:07:03,633] {scheduler_job.py:190} INFO - Processing /home/airflow/.local/lib/python3.6/site-packages/airflow/example_dags/example_complex.py took 0.163 seconds
[2025-04-01 19:07:33,813] {scheduler_job.py:182} INFO - Started process (PID=71) to work on /home/airflow/.local/lib/python3.6/site-packages/airflow/example_dags/example_complex.py
[2025-04-01 19:07:33,815] {scheduler_job.py:629} INFO - Processing file /home/airflow/.local/lib/python3.6/site-packages/airflow/example_dags/example_complex.py for tasks to queue
[2025-04-01 19:07:33,817] {logging_mixin.py:104} INFO - [2025-04-01 19:07:33,817] {dagbag.py:451} INFO - Filling up the DagBag from /home/airflow/.local/lib/python3.6/site-packages/airflow/example_dags/example_complex.py
[2025-04-01 19:07:33,836] {scheduler_job.py:639} INFO - DAG(s) dict_keys(['example_complex']) retrieved from /home/airflow/.local/lib/python3.6/site-packages/airflow/example_dags/example_complex.py
[2025-04-01 19:07:33,864] {logging_mixin.py:104} INFO - [2025-04-01 19:07:33,864] {dag.py:1824} INFO - Sync 1 DAGs
[2025-04-01 19:07:33,878] {logging_mixin.py:104} INFO - [2025-04-01 19:07:33,878] {dag.py:2280} INFO - Setting next_dagrun for example_complex to None
[2025-04-01 19:07:33,892] {scheduler_job.py:190} INFO - Processing /home/airflow/.local/lib/python3.6/site-packages/airflow/example_dags/example_complex.py took 0.087 seconds
[2025-04-01 19:08:04,512] {scheduler_job.py:182} INFO - Started process (PID=97) to work on /home/airflow/.local/lib/python3.6/site-packages/airflow/example_dags/example_complex.py
[2025-04-01 19:08:04,519] {scheduler_job.py:629} INFO - Processing file /home/airflow/.local/lib/python3.6/site-packages/airflow/example_dags/example_complex.py for tasks to queue
[2025-04-01 19:08:04,521] {logging_mixin.py:104} INFO - [2025-04-01 19:08:04,520] {dagbag.py:451} INFO - Filling up the DagBag from /home/airflow/.local/lib/python3.6/site-packages/airflow/example_dags/example_complex.py
[2025-04-01 19:08:04,540] {scheduler_job.py:639} INFO - DAG(s) dict_keys(['example_complex']) retrieved from /home/airflow/.local/lib/python3.6/site-packages/airflow/example_dags/example_complex.py
[2025-04-01 19:08:04,571] {logging_mixin.py:104} INFO - [2025-04-01 19:08:04,571] {dag.py:1824} INFO - Sync 1 DAGs
[2025-04-01 19:08:04,587] {logging_mixin.py:104} INFO - [2025-04-01 19:08:04,587] {dag.py:2280} INFO - Setting next_dagrun for example_complex to None
[2025-04-01 19:08:04,603] {scheduler_job.py:190} INFO - Processing /home/airflow/.local/lib/python3.6/site-packages/airflow/example_dags/example_complex.py took 0.114 seconds
[2025-04-01 19:08:35,125] {scheduler_job.py:182} INFO - Started process (PID=122) to work on /home/airflow/.local/lib/python3.6/site-packages/airflow/example_dags/example_complex.py
[2025-04-01 19:08:35,127] {scheduler_job.py:629} INFO - Processing file /home/airflow/.local/lib/python3.6/site-packages/airflow/example_dags/example_complex.py for tasks to queue
[2025-04-01 19:08:35,128] {logging_mixin.py:104} INFO - [2025-04-01 19:08:35,128] {dagbag.py:451} INFO - Filling up the DagBag from /home/airflow/.local/lib/python3.6/site-packages/airflow/example_dags/example_complex.py
[2025-04-01 19:08:35,140] {scheduler_job.py:639} INFO - DAG(s) dict_keys(['example_complex']) retrieved from /home/airflow/.local/lib/python3.6/site-packages/airflow/example_dags/example_complex.py
[2025-04-01 19:08:35,165] {logging_mixin.py:104} INFO - [2025-04-01 19:08:35,165] {dag.py:1824} INFO - Sync 1 DAGs
[2025-04-01 19:08:35,178] {logging_mixin.py:104} INFO - [2025-04-01 19:08:35,178] {dag.py:2280} INFO - Setting next_dagrun for example_complex to None
[2025-04-01 19:08:35,191] {scheduler_job.py:190} INFO - Processing /home/airflow/.local/lib/python3.6/site-packages/airflow/example_dags/example_complex.py took 0.073 seconds
[2025-04-01 19:09:05,644] {scheduler_job.py:182} INFO - Started process (PID=149) to work on /home/airflow/.local/lib/python3.6/site-packages/airflow/example_dags/example_complex.py
[2025-04-01 19:09:05,646] {scheduler_job.py:629} INFO - Processing file /home/airflow/.local/lib/python3.6/site-packages/airflow/example_dags/example_complex.py for tasks to queue
[2025-04-01 19:09:05,647] {logging_mixin.py:104} INFO - [2025-04-01 19:09:05,647] {dagbag.py:451} INFO - Filling up the DagBag from /home/airflow/.local/lib/python3.6/site-packages/airflow/example_dags/example_complex.py
[2025-04-01 19:09:05,670] {scheduler_job.py:639} INFO - DAG(s) dict_keys(['example_complex']) retrieved from /home/airflow/.local/lib/python3.6/site-packages/airflow/example_dags/example_complex.py
[2025-04-01 19:09:05,706] {logging_mixin.py:104} INFO - [2025-04-01 19:09:05,706] {dag.py:1824} INFO - Sync 1 DAGs
[2025-04-01 19:09:05,725] {logging_mixin.py:104} INFO - [2025-04-01 19:09:05,725] {dag.py:2280} INFO - Setting next_dagrun for example_complex to None
[2025-04-01 19:09:05,740] {scheduler_job.py:190} INFO - Processing /home/airflow/.local/lib/python3.6/site-packages/airflow/example_dags/example_complex.py took 0.101 seconds
