[2025-04-01 19:07:03,298] {scheduler_job.py:182} INFO - Started process (PID=43) to work on /home/airflow/.local/lib/python3.6/site-packages/airflow/example_dags/tutorial_taskflow_api_etl.py
[2025-04-01 19:07:03,300] {scheduler_job.py:629} INFO - Processing file /home/airflow/.local/lib/python3.6/site-packages/airflow/example_dags/tutorial_taskflow_api_etl.py for tasks to queue
[2025-04-01 19:07:03,302] {logging_mixin.py:104} INFO - [2025-04-01 19:07:03,302] {dagbag.py:451} INFO - Filling up the DagBag from /home/airflow/.local/lib/python3.6/site-packages/airflow/example_dags/tutorial_taskflow_api_etl.py
[2025-04-01 19:07:03,325] {scheduler_job.py:639} INFO - DAG(s) dict_keys(['tutorial_taskflow_api_etl']) retrieved from /home/airflow/.local/lib/python3.6/site-packages/airflow/example_dags/tutorial_taskflow_api_etl.py
[2025-04-01 19:07:03,373] {logging_mixin.py:104} INFO - [2025-04-01 19:07:03,373] {dag.py:1824} INFO - Sync 1 DAGs
[2025-04-01 19:07:03,393] {logging_mixin.py:104} INFO - [2025-04-01 19:07:03,393] {dag.py:1843} INFO - Creating ORM DAG for tutorial_taskflow_api_etl
[2025-04-01 19:07:03,403] {logging_mixin.py:104} INFO - [2025-04-01 19:07:03,403] {dag.py:2280} INFO - Setting next_dagrun for tutorial_taskflow_api_etl to None
[2025-04-01 19:07:03,435] {scheduler_job.py:190} INFO - Processing /home/airflow/.local/lib/python3.6/site-packages/airflow/example_dags/tutorial_taskflow_api_etl.py took 0.146 seconds
[2025-04-01 19:07:33,790] {scheduler_job.py:182} INFO - Started process (PID=70) to work on /home/airflow/.local/lib/python3.6/site-packages/airflow/example_dags/tutorial_taskflow_api_etl.py
[2025-04-01 19:07:33,793] {scheduler_job.py:629} INFO - Processing file /home/airflow/.local/lib/python3.6/site-packages/airflow/example_dags/tutorial_taskflow_api_etl.py for tasks to queue
[2025-04-01 19:07:33,795] {logging_mixin.py:104} INFO - [2025-04-01 19:07:33,795] {dagbag.py:451} INFO - Filling up the DagBag from /home/airflow/.local/lib/python3.6/site-packages/airflow/example_dags/tutorial_taskflow_api_etl.py
[2025-04-01 19:07:33,815] {scheduler_job.py:639} INFO - DAG(s) dict_keys(['tutorial_taskflow_api_etl']) retrieved from /home/airflow/.local/lib/python3.6/site-packages/airflow/example_dags/tutorial_taskflow_api_etl.py
[2025-04-01 19:07:33,848] {logging_mixin.py:104} INFO - [2025-04-01 19:07:33,848] {dag.py:1824} INFO - Sync 1 DAGs
[2025-04-01 19:07:33,863] {logging_mixin.py:104} INFO - [2025-04-01 19:07:33,863] {dag.py:2280} INFO - Setting next_dagrun for tutorial_taskflow_api_etl to None
[2025-04-01 19:07:33,876] {scheduler_job.py:190} INFO - Processing /home/airflow/.local/lib/python3.6/site-packages/airflow/example_dags/tutorial_taskflow_api_etl.py took 0.093 seconds
[2025-04-01 19:08:04,739] {scheduler_job.py:182} INFO - Started process (PID=101) to work on /home/airflow/.local/lib/python3.6/site-packages/airflow/example_dags/tutorial_taskflow_api_etl.py
[2025-04-01 19:08:04,741] {scheduler_job.py:629} INFO - Processing file /home/airflow/.local/lib/python3.6/site-packages/airflow/example_dags/tutorial_taskflow_api_etl.py for tasks to queue
[2025-04-01 19:08:04,742] {logging_mixin.py:104} INFO - [2025-04-01 19:08:04,742] {dagbag.py:451} INFO - Filling up the DagBag from /home/airflow/.local/lib/python3.6/site-packages/airflow/example_dags/tutorial_taskflow_api_etl.py
[2025-04-01 19:08:04,759] {scheduler_job.py:639} INFO - DAG(s) dict_keys(['tutorial_taskflow_api_etl']) retrieved from /home/airflow/.local/lib/python3.6/site-packages/airflow/example_dags/tutorial_taskflow_api_etl.py
[2025-04-01 19:08:04,786] {logging_mixin.py:104} INFO - [2025-04-01 19:08:04,786] {dag.py:1824} INFO - Sync 1 DAGs
[2025-04-01 19:08:04,800] {logging_mixin.py:104} INFO - [2025-04-01 19:08:04,800] {dag.py:2280} INFO - Setting next_dagrun for tutorial_taskflow_api_etl to None
[2025-04-01 19:08:04,814] {scheduler_job.py:190} INFO - Processing /home/airflow/.local/lib/python3.6/site-packages/airflow/example_dags/tutorial_taskflow_api_etl.py took 0.078 seconds
[2025-04-01 19:08:35,386] {scheduler_job.py:182} INFO - Started process (PID=127) to work on /home/airflow/.local/lib/python3.6/site-packages/airflow/example_dags/tutorial_taskflow_api_etl.py
[2025-04-01 19:08:35,387] {scheduler_job.py:629} INFO - Processing file /home/airflow/.local/lib/python3.6/site-packages/airflow/example_dags/tutorial_taskflow_api_etl.py for tasks to queue
[2025-04-01 19:08:35,388] {logging_mixin.py:104} INFO - [2025-04-01 19:08:35,388] {dagbag.py:451} INFO - Filling up the DagBag from /home/airflow/.local/lib/python3.6/site-packages/airflow/example_dags/tutorial_taskflow_api_etl.py
[2025-04-01 19:08:35,397] {scheduler_job.py:639} INFO - DAG(s) dict_keys(['tutorial_taskflow_api_etl']) retrieved from /home/airflow/.local/lib/python3.6/site-packages/airflow/example_dags/tutorial_taskflow_api_etl.py
[2025-04-01 19:08:35,415] {logging_mixin.py:104} INFO - [2025-04-01 19:08:35,415] {dag.py:1824} INFO - Sync 1 DAGs
[2025-04-01 19:08:35,427] {logging_mixin.py:104} INFO - [2025-04-01 19:08:35,427] {dag.py:2280} INFO - Setting next_dagrun for tutorial_taskflow_api_etl to None
[2025-04-01 19:08:35,439] {scheduler_job.py:190} INFO - Processing /home/airflow/.local/lib/python3.6/site-packages/airflow/example_dags/tutorial_taskflow_api_etl.py took 0.056 seconds
[2025-04-01 19:09:05,883] {scheduler_job.py:182} INFO - Started process (PID=153) to work on /home/airflow/.local/lib/python3.6/site-packages/airflow/example_dags/tutorial_taskflow_api_etl.py
[2025-04-01 19:09:05,885] {scheduler_job.py:629} INFO - Processing file /home/airflow/.local/lib/python3.6/site-packages/airflow/example_dags/tutorial_taskflow_api_etl.py for tasks to queue
[2025-04-01 19:09:05,886] {logging_mixin.py:104} INFO - [2025-04-01 19:09:05,886] {dagbag.py:451} INFO - Filling up the DagBag from /home/airflow/.local/lib/python3.6/site-packages/airflow/example_dags/tutorial_taskflow_api_etl.py
[2025-04-01 19:09:05,899] {scheduler_job.py:639} INFO - DAG(s) dict_keys(['tutorial_taskflow_api_etl']) retrieved from /home/airflow/.local/lib/python3.6/site-packages/airflow/example_dags/tutorial_taskflow_api_etl.py
[2025-04-01 19:09:05,924] {logging_mixin.py:104} INFO - [2025-04-01 19:09:05,924] {dag.py:1824} INFO - Sync 1 DAGs
[2025-04-01 19:09:05,937] {logging_mixin.py:104} INFO - [2025-04-01 19:09:05,937] {dag.py:2280} INFO - Setting next_dagrun for tutorial_taskflow_api_etl to None
[2025-04-01 19:09:05,952] {scheduler_job.py:190} INFO - Processing /home/airflow/.local/lib/python3.6/site-packages/airflow/example_dags/tutorial_taskflow_api_etl.py took 0.074 seconds
