[2025-04-01 21:29:47,264] {scheduler_job.py:182} INFO - Started process (PID=40) to work on /opt/airflow/dags/tentando.py
[2025-04-01 21:29:47,266] {scheduler_job.py:629} INFO - Processing file /opt/airflow/dags/tentando.py for tasks to queue
[2025-04-01 21:29:47,268] {logging_mixin.py:104} INFO - [2025-04-01 21:29:47,267] {dagbag.py:451} INFO - Filling up the DagBag from /opt/airflow/dags/tentando.py
[2025-04-01 21:29:47,308] {scheduler_job.py:639} INFO - DAG(s) dict_keys(['simple_test_dag']) retrieved from /opt/airflow/dags/tentando.py
[2025-04-01 21:29:47,330] {logging_mixin.py:104} INFO - [2025-04-01 21:29:47,330] {dag.py:1824} INFO - Sync 1 DAGs
[2025-04-01 21:29:47,352] {logging_mixin.py:104} INFO - [2025-04-01 21:29:47,351] {dag.py:2280} INFO - Setting next_dagrun for simple_test_dag to 2024-01-01T00:00:00+00:00
[2025-04-01 21:29:47,368] {scheduler_job.py:190} INFO - Processing /opt/airflow/dags/tentando.py took 0.108 seconds
[2025-04-01 21:30:17,472] {scheduler_job.py:182} INFO - Started process (PID=42) to work on /opt/airflow/dags/tentando.py
[2025-04-01 21:30:17,473] {scheduler_job.py:629} INFO - Processing file /opt/airflow/dags/tentando.py for tasks to queue
[2025-04-01 21:30:17,474] {logging_mixin.py:104} INFO - [2025-04-01 21:30:17,474] {dagbag.py:451} INFO - Filling up the DagBag from /opt/airflow/dags/tentando.py
[2025-04-01 21:30:17,507] {scheduler_job.py:639} INFO - DAG(s) dict_keys(['simple_test_dag']) retrieved from /opt/airflow/dags/tentando.py
[2025-04-01 21:30:17,529] {logging_mixin.py:104} INFO - [2025-04-01 21:30:17,529] {dag.py:1824} INFO - Sync 1 DAGs
[2025-04-01 21:30:17,556] {logging_mixin.py:104} INFO - [2025-04-01 21:30:17,556] {dag.py:2280} INFO - Setting next_dagrun for simple_test_dag to None
[2025-04-01 21:30:17,570] {scheduler_job.py:190} INFO - Processing /opt/airflow/dags/tentando.py took 0.101 seconds
[2025-04-01 21:30:20,725] {scheduler_job.py:182} INFO - Started process (PID=44) to work on /opt/airflow/dags/tentando.py
[2025-04-01 21:30:20,727] {scheduler_job.py:629} INFO - Processing file /opt/airflow/dags/tentando.py for tasks to queue
[2025-04-01 21:30:20,729] {logging_mixin.py:104} INFO - [2025-04-01 21:30:20,728] {dagbag.py:451} INFO - Filling up the DagBag from /opt/airflow/dags/tentando.py
[2025-04-01 21:30:20,769] {scheduler_job.py:639} INFO - DAG(s) dict_keys(['simple_test_dag']) retrieved from /opt/airflow/dags/tentando.py
[2025-04-01 21:30:20,792] {scheduler_job.py:596} INFO - Executed failure callback for <TaskInstance: simple_test_dag.print_hello 2025-04-01 21:30:19.221719+00:00 [failed]> in state failed
[2025-04-01 21:30:20,796] {logging_mixin.py:104} INFO - [2025-04-01 21:30:20,796] {dag.py:1824} INFO - Sync 1 DAGs
[2025-04-01 21:30:20,807] {logging_mixin.py:104} INFO - [2025-04-01 21:30:20,807] {dag.py:2280} INFO - Setting next_dagrun for simple_test_dag to None
[2025-04-01 21:30:20,818] {scheduler_job.py:190} INFO - Processing /opt/airflow/dags/tentando.py took 0.097 seconds
[2025-04-01 21:30:50,915] {scheduler_job.py:182} INFO - Started process (PID=47) to work on /opt/airflow/dags/tentando.py
[2025-04-01 21:30:50,916] {scheduler_job.py:629} INFO - Processing file /opt/airflow/dags/tentando.py for tasks to queue
[2025-04-01 21:30:50,917] {logging_mixin.py:104} INFO - [2025-04-01 21:30:50,917] {dagbag.py:451} INFO - Filling up the DagBag from /opt/airflow/dags/tentando.py
[2025-04-01 21:30:50,985] {scheduler_job.py:639} INFO - DAG(s) dict_keys(['simple_test_dag']) retrieved from /opt/airflow/dags/tentando.py
[2025-04-01 21:30:51,008] {logging_mixin.py:104} INFO - [2025-04-01 21:30:51,007] {dag.py:1824} INFO - Sync 1 DAGs
[2025-04-01 21:30:51,022] {logging_mixin.py:104} INFO - [2025-04-01 21:30:51,022] {dag.py:2280} INFO - Setting next_dagrun for simple_test_dag to None
[2025-04-01 21:30:51,033] {scheduler_job.py:190} INFO - Processing /opt/airflow/dags/tentando.py took 0.121 seconds
[2025-04-01 21:31:21,113] {scheduler_job.py:182} INFO - Started process (PID=50) to work on /opt/airflow/dags/tentando.py
[2025-04-01 21:31:21,115] {scheduler_job.py:629} INFO - Processing file /opt/airflow/dags/tentando.py for tasks to queue
[2025-04-01 21:31:21,116] {logging_mixin.py:104} INFO - [2025-04-01 21:31:21,116] {dagbag.py:451} INFO - Filling up the DagBag from /opt/airflow/dags/tentando.py
[2025-04-01 21:31:21,151] {scheduler_job.py:639} INFO - DAG(s) dict_keys(['simple_test_dag']) retrieved from /opt/airflow/dags/tentando.py
[2025-04-01 21:31:21,184] {logging_mixin.py:104} INFO - [2025-04-01 21:31:21,184] {dag.py:1824} INFO - Sync 1 DAGs
[2025-04-01 21:31:21,199] {logging_mixin.py:104} INFO - [2025-04-01 21:31:21,199] {dag.py:2280} INFO - Setting next_dagrun for simple_test_dag to None
[2025-04-01 21:31:21,216] {scheduler_job.py:190} INFO - Processing /opt/airflow/dags/tentando.py took 0.107 seconds
[2025-04-01 21:31:51,367] {scheduler_job.py:182} INFO - Started process (PID=52) to work on /opt/airflow/dags/tentando.py
[2025-04-01 21:31:51,369] {scheduler_job.py:629} INFO - Processing file /opt/airflow/dags/tentando.py for tasks to queue
[2025-04-01 21:31:51,370] {logging_mixin.py:104} INFO - [2025-04-01 21:31:51,370] {dagbag.py:451} INFO - Filling up the DagBag from /opt/airflow/dags/tentando.py
[2025-04-01 21:31:51,397] {scheduler_job.py:639} INFO - DAG(s) dict_keys(['simple_test_dag']) retrieved from /opt/airflow/dags/tentando.py
[2025-04-01 21:31:51,416] {logging_mixin.py:104} INFO - [2025-04-01 21:31:51,416] {dag.py:1824} INFO - Sync 1 DAGs
[2025-04-01 21:31:51,429] {logging_mixin.py:104} INFO - [2025-04-01 21:31:51,429] {dag.py:2280} INFO - Setting next_dagrun for simple_test_dag to None
[2025-04-01 21:31:51,441] {scheduler_job.py:190} INFO - Processing /opt/airflow/dags/tentando.py took 0.078 seconds
[2025-04-01 21:32:21,590] {scheduler_job.py:182} INFO - Started process (PID=55) to work on /opt/airflow/dags/tentando.py
[2025-04-01 21:32:21,591] {scheduler_job.py:629} INFO - Processing file /opt/airflow/dags/tentando.py for tasks to queue
[2025-04-01 21:32:21,592] {logging_mixin.py:104} INFO - [2025-04-01 21:32:21,592] {dagbag.py:451} INFO - Filling up the DagBag from /opt/airflow/dags/tentando.py
[2025-04-01 21:32:21,623] {scheduler_job.py:639} INFO - DAG(s) dict_keys(['simple_test_dag']) retrieved from /opt/airflow/dags/tentando.py
[2025-04-01 21:32:21,642] {logging_mixin.py:104} INFO - [2025-04-01 21:32:21,641] {dag.py:1824} INFO - Sync 1 DAGs
[2025-04-01 21:32:21,658] {logging_mixin.py:104} INFO - [2025-04-01 21:32:21,657] {dag.py:2280} INFO - Setting next_dagrun for simple_test_dag to None
[2025-04-01 21:32:21,670] {scheduler_job.py:190} INFO - Processing /opt/airflow/dags/tentando.py took 0.083 seconds
[2025-04-01 21:32:51,810] {scheduler_job.py:182} INFO - Started process (PID=58) to work on /opt/airflow/dags/tentando.py
[2025-04-01 21:32:51,812] {scheduler_job.py:629} INFO - Processing file /opt/airflow/dags/tentando.py for tasks to queue
[2025-04-01 21:32:51,812] {logging_mixin.py:104} INFO - [2025-04-01 21:32:51,812] {dagbag.py:451} INFO - Filling up the DagBag from /opt/airflow/dags/tentando.py
[2025-04-01 21:32:51,843] {scheduler_job.py:639} INFO - DAG(s) dict_keys(['simple_test_dag']) retrieved from /opt/airflow/dags/tentando.py
[2025-04-01 21:32:51,867] {logging_mixin.py:104} INFO - [2025-04-01 21:32:51,867] {dag.py:1824} INFO - Sync 1 DAGs
[2025-04-01 21:32:51,882] {logging_mixin.py:104} INFO - [2025-04-01 21:32:51,882] {dag.py:2280} INFO - Setting next_dagrun for simple_test_dag to None
[2025-04-01 21:32:51,900] {scheduler_job.py:190} INFO - Processing /opt/airflow/dags/tentando.py took 0.093 seconds
[2025-04-01 21:33:22,027] {scheduler_job.py:182} INFO - Started process (PID=61) to work on /opt/airflow/dags/tentando.py
[2025-04-01 21:33:22,028] {scheduler_job.py:629} INFO - Processing file /opt/airflow/dags/tentando.py for tasks to queue
[2025-04-01 21:33:22,028] {logging_mixin.py:104} INFO - [2025-04-01 21:33:22,028] {dagbag.py:451} INFO - Filling up the DagBag from /opt/airflow/dags/tentando.py
[2025-04-01 21:33:22,056] {scheduler_job.py:639} INFO - DAG(s) dict_keys(['simple_test_dag']) retrieved from /opt/airflow/dags/tentando.py
[2025-04-01 21:33:22,076] {logging_mixin.py:104} INFO - [2025-04-01 21:33:22,076] {dag.py:1824} INFO - Sync 1 DAGs
[2025-04-01 21:33:22,091] {logging_mixin.py:104} INFO - [2025-04-01 21:33:22,091] {dag.py:2280} INFO - Setting next_dagrun for simple_test_dag to None
[2025-04-01 21:33:22,102] {scheduler_job.py:190} INFO - Processing /opt/airflow/dags/tentando.py took 0.078 seconds
[2025-04-01 21:33:52,232] {scheduler_job.py:182} INFO - Started process (PID=64) to work on /opt/airflow/dags/tentando.py
[2025-04-01 21:33:52,233] {scheduler_job.py:629} INFO - Processing file /opt/airflow/dags/tentando.py for tasks to queue
[2025-04-01 21:33:52,234] {logging_mixin.py:104} INFO - [2025-04-01 21:33:52,234] {dagbag.py:451} INFO - Filling up the DagBag from /opt/airflow/dags/tentando.py
[2025-04-01 21:33:52,260] {scheduler_job.py:639} INFO - DAG(s) dict_keys(['simple_test_dag']) retrieved from /opt/airflow/dags/tentando.py
[2025-04-01 21:33:52,274] {logging_mixin.py:104} INFO - [2025-04-01 21:33:52,274] {dag.py:1824} INFO - Sync 1 DAGs
[2025-04-01 21:33:52,287] {logging_mixin.py:104} INFO - [2025-04-01 21:33:52,287] {dag.py:2280} INFO - Setting next_dagrun for simple_test_dag to None
[2025-04-01 21:33:52,297] {scheduler_job.py:190} INFO - Processing /opt/airflow/dags/tentando.py took 0.068 seconds
[2025-04-01 21:34:22,420] {scheduler_job.py:182} INFO - Started process (PID=67) to work on /opt/airflow/dags/tentando.py
[2025-04-01 21:34:22,422] {scheduler_job.py:629} INFO - Processing file /opt/airflow/dags/tentando.py for tasks to queue
[2025-04-01 21:34:22,424] {logging_mixin.py:104} INFO - [2025-04-01 21:34:22,424] {dagbag.py:451} INFO - Filling up the DagBag from /opt/airflow/dags/tentando.py
[2025-04-01 21:34:22,457] {scheduler_job.py:639} INFO - DAG(s) dict_keys(['simple_test_dag']) retrieved from /opt/airflow/dags/tentando.py
[2025-04-01 21:34:22,486] {logging_mixin.py:104} INFO - [2025-04-01 21:34:22,486] {dag.py:1824} INFO - Sync 1 DAGs
[2025-04-01 21:34:22,503] {logging_mixin.py:104} INFO - [2025-04-01 21:34:22,503] {dag.py:2280} INFO - Setting next_dagrun for simple_test_dag to None
[2025-04-01 21:34:22,517] {scheduler_job.py:190} INFO - Processing /opt/airflow/dags/tentando.py took 0.100 seconds
[2025-04-01 21:34:52,694] {scheduler_job.py:182} INFO - Started process (PID=70) to work on /opt/airflow/dags/tentando.py
[2025-04-01 21:34:52,695] {scheduler_job.py:629} INFO - Processing file /opt/airflow/dags/tentando.py for tasks to queue
[2025-04-01 21:34:52,697] {logging_mixin.py:104} INFO - [2025-04-01 21:34:52,697] {dagbag.py:451} INFO - Filling up the DagBag from /opt/airflow/dags/tentando.py
[2025-04-01 21:34:52,729] {scheduler_job.py:639} INFO - DAG(s) dict_keys(['simple_test_dag']) retrieved from /opt/airflow/dags/tentando.py
[2025-04-01 21:34:52,759] {logging_mixin.py:104} INFO - [2025-04-01 21:34:52,759] {dag.py:1824} INFO - Sync 1 DAGs
[2025-04-01 21:34:52,775] {logging_mixin.py:104} INFO - [2025-04-01 21:34:52,775] {dag.py:2280} INFO - Setting next_dagrun for simple_test_dag to None
[2025-04-01 21:34:52,790] {scheduler_job.py:190} INFO - Processing /opt/airflow/dags/tentando.py took 0.099 seconds
[2025-04-01 21:35:22,909] {scheduler_job.py:182} INFO - Started process (PID=73) to work on /opt/airflow/dags/tentando.py
[2025-04-01 21:35:22,910] {scheduler_job.py:629} INFO - Processing file /opt/airflow/dags/tentando.py for tasks to queue
[2025-04-01 21:35:22,911] {logging_mixin.py:104} INFO - [2025-04-01 21:35:22,911] {dagbag.py:451} INFO - Filling up the DagBag from /opt/airflow/dags/tentando.py
[2025-04-01 21:35:22,943] {scheduler_job.py:639} INFO - DAG(s) dict_keys(['simple_test_dag']) retrieved from /opt/airflow/dags/tentando.py
[2025-04-01 21:35:22,962] {logging_mixin.py:104} INFO - [2025-04-01 21:35:22,962] {dag.py:1824} INFO - Sync 1 DAGs
[2025-04-01 21:35:22,978] {logging_mixin.py:104} INFO - [2025-04-01 21:35:22,978] {dag.py:2280} INFO - Setting next_dagrun for simple_test_dag to None
[2025-04-01 21:35:22,995] {scheduler_job.py:190} INFO - Processing /opt/airflow/dags/tentando.py took 0.090 seconds
[2025-04-01 21:35:53,126] {scheduler_job.py:182} INFO - Started process (PID=76) to work on /opt/airflow/dags/tentando.py
[2025-04-01 21:35:53,128] {scheduler_job.py:629} INFO - Processing file /opt/airflow/dags/tentando.py for tasks to queue
[2025-04-01 21:35:53,129] {logging_mixin.py:104} INFO - [2025-04-01 21:35:53,129] {dagbag.py:451} INFO - Filling up the DagBag from /opt/airflow/dags/tentando.py
[2025-04-01 21:35:53,163] {scheduler_job.py:639} INFO - DAG(s) dict_keys(['simple_test_dag']) retrieved from /opt/airflow/dags/tentando.py
[2025-04-01 21:35:53,187] {logging_mixin.py:104} INFO - [2025-04-01 21:35:53,187] {dag.py:1824} INFO - Sync 1 DAGs
[2025-04-01 21:35:53,201] {logging_mixin.py:104} INFO - [2025-04-01 21:35:53,200] {dag.py:2280} INFO - Setting next_dagrun for simple_test_dag to None
[2025-04-01 21:35:53,212] {scheduler_job.py:190} INFO - Processing /opt/airflow/dags/tentando.py took 0.090 seconds
[2025-04-01 21:36:23,337] {scheduler_job.py:182} INFO - Started process (PID=79) to work on /opt/airflow/dags/tentando.py
[2025-04-01 21:36:23,339] {scheduler_job.py:629} INFO - Processing file /opt/airflow/dags/tentando.py for tasks to queue
[2025-04-01 21:36:23,340] {logging_mixin.py:104} INFO - [2025-04-01 21:36:23,340] {dagbag.py:451} INFO - Filling up the DagBag from /opt/airflow/dags/tentando.py
[2025-04-01 21:36:23,364] {scheduler_job.py:639} INFO - DAG(s) dict_keys(['simple_test_dag']) retrieved from /opt/airflow/dags/tentando.py
[2025-04-01 21:36:23,379] {logging_mixin.py:104} INFO - [2025-04-01 21:36:23,379] {dag.py:1824} INFO - Sync 1 DAGs
[2025-04-01 21:36:23,390] {logging_mixin.py:104} INFO - [2025-04-01 21:36:23,390] {dag.py:2280} INFO - Setting next_dagrun for simple_test_dag to None
[2025-04-01 21:36:23,407] {scheduler_job.py:190} INFO - Processing /opt/airflow/dags/tentando.py took 0.074 seconds
[2025-04-01 21:36:53,560] {scheduler_job.py:182} INFO - Started process (PID=82) to work on /opt/airflow/dags/tentando.py
[2025-04-01 21:36:53,562] {scheduler_job.py:629} INFO - Processing file /opt/airflow/dags/tentando.py for tasks to queue
[2025-04-01 21:36:53,564] {logging_mixin.py:104} INFO - [2025-04-01 21:36:53,563] {dagbag.py:451} INFO - Filling up the DagBag from /opt/airflow/dags/tentando.py
[2025-04-01 21:36:53,587] {scheduler_job.py:639} INFO - DAG(s) dict_keys(['simple_test_dag']) retrieved from /opt/airflow/dags/tentando.py
[2025-04-01 21:36:53,602] {logging_mixin.py:104} INFO - [2025-04-01 21:36:53,602] {dag.py:1824} INFO - Sync 1 DAGs
[2025-04-01 21:36:53,617] {logging_mixin.py:104} INFO - [2025-04-01 21:36:53,617] {dag.py:2280} INFO - Setting next_dagrun for simple_test_dag to None
[2025-04-01 21:36:53,636] {scheduler_job.py:190} INFO - Processing /opt/airflow/dags/tentando.py took 0.080 seconds
[2025-04-01 21:37:23,793] {scheduler_job.py:182} INFO - Started process (PID=85) to work on /opt/airflow/dags/tentando.py
[2025-04-01 21:37:23,795] {scheduler_job.py:629} INFO - Processing file /opt/airflow/dags/tentando.py for tasks to queue
[2025-04-01 21:37:23,796] {logging_mixin.py:104} INFO - [2025-04-01 21:37:23,796] {dagbag.py:451} INFO - Filling up the DagBag from /opt/airflow/dags/tentando.py
[2025-04-01 21:37:23,841] {scheduler_job.py:639} INFO - DAG(s) dict_keys(['simple_test_dag']) retrieved from /opt/airflow/dags/tentando.py
[2025-04-01 21:37:23,872] {logging_mixin.py:104} INFO - [2025-04-01 21:37:23,872] {dag.py:1824} INFO - Sync 1 DAGs
[2025-04-01 21:37:23,887] {logging_mixin.py:104} INFO - [2025-04-01 21:37:23,887] {dag.py:2280} INFO - Setting next_dagrun for simple_test_dag to None
[2025-04-01 21:37:23,907] {scheduler_job.py:190} INFO - Processing /opt/airflow/dags/tentando.py took 0.120 seconds
[2025-04-01 21:37:54,010] {scheduler_job.py:182} INFO - Started process (PID=88) to work on /opt/airflow/dags/tentando.py
[2025-04-01 21:37:54,012] {scheduler_job.py:629} INFO - Processing file /opt/airflow/dags/tentando.py for tasks to queue
[2025-04-01 21:37:54,013] {logging_mixin.py:104} INFO - [2025-04-01 21:37:54,013] {dagbag.py:451} INFO - Filling up the DagBag from /opt/airflow/dags/tentando.py
[2025-04-01 21:37:54,047] {scheduler_job.py:639} INFO - DAG(s) dict_keys(['simple_test_dag']) retrieved from /opt/airflow/dags/tentando.py
[2025-04-01 21:37:54,065] {logging_mixin.py:104} INFO - [2025-04-01 21:37:54,065] {dag.py:1824} INFO - Sync 1 DAGs
[2025-04-01 21:37:54,077] {logging_mixin.py:104} INFO - [2025-04-01 21:37:54,077] {dag.py:2280} INFO - Setting next_dagrun for simple_test_dag to None
[2025-04-01 21:37:54,091] {scheduler_job.py:190} INFO - Processing /opt/airflow/dags/tentando.py took 0.086 seconds
[2025-04-01 21:38:24,222] {scheduler_job.py:182} INFO - Started process (PID=91) to work on /opt/airflow/dags/tentando.py
[2025-04-01 21:38:24,223] {scheduler_job.py:629} INFO - Processing file /opt/airflow/dags/tentando.py for tasks to queue
[2025-04-01 21:38:24,223] {logging_mixin.py:104} INFO - [2025-04-01 21:38:24,223] {dagbag.py:451} INFO - Filling up the DagBag from /opt/airflow/dags/tentando.py
[2025-04-01 21:38:24,255] {scheduler_job.py:639} INFO - DAG(s) dict_keys(['simple_test_dag']) retrieved from /opt/airflow/dags/tentando.py
[2025-04-01 21:38:24,272] {logging_mixin.py:104} INFO - [2025-04-01 21:38:24,272] {dag.py:1824} INFO - Sync 1 DAGs
[2025-04-01 21:38:24,287] {logging_mixin.py:104} INFO - [2025-04-01 21:38:24,287] {dag.py:2280} INFO - Setting next_dagrun for simple_test_dag to None
[2025-04-01 21:38:24,300] {scheduler_job.py:190} INFO - Processing /opt/airflow/dags/tentando.py took 0.081 seconds
[2025-04-01 21:38:54,444] {scheduler_job.py:182} INFO - Started process (PID=94) to work on /opt/airflow/dags/tentando.py
[2025-04-01 21:38:54,446] {scheduler_job.py:629} INFO - Processing file /opt/airflow/dags/tentando.py for tasks to queue
[2025-04-01 21:38:54,448] {logging_mixin.py:104} INFO - [2025-04-01 21:38:54,448] {dagbag.py:451} INFO - Filling up the DagBag from /opt/airflow/dags/tentando.py
[2025-04-01 21:38:54,485] {scheduler_job.py:639} INFO - DAG(s) dict_keys(['simple_test_dag']) retrieved from /opt/airflow/dags/tentando.py
[2025-04-01 21:38:54,503] {logging_mixin.py:104} INFO - [2025-04-01 21:38:54,503] {dag.py:1824} INFO - Sync 1 DAGs
[2025-04-01 21:38:54,516] {logging_mixin.py:104} INFO - [2025-04-01 21:38:54,516] {dag.py:2280} INFO - Setting next_dagrun for simple_test_dag to None
[2025-04-01 21:38:54,541] {scheduler_job.py:190} INFO - Processing /opt/airflow/dags/tentando.py took 0.101 seconds
[2025-04-01 21:39:24,650] {scheduler_job.py:182} INFO - Started process (PID=97) to work on /opt/airflow/dags/tentando.py
[2025-04-01 21:39:24,652] {scheduler_job.py:629} INFO - Processing file /opt/airflow/dags/tentando.py for tasks to queue
[2025-04-01 21:39:24,653] {logging_mixin.py:104} INFO - [2025-04-01 21:39:24,653] {dagbag.py:451} INFO - Filling up the DagBag from /opt/airflow/dags/tentando.py
[2025-04-01 21:39:24,676] {scheduler_job.py:639} INFO - DAG(s) dict_keys(['simple_test_dag']) retrieved from /opt/airflow/dags/tentando.py
[2025-04-01 21:39:24,692] {logging_mixin.py:104} INFO - [2025-04-01 21:39:24,692] {dag.py:1824} INFO - Sync 1 DAGs
[2025-04-01 21:39:24,706] {logging_mixin.py:104} INFO - [2025-04-01 21:39:24,706] {dag.py:2280} INFO - Setting next_dagrun for simple_test_dag to None
[2025-04-01 21:39:24,722] {scheduler_job.py:190} INFO - Processing /opt/airflow/dags/tentando.py took 0.076 seconds
[2025-04-01 21:39:54,912] {scheduler_job.py:182} INFO - Started process (PID=100) to work on /opt/airflow/dags/tentando.py
[2025-04-01 21:39:54,913] {scheduler_job.py:629} INFO - Processing file /opt/airflow/dags/tentando.py for tasks to queue
[2025-04-01 21:39:54,914] {logging_mixin.py:104} INFO - [2025-04-01 21:39:54,914] {dagbag.py:451} INFO - Filling up the DagBag from /opt/airflow/dags/tentando.py
[2025-04-01 21:39:54,940] {scheduler_job.py:639} INFO - DAG(s) dict_keys(['simple_test_dag']) retrieved from /opt/airflow/dags/tentando.py
[2025-04-01 21:39:54,952] {logging_mixin.py:104} INFO - [2025-04-01 21:39:54,952] {dag.py:1824} INFO - Sync 1 DAGs
[2025-04-01 21:39:54,964] {logging_mixin.py:104} INFO - [2025-04-01 21:39:54,964] {dag.py:2280} INFO - Setting next_dagrun for simple_test_dag to None
[2025-04-01 21:39:54,977] {scheduler_job.py:190} INFO - Processing /opt/airflow/dags/tentando.py took 0.067 seconds
[2025-04-01 21:40:25,082] {scheduler_job.py:182} INFO - Started process (PID=103) to work on /opt/airflow/dags/tentando.py
[2025-04-01 21:40:25,084] {scheduler_job.py:629} INFO - Processing file /opt/airflow/dags/tentando.py for tasks to queue
[2025-04-01 21:40:25,086] {logging_mixin.py:104} INFO - [2025-04-01 21:40:25,086] {dagbag.py:451} INFO - Filling up the DagBag from /opt/airflow/dags/tentando.py
[2025-04-01 21:40:25,116] {scheduler_job.py:639} INFO - DAG(s) dict_keys(['simple_test_dag']) retrieved from /opt/airflow/dags/tentando.py
[2025-04-01 21:40:25,137] {logging_mixin.py:104} INFO - [2025-04-01 21:40:25,137] {dag.py:1824} INFO - Sync 1 DAGs
[2025-04-01 21:40:25,150] {logging_mixin.py:104} INFO - [2025-04-01 21:40:25,150] {dag.py:2280} INFO - Setting next_dagrun for simple_test_dag to None
[2025-04-01 21:40:25,168] {scheduler_job.py:190} INFO - Processing /opt/airflow/dags/tentando.py took 0.089 seconds
[2025-04-01 21:40:55,301] {scheduler_job.py:182} INFO - Started process (PID=106) to work on /opt/airflow/dags/tentando.py
[2025-04-01 21:40:55,304] {scheduler_job.py:629} INFO - Processing file /opt/airflow/dags/tentando.py for tasks to queue
[2025-04-01 21:40:55,305] {logging_mixin.py:104} INFO - [2025-04-01 21:40:55,305] {dagbag.py:451} INFO - Filling up the DagBag from /opt/airflow/dags/tentando.py
[2025-04-01 21:40:55,342] {scheduler_job.py:639} INFO - DAG(s) dict_keys(['simple_test_dag']) retrieved from /opt/airflow/dags/tentando.py
[2025-04-01 21:40:55,362] {logging_mixin.py:104} INFO - [2025-04-01 21:40:55,362] {dag.py:1824} INFO - Sync 1 DAGs
[2025-04-01 21:40:55,377] {logging_mixin.py:104} INFO - [2025-04-01 21:40:55,377] {dag.py:2280} INFO - Setting next_dagrun for simple_test_dag to None
[2025-04-01 21:40:55,394] {scheduler_job.py:190} INFO - Processing /opt/airflow/dags/tentando.py took 0.097 seconds
[2025-04-01 21:41:25,541] {scheduler_job.py:182} INFO - Started process (PID=109) to work on /opt/airflow/dags/tentando.py
[2025-04-01 21:41:25,544] {scheduler_job.py:629} INFO - Processing file /opt/airflow/dags/tentando.py for tasks to queue
[2025-04-01 21:41:25,545] {logging_mixin.py:104} INFO - [2025-04-01 21:41:25,545] {dagbag.py:451} INFO - Filling up the DagBag from /opt/airflow/dags/tentando.py
[2025-04-01 21:41:25,596] {scheduler_job.py:639} INFO - DAG(s) dict_keys(['simple_test_dag']) retrieved from /opt/airflow/dags/tentando.py
[2025-04-01 21:41:25,611] {logging_mixin.py:104} INFO - [2025-04-01 21:41:25,611] {dag.py:1824} INFO - Sync 1 DAGs
[2025-04-01 21:41:25,622] {logging_mixin.py:104} INFO - [2025-04-01 21:41:25,622] {dag.py:2280} INFO - Setting next_dagrun for simple_test_dag to None
[2025-04-01 21:41:25,640] {scheduler_job.py:190} INFO - Processing /opt/airflow/dags/tentando.py took 0.104 seconds
[2025-04-01 21:41:54,492] {scheduler_job.py:182} INFO - Started process (PID=39) to work on /opt/airflow/dags/tentando.py
[2025-04-01 21:41:54,494] {scheduler_job.py:629} INFO - Processing file /opt/airflow/dags/tentando.py for tasks to queue
[2025-04-01 21:41:54,495] {logging_mixin.py:104} INFO - [2025-04-01 21:41:54,495] {dagbag.py:451} INFO - Filling up the DagBag from /opt/airflow/dags/tentando.py
[2025-04-01 21:41:54,554] {scheduler_job.py:639} INFO - DAG(s) dict_keys(['simple_test_dag']) retrieved from /opt/airflow/dags/tentando.py
[2025-04-01 21:41:54,582] {logging_mixin.py:104} INFO - [2025-04-01 21:41:54,582] {dag.py:1824} INFO - Sync 1 DAGs
[2025-04-01 21:41:54,620] {logging_mixin.py:104} INFO - [2025-04-01 21:41:54,620] {dag.py:2280} INFO - Setting next_dagrun for simple_test_dag to None
[2025-04-01 21:41:54,638] {scheduler_job.py:190} INFO - Processing /opt/airflow/dags/tentando.py took 0.149 seconds
[2025-04-01 21:42:24,758] {scheduler_job.py:182} INFO - Started process (PID=42) to work on /opt/airflow/dags/tentando.py
[2025-04-01 21:42:24,759] {scheduler_job.py:629} INFO - Processing file /opt/airflow/dags/tentando.py for tasks to queue
[2025-04-01 21:42:24,760] {logging_mixin.py:104} INFO - [2025-04-01 21:42:24,760] {dagbag.py:451} INFO - Filling up the DagBag from /opt/airflow/dags/tentando.py
[2025-04-01 21:42:24,792] {scheduler_job.py:639} INFO - DAG(s) dict_keys(['simple_test_dag']) retrieved from /opt/airflow/dags/tentando.py
[2025-04-01 21:42:24,812] {logging_mixin.py:104} INFO - [2025-04-01 21:42:24,812] {dag.py:1824} INFO - Sync 1 DAGs
[2025-04-01 21:42:24,826] {logging_mixin.py:104} INFO - [2025-04-01 21:42:24,826] {dag.py:2280} INFO - Setting next_dagrun for simple_test_dag to None
[2025-04-01 21:42:24,836] {scheduler_job.py:190} INFO - Processing /opt/airflow/dags/tentando.py took 0.081 seconds
[2025-04-01 21:42:56,754] {scheduler_job.py:182} INFO - Started process (PID=38) to work on /opt/airflow/dags/tentando.py
[2025-04-01 21:42:56,759] {scheduler_job.py:629} INFO - Processing file /opt/airflow/dags/tentando.py for tasks to queue
[2025-04-01 21:42:56,762] {logging_mixin.py:104} INFO - [2025-04-01 21:42:56,761] {dagbag.py:451} INFO - Filling up the DagBag from /opt/airflow/dags/tentando.py
[2025-04-01 21:42:56,854] {scheduler_job.py:639} INFO - DAG(s) dict_keys(['simple_test_dag']) retrieved from /opt/airflow/dags/tentando.py
[2025-04-01 21:42:56,915] {logging_mixin.py:104} INFO - [2025-04-01 21:42:56,915] {dag.py:1824} INFO - Sync 1 DAGs
[2025-04-01 21:42:56,935] {logging_mixin.py:104} INFO - [2025-04-01 21:42:56,935] {dag.py:1843} INFO - Creating ORM DAG for simple_test_dag
[2025-04-01 21:42:56,947] {logging_mixin.py:104} INFO - [2025-04-01 21:42:56,947] {dag.py:2280} INFO - Setting next_dagrun for simple_test_dag to 2024-01-01T00:00:00+00:00
[2025-04-01 21:42:56,986] {scheduler_job.py:190} INFO - Processing /opt/airflow/dags/tentando.py took 0.240 seconds
[2025-04-01 21:43:27,086] {scheduler_job.py:182} INFO - Started process (PID=41) to work on /opt/airflow/dags/tentando.py
[2025-04-01 21:43:27,088] {scheduler_job.py:629} INFO - Processing file /opt/airflow/dags/tentando.py for tasks to queue
[2025-04-01 21:43:27,089] {logging_mixin.py:104} INFO - [2025-04-01 21:43:27,088] {dagbag.py:451} INFO - Filling up the DagBag from /opt/airflow/dags/tentando.py
[2025-04-01 21:43:27,119] {scheduler_job.py:639} INFO - DAG(s) dict_keys(['simple_test_dag']) retrieved from /opt/airflow/dags/tentando.py
[2025-04-01 21:43:27,144] {logging_mixin.py:104} INFO - [2025-04-01 21:43:27,143] {dag.py:1824} INFO - Sync 1 DAGs
[2025-04-01 21:43:27,160] {logging_mixin.py:104} INFO - [2025-04-01 21:43:27,160] {dag.py:2280} INFO - Setting next_dagrun for simple_test_dag to 2024-01-01T00:00:00+00:00
[2025-04-01 21:43:27,171] {scheduler_job.py:190} INFO - Processing /opt/airflow/dags/tentando.py took 0.089 seconds
[2025-04-01 21:43:57,306] {scheduler_job.py:182} INFO - Started process (PID=44) to work on /opt/airflow/dags/tentando.py
[2025-04-01 21:43:57,307] {scheduler_job.py:629} INFO - Processing file /opt/airflow/dags/tentando.py for tasks to queue
[2025-04-01 21:43:57,309] {logging_mixin.py:104} INFO - [2025-04-01 21:43:57,308] {dagbag.py:451} INFO - Filling up the DagBag from /opt/airflow/dags/tentando.py
[2025-04-01 21:43:57,343] {scheduler_job.py:639} INFO - DAG(s) dict_keys(['simple_test_dag']) retrieved from /opt/airflow/dags/tentando.py
[2025-04-01 21:43:57,367] {logging_mixin.py:104} INFO - [2025-04-01 21:43:57,366] {dag.py:1824} INFO - Sync 1 DAGs
[2025-04-01 21:43:57,381] {logging_mixin.py:104} INFO - [2025-04-01 21:43:57,381] {dag.py:2280} INFO - Setting next_dagrun for simple_test_dag to 2024-01-01T00:00:00+00:00
[2025-04-01 21:43:57,393] {scheduler_job.py:190} INFO - Processing /opt/airflow/dags/tentando.py took 0.091 seconds
[2025-04-01 21:44:27,520] {scheduler_job.py:182} INFO - Started process (PID=47) to work on /opt/airflow/dags/tentando.py
[2025-04-01 21:44:27,522] {scheduler_job.py:629} INFO - Processing file /opt/airflow/dags/tentando.py for tasks to queue
[2025-04-01 21:44:27,523] {logging_mixin.py:104} INFO - [2025-04-01 21:44:27,523] {dagbag.py:451} INFO - Filling up the DagBag from /opt/airflow/dags/tentando.py
[2025-04-01 21:44:27,560] {scheduler_job.py:639} INFO - DAG(s) dict_keys(['simple_test_dag']) retrieved from /opt/airflow/dags/tentando.py
[2025-04-01 21:44:27,584] {logging_mixin.py:104} INFO - [2025-04-01 21:44:27,584] {dag.py:1824} INFO - Sync 1 DAGs
[2025-04-01 21:44:27,601] {logging_mixin.py:104} INFO - [2025-04-01 21:44:27,601] {dag.py:2280} INFO - Setting next_dagrun for simple_test_dag to 2024-01-01T00:00:00+00:00
[2025-04-01 21:44:27,614] {scheduler_job.py:190} INFO - Processing /opt/airflow/dags/tentando.py took 0.099 seconds
[2025-04-01 21:44:57,746] {scheduler_job.py:182} INFO - Started process (PID=50) to work on /opt/airflow/dags/tentando.py
[2025-04-01 21:44:57,747] {scheduler_job.py:629} INFO - Processing file /opt/airflow/dags/tentando.py for tasks to queue
[2025-04-01 21:44:57,747] {logging_mixin.py:104} INFO - [2025-04-01 21:44:57,747] {dagbag.py:451} INFO - Filling up the DagBag from /opt/airflow/dags/tentando.py
[2025-04-01 21:44:57,774] {scheduler_job.py:639} INFO - DAG(s) dict_keys(['simple_test_dag']) retrieved from /opt/airflow/dags/tentando.py
[2025-04-01 21:44:57,801] {logging_mixin.py:104} INFO - [2025-04-01 21:44:57,801] {dag.py:1824} INFO - Sync 1 DAGs
[2025-04-01 21:44:57,830] {logging_mixin.py:104} INFO - [2025-04-01 21:44:57,830] {dag.py:2280} INFO - Setting next_dagrun for simple_test_dag to 2024-01-01T00:00:00+00:00
[2025-04-01 21:44:57,845] {scheduler_job.py:190} INFO - Processing /opt/airflow/dags/tentando.py took 0.101 seconds
[2025-04-01 21:45:27,964] {scheduler_job.py:182} INFO - Started process (PID=53) to work on /opt/airflow/dags/tentando.py
[2025-04-01 21:45:27,966] {scheduler_job.py:629} INFO - Processing file /opt/airflow/dags/tentando.py for tasks to queue
[2025-04-01 21:45:27,969] {logging_mixin.py:104} INFO - [2025-04-01 21:45:27,969] {dagbag.py:451} INFO - Filling up the DagBag from /opt/airflow/dags/tentando.py
[2025-04-01 21:45:28,006] {scheduler_job.py:639} INFO - DAG(s) dict_keys(['simple_test_dag']) retrieved from /opt/airflow/dags/tentando.py
[2025-04-01 21:45:28,033] {logging_mixin.py:104} INFO - [2025-04-01 21:45:28,033] {dag.py:1824} INFO - Sync 1 DAGs
[2025-04-01 21:45:28,069] {logging_mixin.py:104} INFO - [2025-04-01 21:45:28,068] {dag.py:2280} INFO - Setting next_dagrun for simple_test_dag to 2024-01-01T00:00:00+00:00
[2025-04-01 21:45:28,081] {scheduler_job.py:190} INFO - Processing /opt/airflow/dags/tentando.py took 0.121 seconds
[2025-04-01 21:45:58,202] {scheduler_job.py:182} INFO - Started process (PID=56) to work on /opt/airflow/dags/tentando.py
[2025-04-01 21:45:58,204] {scheduler_job.py:629} INFO - Processing file /opt/airflow/dags/tentando.py for tasks to queue
[2025-04-01 21:45:58,206] {logging_mixin.py:104} INFO - [2025-04-01 21:45:58,206] {dagbag.py:451} INFO - Filling up the DagBag from /opt/airflow/dags/tentando.py
[2025-04-01 21:45:58,243] {scheduler_job.py:639} INFO - DAG(s) dict_keys(['simple_test_dag']) retrieved from /opt/airflow/dags/tentando.py
[2025-04-01 21:45:58,271] {logging_mixin.py:104} INFO - [2025-04-01 21:45:58,271] {dag.py:1824} INFO - Sync 1 DAGs
[2025-04-01 21:45:58,288] {logging_mixin.py:104} INFO - [2025-04-01 21:45:58,288] {dag.py:2280} INFO - Setting next_dagrun for simple_test_dag to 2024-01-01T00:00:00+00:00
[2025-04-01 21:45:58,300] {scheduler_job.py:190} INFO - Processing /opt/airflow/dags/tentando.py took 0.105 seconds
[2025-04-01 21:46:28,423] {scheduler_job.py:182} INFO - Started process (PID=59) to work on /opt/airflow/dags/tentando.py
[2025-04-01 21:46:28,424] {scheduler_job.py:629} INFO - Processing file /opt/airflow/dags/tentando.py for tasks to queue
[2025-04-01 21:46:28,425] {logging_mixin.py:104} INFO - [2025-04-01 21:46:28,425] {dagbag.py:451} INFO - Filling up the DagBag from /opt/airflow/dags/tentando.py
[2025-04-01 21:46:28,453] {scheduler_job.py:639} INFO - DAG(s) dict_keys(['simple_test_dag']) retrieved from /opt/airflow/dags/tentando.py
[2025-04-01 21:46:28,471] {logging_mixin.py:104} INFO - [2025-04-01 21:46:28,470] {dag.py:1824} INFO - Sync 1 DAGs
[2025-04-01 21:46:28,483] {logging_mixin.py:104} INFO - [2025-04-01 21:46:28,483] {dag.py:2280} INFO - Setting next_dagrun for simple_test_dag to 2024-01-01T00:00:00+00:00
[2025-04-01 21:46:28,496] {scheduler_job.py:190} INFO - Processing /opt/airflow/dags/tentando.py took 0.076 seconds
[2025-04-01 21:46:58,644] {scheduler_job.py:182} INFO - Started process (PID=62) to work on /opt/airflow/dags/tentando.py
[2025-04-01 21:46:58,646] {scheduler_job.py:629} INFO - Processing file /opt/airflow/dags/tentando.py for tasks to queue
[2025-04-01 21:46:58,647] {logging_mixin.py:104} INFO - [2025-04-01 21:46:58,647] {dagbag.py:451} INFO - Filling up the DagBag from /opt/airflow/dags/tentando.py
[2025-04-01 21:46:58,683] {scheduler_job.py:639} INFO - DAG(s) dict_keys(['simple_test_dag']) retrieved from /opt/airflow/dags/tentando.py
[2025-04-01 21:46:58,703] {logging_mixin.py:104} INFO - [2025-04-01 21:46:58,703] {dag.py:1824} INFO - Sync 1 DAGs
[2025-04-01 21:46:58,735] {logging_mixin.py:104} INFO - [2025-04-01 21:46:58,735] {dag.py:2280} INFO - Setting next_dagrun for simple_test_dag to 2024-01-01T00:00:00+00:00
[2025-04-01 21:46:58,749] {scheduler_job.py:190} INFO - Processing /opt/airflow/dags/tentando.py took 0.107 seconds
[2025-04-01 21:47:28,881] {scheduler_job.py:182} INFO - Started process (PID=65) to work on /opt/airflow/dags/tentando.py
[2025-04-01 21:47:28,883] {scheduler_job.py:629} INFO - Processing file /opt/airflow/dags/tentando.py for tasks to queue
[2025-04-01 21:47:28,884] {logging_mixin.py:104} INFO - [2025-04-01 21:47:28,884] {dagbag.py:451} INFO - Filling up the DagBag from /opt/airflow/dags/tentando.py
[2025-04-01 21:47:28,923] {scheduler_job.py:639} INFO - DAG(s) dict_keys(['simple_test_dag']) retrieved from /opt/airflow/dags/tentando.py
[2025-04-01 21:47:28,942] {logging_mixin.py:104} INFO - [2025-04-01 21:47:28,942] {dag.py:1824} INFO - Sync 1 DAGs
[2025-04-01 21:47:28,956] {logging_mixin.py:104} INFO - [2025-04-01 21:47:28,956] {dag.py:2280} INFO - Setting next_dagrun for simple_test_dag to 2024-01-01T00:00:00+00:00
[2025-04-01 21:47:28,969] {scheduler_job.py:190} INFO - Processing /opt/airflow/dags/tentando.py took 0.092 seconds
[2025-04-01 21:47:59,173] {scheduler_job.py:182} INFO - Started process (PID=68) to work on /opt/airflow/dags/tentando.py
[2025-04-01 21:47:59,175] {scheduler_job.py:629} INFO - Processing file /opt/airflow/dags/tentando.py for tasks to queue
[2025-04-01 21:47:59,176] {logging_mixin.py:104} INFO - [2025-04-01 21:47:59,175] {dagbag.py:451} INFO - Filling up the DagBag from /opt/airflow/dags/tentando.py
[2025-04-01 21:47:59,201] {scheduler_job.py:639} INFO - DAG(s) dict_keys(['simple_test_dag']) retrieved from /opt/airflow/dags/tentando.py
[2025-04-01 21:47:59,225] {logging_mixin.py:104} INFO - [2025-04-01 21:47:59,225] {dag.py:1824} INFO - Sync 1 DAGs
[2025-04-01 21:47:59,259] {logging_mixin.py:104} INFO - [2025-04-01 21:47:59,259] {dag.py:2280} INFO - Setting next_dagrun for simple_test_dag to 2024-01-01T00:00:00+00:00
[2025-04-01 21:47:59,271] {scheduler_job.py:190} INFO - Processing /opt/airflow/dags/tentando.py took 0.101 seconds
[2025-04-01 21:48:29,402] {scheduler_job.py:182} INFO - Started process (PID=71) to work on /opt/airflow/dags/tentando.py
[2025-04-01 21:48:29,404] {scheduler_job.py:629} INFO - Processing file /opt/airflow/dags/tentando.py for tasks to queue
[2025-04-01 21:48:29,405] {logging_mixin.py:104} INFO - [2025-04-01 21:48:29,405] {dagbag.py:451} INFO - Filling up the DagBag from /opt/airflow/dags/tentando.py
[2025-04-01 21:48:29,440] {scheduler_job.py:639} INFO - DAG(s) dict_keys(['simple_test_dag']) retrieved from /opt/airflow/dags/tentando.py
[2025-04-01 21:48:29,461] {logging_mixin.py:104} INFO - [2025-04-01 21:48:29,461] {dag.py:1824} INFO - Sync 1 DAGs
[2025-04-01 21:48:29,476] {logging_mixin.py:104} INFO - [2025-04-01 21:48:29,476] {dag.py:2280} INFO - Setting next_dagrun for simple_test_dag to 2024-01-01T00:00:00+00:00
[2025-04-01 21:48:29,492] {scheduler_job.py:190} INFO - Processing /opt/airflow/dags/tentando.py took 0.094 seconds
[2025-04-01 21:48:59,631] {scheduler_job.py:182} INFO - Started process (PID=74) to work on /opt/airflow/dags/tentando.py
[2025-04-01 21:48:59,632] {scheduler_job.py:629} INFO - Processing file /opt/airflow/dags/tentando.py for tasks to queue
[2025-04-01 21:48:59,633] {logging_mixin.py:104} INFO - [2025-04-01 21:48:59,633] {dagbag.py:451} INFO - Filling up the DagBag from /opt/airflow/dags/tentando.py
[2025-04-01 21:48:59,658] {scheduler_job.py:639} INFO - DAG(s) dict_keys(['simple_test_dag']) retrieved from /opt/airflow/dags/tentando.py
[2025-04-01 21:48:59,679] {logging_mixin.py:104} INFO - [2025-04-01 21:48:59,679] {dag.py:1824} INFO - Sync 1 DAGs
[2025-04-01 21:48:59,708] {logging_mixin.py:104} INFO - [2025-04-01 21:48:59,708] {dag.py:2280} INFO - Setting next_dagrun for simple_test_dag to 2024-01-01T00:00:00+00:00
[2025-04-01 21:48:59,730] {scheduler_job.py:190} INFO - Processing /opt/airflow/dags/tentando.py took 0.102 seconds
[2025-04-01 21:49:29,884] {scheduler_job.py:182} INFO - Started process (PID=77) to work on /opt/airflow/dags/tentando.py
[2025-04-01 21:49:29,886] {scheduler_job.py:629} INFO - Processing file /opt/airflow/dags/tentando.py for tasks to queue
[2025-04-01 21:49:29,887] {logging_mixin.py:104} INFO - [2025-04-01 21:49:29,886] {dagbag.py:451} INFO - Filling up the DagBag from /opt/airflow/dags/tentando.py
[2025-04-01 21:49:29,927] {scheduler_job.py:639} INFO - DAG(s) dict_keys(['simple_test_dag']) retrieved from /opt/airflow/dags/tentando.py
[2025-04-01 21:49:29,945] {logging_mixin.py:104} INFO - [2025-04-01 21:49:29,945] {dag.py:1824} INFO - Sync 1 DAGs
[2025-04-01 21:49:29,960] {logging_mixin.py:104} INFO - [2025-04-01 21:49:29,960] {dag.py:2280} INFO - Setting next_dagrun for simple_test_dag to 2024-01-01T00:00:00+00:00
[2025-04-01 21:49:29,980] {scheduler_job.py:190} INFO - Processing /opt/airflow/dags/tentando.py took 0.098 seconds
[2025-04-01 21:50:00,109] {scheduler_job.py:182} INFO - Started process (PID=80) to work on /opt/airflow/dags/tentando.py
[2025-04-01 21:50:00,111] {scheduler_job.py:629} INFO - Processing file /opt/airflow/dags/tentando.py for tasks to queue
[2025-04-01 21:50:00,112] {logging_mixin.py:104} INFO - [2025-04-01 21:50:00,112] {dagbag.py:451} INFO - Filling up the DagBag from /opt/airflow/dags/tentando.py
[2025-04-01 21:50:00,138] {scheduler_job.py:639} INFO - DAG(s) dict_keys(['simple_test_dag']) retrieved from /opt/airflow/dags/tentando.py
[2025-04-01 21:50:00,157] {logging_mixin.py:104} INFO - [2025-04-01 21:50:00,157] {dag.py:1824} INFO - Sync 1 DAGs
[2025-04-01 21:50:00,180] {logging_mixin.py:104} INFO - [2025-04-01 21:50:00,180] {dag.py:2280} INFO - Setting next_dagrun for simple_test_dag to 2024-01-01T00:00:00+00:00
[2025-04-01 21:50:00,199] {scheduler_job.py:190} INFO - Processing /opt/airflow/dags/tentando.py took 0.093 seconds
[2025-04-01 21:50:30,327] {scheduler_job.py:182} INFO - Started process (PID=83) to work on /opt/airflow/dags/tentando.py
[2025-04-01 21:50:30,329] {scheduler_job.py:629} INFO - Processing file /opt/airflow/dags/tentando.py for tasks to queue
[2025-04-01 21:50:30,330] {logging_mixin.py:104} INFO - [2025-04-01 21:50:30,330] {dagbag.py:451} INFO - Filling up the DagBag from /opt/airflow/dags/tentando.py
[2025-04-01 21:50:30,362] {scheduler_job.py:639} INFO - DAG(s) dict_keys(['simple_test_dag']) retrieved from /opt/airflow/dags/tentando.py
[2025-04-01 21:50:30,389] {logging_mixin.py:104} INFO - [2025-04-01 21:50:30,389] {dag.py:1824} INFO - Sync 1 DAGs
[2025-04-01 21:50:30,403] {logging_mixin.py:104} INFO - [2025-04-01 21:50:30,403] {dag.py:2280} INFO - Setting next_dagrun for simple_test_dag to 2024-01-01T00:00:00+00:00
[2025-04-01 21:50:30,414] {scheduler_job.py:190} INFO - Processing /opt/airflow/dags/tentando.py took 0.091 seconds
[2025-04-01 21:51:00,569] {scheduler_job.py:182} INFO - Started process (PID=86) to work on /opt/airflow/dags/tentando.py
[2025-04-01 21:51:00,570] {scheduler_job.py:629} INFO - Processing file /opt/airflow/dags/tentando.py for tasks to queue
[2025-04-01 21:51:00,571] {logging_mixin.py:104} INFO - [2025-04-01 21:51:00,571] {dagbag.py:451} INFO - Filling up the DagBag from /opt/airflow/dags/tentando.py
[2025-04-01 21:51:00,609] {scheduler_job.py:639} INFO - DAG(s) dict_keys(['simple_test_dag']) retrieved from /opt/airflow/dags/tentando.py
[2025-04-01 21:51:00,631] {logging_mixin.py:104} INFO - [2025-04-01 21:51:00,631] {dag.py:1824} INFO - Sync 1 DAGs
[2025-04-01 21:51:00,645] {logging_mixin.py:104} INFO - [2025-04-01 21:51:00,645] {dag.py:2280} INFO - Setting next_dagrun for simple_test_dag to 2024-01-01T00:00:00+00:00
[2025-04-01 21:51:00,664] {scheduler_job.py:190} INFO - Processing /opt/airflow/dags/tentando.py took 0.100 seconds
[2025-04-01 21:51:30,858] {scheduler_job.py:182} INFO - Started process (PID=89) to work on /opt/airflow/dags/tentando.py
[2025-04-01 21:51:30,861] {scheduler_job.py:629} INFO - Processing file /opt/airflow/dags/tentando.py for tasks to queue
[2025-04-01 21:51:30,862] {logging_mixin.py:104} INFO - [2025-04-01 21:51:30,862] {dagbag.py:451} INFO - Filling up the DagBag from /opt/airflow/dags/tentando.py
[2025-04-01 21:51:30,893] {scheduler_job.py:639} INFO - DAG(s) dict_keys(['simple_test_dag']) retrieved from /opt/airflow/dags/tentando.py
[2025-04-01 21:51:30,910] {logging_mixin.py:104} INFO - [2025-04-01 21:51:30,910] {dag.py:1824} INFO - Sync 1 DAGs
[2025-04-01 21:51:30,923] {logging_mixin.py:104} INFO - [2025-04-01 21:51:30,922] {dag.py:2280} INFO - Setting next_dagrun for simple_test_dag to 2024-01-01T00:00:00+00:00
[2025-04-01 21:51:30,939] {scheduler_job.py:190} INFO - Processing /opt/airflow/dags/tentando.py took 0.084 seconds
[2025-04-01 21:52:01,087] {scheduler_job.py:182} INFO - Started process (PID=92) to work on /opt/airflow/dags/tentando.py
[2025-04-01 21:52:01,089] {scheduler_job.py:629} INFO - Processing file /opt/airflow/dags/tentando.py for tasks to queue
[2025-04-01 21:52:01,090] {logging_mixin.py:104} INFO - [2025-04-01 21:52:01,090] {dagbag.py:451} INFO - Filling up the DagBag from /opt/airflow/dags/tentando.py
[2025-04-01 21:52:01,123] {scheduler_job.py:639} INFO - DAG(s) dict_keys(['simple_test_dag']) retrieved from /opt/airflow/dags/tentando.py
[2025-04-01 21:52:01,145] {logging_mixin.py:104} INFO - [2025-04-01 21:52:01,145] {dag.py:1824} INFO - Sync 1 DAGs
[2025-04-01 21:52:01,172] {logging_mixin.py:104} INFO - [2025-04-01 21:52:01,172] {dag.py:2280} INFO - Setting next_dagrun for simple_test_dag to 2024-01-01T00:00:00+00:00
[2025-04-01 21:52:01,185] {scheduler_job.py:190} INFO - Processing /opt/airflow/dags/tentando.py took 0.100 seconds
[2025-04-01 21:52:31,302] {scheduler_job.py:182} INFO - Started process (PID=95) to work on /opt/airflow/dags/tentando.py
[2025-04-01 21:52:31,304] {scheduler_job.py:629} INFO - Processing file /opt/airflow/dags/tentando.py for tasks to queue
[2025-04-01 21:52:31,305] {logging_mixin.py:104} INFO - [2025-04-01 21:52:31,305] {dagbag.py:451} INFO - Filling up the DagBag from /opt/airflow/dags/tentando.py
[2025-04-01 21:52:31,344] {scheduler_job.py:639} INFO - DAG(s) dict_keys(['simple_test_dag']) retrieved from /opt/airflow/dags/tentando.py
[2025-04-01 21:52:31,362] {logging_mixin.py:104} INFO - [2025-04-01 21:52:31,362] {dag.py:1824} INFO - Sync 1 DAGs
[2025-04-01 21:52:31,374] {logging_mixin.py:104} INFO - [2025-04-01 21:52:31,374] {dag.py:2280} INFO - Setting next_dagrun for simple_test_dag to 2024-01-01T00:00:00+00:00
[2025-04-01 21:52:31,384] {scheduler_job.py:190} INFO - Processing /opt/airflow/dags/tentando.py took 0.086 seconds
[2025-04-01 21:53:01,598] {scheduler_job.py:182} INFO - Started process (PID=98) to work on /opt/airflow/dags/tentando.py
[2025-04-01 21:53:01,600] {scheduler_job.py:629} INFO - Processing file /opt/airflow/dags/tentando.py for tasks to queue
[2025-04-01 21:53:01,601] {logging_mixin.py:104} INFO - [2025-04-01 21:53:01,601] {dagbag.py:451} INFO - Filling up the DagBag from /opt/airflow/dags/tentando.py
[2025-04-01 21:53:01,628] {scheduler_job.py:639} INFO - DAG(s) dict_keys(['simple_test_dag']) retrieved from /opt/airflow/dags/tentando.py
[2025-04-01 21:53:01,648] {logging_mixin.py:104} INFO - [2025-04-01 21:53:01,648] {dag.py:1824} INFO - Sync 1 DAGs
[2025-04-01 21:53:01,658] {logging_mixin.py:104} INFO - [2025-04-01 21:53:01,658] {dag.py:2280} INFO - Setting next_dagrun for simple_test_dag to 2024-01-01T00:00:00+00:00
[2025-04-01 21:53:01,672] {scheduler_job.py:190} INFO - Processing /opt/airflow/dags/tentando.py took 0.077 seconds
[2025-04-01 21:53:31,791] {scheduler_job.py:182} INFO - Started process (PID=101) to work on /opt/airflow/dags/tentando.py
[2025-04-01 21:53:31,794] {scheduler_job.py:629} INFO - Processing file /opt/airflow/dags/tentando.py for tasks to queue
[2025-04-01 21:53:31,795] {logging_mixin.py:104} INFO - [2025-04-01 21:53:31,795] {dagbag.py:451} INFO - Filling up the DagBag from /opt/airflow/dags/tentando.py
[2025-04-01 21:53:31,829] {scheduler_job.py:639} INFO - DAG(s) dict_keys(['simple_test_dag']) retrieved from /opt/airflow/dags/tentando.py
[2025-04-01 21:53:31,847] {logging_mixin.py:104} INFO - [2025-04-01 21:53:31,847] {dag.py:1824} INFO - Sync 1 DAGs
[2025-04-01 21:53:31,860] {logging_mixin.py:104} INFO - [2025-04-01 21:53:31,860] {dag.py:2280} INFO - Setting next_dagrun for simple_test_dag to 2024-01-01T00:00:00+00:00
[2025-04-01 21:53:31,880] {scheduler_job.py:190} INFO - Processing /opt/airflow/dags/tentando.py took 0.095 seconds
[2025-04-01 21:54:02,046] {scheduler_job.py:182} INFO - Started process (PID=104) to work on /opt/airflow/dags/tentando.py
[2025-04-01 21:54:02,047] {scheduler_job.py:629} INFO - Processing file /opt/airflow/dags/tentando.py for tasks to queue
[2025-04-01 21:54:02,049] {logging_mixin.py:104} INFO - [2025-04-01 21:54:02,049] {dagbag.py:451} INFO - Filling up the DagBag from /opt/airflow/dags/tentando.py
[2025-04-01 21:54:02,081] {scheduler_job.py:639} INFO - DAG(s) dict_keys(['simple_test_dag']) retrieved from /opt/airflow/dags/tentando.py
[2025-04-01 21:54:02,100] {logging_mixin.py:104} INFO - [2025-04-01 21:54:02,100] {dag.py:1824} INFO - Sync 1 DAGs
[2025-04-01 21:54:02,136] {logging_mixin.py:104} INFO - [2025-04-01 21:54:02,136] {dag.py:2280} INFO - Setting next_dagrun for simple_test_dag to 2024-01-01T00:00:00+00:00
[2025-04-01 21:54:02,159] {scheduler_job.py:190} INFO - Processing /opt/airflow/dags/tentando.py took 0.117 seconds
[2025-04-01 21:54:32,303] {scheduler_job.py:182} INFO - Started process (PID=107) to work on /opt/airflow/dags/tentando.py
[2025-04-01 21:54:32,304] {scheduler_job.py:629} INFO - Processing file /opt/airflow/dags/tentando.py for tasks to queue
[2025-04-01 21:54:32,305] {logging_mixin.py:104} INFO - [2025-04-01 21:54:32,305] {dagbag.py:451} INFO - Filling up the DagBag from /opt/airflow/dags/tentando.py
[2025-04-01 21:54:32,337] {scheduler_job.py:639} INFO - DAG(s) dict_keys(['simple_test_dag']) retrieved from /opt/airflow/dags/tentando.py
[2025-04-01 21:54:32,355] {logging_mixin.py:104} INFO - [2025-04-01 21:54:32,355] {dag.py:1824} INFO - Sync 1 DAGs
[2025-04-01 21:54:32,370] {logging_mixin.py:104} INFO - [2025-04-01 21:54:32,370] {dag.py:2280} INFO - Setting next_dagrun for simple_test_dag to 2024-01-01T00:00:00+00:00
[2025-04-01 21:54:32,389] {scheduler_job.py:190} INFO - Processing /opt/airflow/dags/tentando.py took 0.090 seconds
[2025-04-01 21:55:02,523] {scheduler_job.py:182} INFO - Started process (PID=110) to work on /opt/airflow/dags/tentando.py
[2025-04-01 21:55:02,525] {scheduler_job.py:629} INFO - Processing file /opt/airflow/dags/tentando.py for tasks to queue
[2025-04-01 21:55:02,526] {logging_mixin.py:104} INFO - [2025-04-01 21:55:02,526] {dagbag.py:451} INFO - Filling up the DagBag from /opt/airflow/dags/tentando.py
[2025-04-01 21:55:02,527] {scheduler_job.py:641} WARNING - No viable dags retrieved from /opt/airflow/dags/tentando.py
[2025-04-01 21:55:02,528] {scheduler_job.py:190} INFO - Processing /opt/airflow/dags/tentando.py took 0.009 seconds
[2025-04-01 21:55:32,625] {scheduler_job.py:182} INFO - Started process (PID=113) to work on /opt/airflow/dags/tentando.py
[2025-04-01 21:55:32,627] {scheduler_job.py:629} INFO - Processing file /opt/airflow/dags/tentando.py for tasks to queue
[2025-04-01 21:55:32,628] {logging_mixin.py:104} INFO - [2025-04-01 21:55:32,628] {dagbag.py:451} INFO - Filling up the DagBag from /opt/airflow/dags/tentando.py
[2025-04-01 21:55:32,629] {scheduler_job.py:641} WARNING - No viable dags retrieved from /opt/airflow/dags/tentando.py
[2025-04-01 21:55:32,630] {scheduler_job.py:190} INFO - Processing /opt/airflow/dags/tentando.py took 0.007 seconds
[2025-04-01 21:56:02,763] {scheduler_job.py:182} INFO - Started process (PID=116) to work on /opt/airflow/dags/tentando.py
[2025-04-01 21:56:02,766] {scheduler_job.py:629} INFO - Processing file /opt/airflow/dags/tentando.py for tasks to queue
[2025-04-01 21:56:02,767] {logging_mixin.py:104} INFO - [2025-04-01 21:56:02,766] {dagbag.py:451} INFO - Filling up the DagBag from /opt/airflow/dags/tentando.py
[2025-04-01 21:56:02,768] {scheduler_job.py:641} WARNING - No viable dags retrieved from /opt/airflow/dags/tentando.py
[2025-04-01 21:56:02,769] {scheduler_job.py:190} INFO - Processing /opt/airflow/dags/tentando.py took 0.009 seconds
[2025-04-01 21:56:32,876] {scheduler_job.py:182} INFO - Started process (PID=119) to work on /opt/airflow/dags/tentando.py
[2025-04-01 21:56:32,878] {scheduler_job.py:629} INFO - Processing file /opt/airflow/dags/tentando.py for tasks to queue
[2025-04-01 21:56:32,878] {logging_mixin.py:104} INFO - [2025-04-01 21:56:32,878] {dagbag.py:451} INFO - Filling up the DagBag from /opt/airflow/dags/tentando.py
[2025-04-01 21:56:32,880] {scheduler_job.py:641} WARNING - No viable dags retrieved from /opt/airflow/dags/tentando.py
[2025-04-01 21:56:32,880] {scheduler_job.py:190} INFO - Processing /opt/airflow/dags/tentando.py took 0.006 seconds
[2025-04-01 21:57:03,014] {scheduler_job.py:182} INFO - Started process (PID=122) to work on /opt/airflow/dags/tentando.py
[2025-04-01 21:57:03,016] {scheduler_job.py:629} INFO - Processing file /opt/airflow/dags/tentando.py for tasks to queue
[2025-04-01 21:57:03,017] {logging_mixin.py:104} INFO - [2025-04-01 21:57:03,017] {dagbag.py:451} INFO - Filling up the DagBag from /opt/airflow/dags/tentando.py
[2025-04-01 21:57:03,019] {scheduler_job.py:641} WARNING - No viable dags retrieved from /opt/airflow/dags/tentando.py
[2025-04-01 21:57:03,019] {scheduler_job.py:190} INFO - Processing /opt/airflow/dags/tentando.py took 0.009 seconds
[2025-04-01 21:57:33,134] {scheduler_job.py:182} INFO - Started process (PID=125) to work on /opt/airflow/dags/tentando.py
[2025-04-01 21:57:33,136] {scheduler_job.py:629} INFO - Processing file /opt/airflow/dags/tentando.py for tasks to queue
[2025-04-01 21:57:33,137] {logging_mixin.py:104} INFO - [2025-04-01 21:57:33,137] {dagbag.py:451} INFO - Filling up the DagBag from /opt/airflow/dags/tentando.py
[2025-04-01 21:57:33,138] {scheduler_job.py:641} WARNING - No viable dags retrieved from /opt/airflow/dags/tentando.py
[2025-04-01 21:57:33,139] {scheduler_job.py:190} INFO - Processing /opt/airflow/dags/tentando.py took 0.007 seconds
